2019-06-22 20:44:48,676 main 
2019-06-22 20:44:48,677 main -------------------------------------------------------------------
2019-06-22 20:44:51,141 main [Bootstrapper] createLauncher
2019-06-22 20:44:51,149 main [Bootstrapper] validate files
2019-06-22 20:44:54,200 main [Bootstrapper] end validated files
2019-06-22 20:44:54,201 main [Bootstrapper] Starting launcher...
2019-06-22 20:44:54,849 Thread-2 > [TLAUNCHER][STATIC] initialize inner config
2019-06-22 20:44:55,045 Thread-2 > [Loading] INITALIZING
2019-06-22 20:45:07,958 Thread-2 > Starting TLauncher 2.53
2019-06-22 20:45:07,959 Thread-2 > For more information, visit https://tlauncher.org/
2019-06-22 20:45:07,959 Thread-2 > Startup time: 22.06.2019 20:45:07
2019-06-22 20:45:07,959 Thread-2 > ---
2019-06-22 20:45:08,884 Thread-2 > [Loading] LOADING_CONFIGURATION
2019-06-22 20:45:08,885 Thread-2 > Loading configuration from file: K:\Users\ferdavs98\AppData\Roaming\.tlauncher\tlauncher-2.0.properties
2019-06-22 20:45:09,108 Thread-2 > [Configuration] Constant values: {}
2019-06-22 20:45:09,170 Thread-2 > Machine info: Windows 7 6.1, Java 1.8.0_202 ,jvm bit=x64, 8183 MB RAM 
2019-06-22 20:45:09,171 Thread-2 > Selected locale: ru_RU
2019-06-22 20:45:09,280 Thread-2 > [Loading] LOADING_CONSOLE
2019-06-22 20:45:33,784 Thread-2 > [Swing] Favicons loaded: 256px, 128px, 96px, 64px, 48px, 32px, 24px, 16px
2019-06-22 20:45:36,861 Thread-2 > 
2019-06-22 20:45:37,609 Thread-2 > [Downloader2] Loaded configuration: good
2019-06-22 20:45:39,039 Thread-2 > [Updater] Requesting an update...
2019-06-22 20:45:39,783 Thread-2 > [Updater] Requesting from: http://repo.tlauncher.org/update/lch/update_2.0.json
2019-06-22 20:45:39,783 Thread-2 > [Updater] Making request: http://repo.tlauncher.org/update/lch/update_2.0.json?version=2.53&client=a8ca1c77-d31a-4742-8bc1-f0e6d1165771
2019-06-22 20:45:44,134 Thread-2 > [Updater] Request time: 4352 ms
2019-06-22 20:45:44,135 Thread-2 > [Updater] Successfully requested from: http://repo.tlauncher.org/update/lch/update_2.0.json
2019-06-22 20:46:33,195 Thread-2 > [Browser] Loading resources...
2019-06-22 20:46:33,346 Thread-2 > [Browser] Loading background...
2019-06-22 20:46:33,393 Thread-2 > [Browser] Cleaning up after loading:
2019-06-22 20:46:33,393 Thread-2 > Starting garbage collector: 38 / 128 MB
2019-06-22 20:46:33,461 Thread-2 > Garbage collector completed: 18 / 129 MB
2019-06-22 20:46:33,464 Thread-2 > [Loading] LOADING_MANAGERS
2019-06-22 20:46:33,471 Thread-2 > [LocalVersionList] Base directory: K:\Users\ferdavs98\AppData\Roaming\.minecraft
2019-06-22 20:46:33,523 Thread-2 > [ProfileManager] Refreshing profiles from: K:\Users\ferdavs98\AppData\Roaming\.minecraft\TlauncherProfiles.json
2019-06-22 20:46:33,527 Thread-2 > [AdvertisingStatusObserver]  started to get ad information
2019-06-22 20:46:33,528 Thread-2 > [AdvertisingStatusObserver]  finished to get add information
2019-06-22 20:46:33,528 Thread-2 > [GsonUtil]  request to http://repo.tlauncher.org/update/downloads/libraries/org/tlauncher/authlib/libraries-1.2.json
2019-06-22 20:46:33,608 Thread-2 > [REPO][SERVERLIST_REPO] Selecting relevant path...
2019-06-22 20:46:33,609 Thread-2 > [Loading] LOADING_WINDOW
2019-06-22 20:46:34,125 Thread-2 > [REPO][SERVERLIST_REPO] Success: Reached the repo in 233 ms.
2019-06-22 20:46:34,188 Thread-2 > [Loading] PREPARING_MAINPANE
2019-06-22 20:46:50,566 Thread-2 > [JFXStartPageLoader]  start load page: http://page.tlauncher.org/update/downloads/configs/client/index.html
2019-06-22 20:46:50,797 Thread-2 > [Browser] Running in JavaFX Thread
2019-06-22 20:46:50,798 Thread-2 > [Browser] Preparing JavaFX...
2019-06-22 20:46:52,649 Thread-2 > [Browser] Initializing...
2019-06-22 20:47:02,720 Thread-2 > [JFXStartPageLoader]  succeeded load page: http://page.tlauncher.org/update/downloads/configs/client/index.html during 12
2019-06-22 20:47:02,721 Thread-2 > [Browser@384721308] Loaded successfully: "http://page.tlauncher.org/update/downloads/configs/client/index.html"
2019-06-22 20:47:03,826 Thread-2 > [Browser] add listens into server_choose
2019-06-22 20:47:06,003 Thread-2 > [VersionManager] Refreshing versions remotely...
2019-06-22 20:47:06,004 Thread-2 > [Downloader2] Loaded configuration: good
2019-06-22 20:47:06,397 Thread-2 > [REPO][OFFICIAL_VERSION_REPO] Selecting relevant path...
2019-06-22 20:47:06,397 Thread-2 > [REPO][EXTRA_VERSION_REPO] Selecting relevant path...
2019-06-22 20:47:06,397 Thread-2 > [REPO][OFFICIAL_VERSION_REPO] Attempt #1; timeout: 10000 ms; url: https://launchermeta.mojang.com/mc/game/
2019-06-22 20:47:06,398 Thread-2 > [REPO][SKIN_VERSION_REPO] Selecting relevant path...
2019-06-22 20:47:06,398 Thread-2 > [REPO][SKIN_VERSION_REPO] Attempt #1; timeout: 10000 ms; url: http://repo.tlauncher.org/update/downloads/versions/new3/skin/versions/
2019-06-22 20:47:06,398 Thread-2 > [REPO][EXTRA_VERSION_REPO] Attempt #1; timeout: 10000 ms; url: http://repo.tlauncher.org/update/downloads/versions/new3/
2019-06-22 20:47:07,078 Thread-2 > [REPO][SKIN_VERSION_REPO] Success: Reached the repo in 680 ms.
2019-06-22 20:47:07,166 Thread-2 > [SkinVersionList] Got in 769 ms
2019-06-22 20:47:07,171 Thread-2 > [REPO][EXTRA_VERSION_REPO] Success: Reached the repo in 773 ms.
2019-06-22 20:47:07,211 Thread-2 > [ExtraVersionList] Got in 814 ms
2019-06-22 20:47:13,057 Thread-2 > [Loading] POSTINIT_GUI
2019-06-22 20:47:13,057 Thread-2 > [Frame] Packing main frame...
2019-06-22 20:47:14,013 Thread-2 > [Frame] Resizing main pane...
2019-06-22 20:47:14,084 Thread-2 > Updater is already closed. Showing up...
2019-06-22 20:47:14,085 Thread-2 > Visibility set.
2019-06-22 20:47:14,085 Thread-2 > [Loading] REFRESHING_INFO
2019-06-22 20:47:14,086 Thread-2 > [VersionManager] Refreshing versions remotely...
2019-06-22 20:47:14,087 Thread-2 > [GsonUtil]  request to http://repo.tlauncher.org/update/downloads/versions/new3/
2019-06-22 20:47:14,103 Thread-2 > [REPO][OFFICIAL_VERSION_REPO] Selecting relevant path...
2019-06-22 20:47:14,103 Thread-2 > [REPO][OFFICIAL_VERSION_REPO] Attempt #1; timeout: 10000 ms; url: https://launchermeta.mojang.com/mc/game/
2019-06-22 20:47:14,109 Thread-2 > Started! (125224 ms.)
2019-06-22 20:47:14,109 Thread-2 > [Loading] SUCCESS
2019-06-22 20:47:14,109 Thread-2 [Bootstrapper] I can be terminated now.
