2020-04-06 01:37:49,443 main 
2020-04-06 01:37:49,444 main -------------------------------------------------------------------
2020-04-06 01:37:50,279 main run double running protectin
2020-04-06 01:37:50,284 main [Downloader2] Loaded configuration: normal
2020-04-06 01:37:50,640 main [Bootstrapper] createLauncher
2020-04-06 01:37:50,640 main path C:\Program Files\Java\jre1.8.0_241
2020-04-06 01:37:50,640 main [Bootstrapper] choose jvm:C:\Program Files\Java\jre1.8.0_241\bin\javaw.exe
2020-04-06 01:37:50,641 main [Bootstrapper] validate files
2020-04-06 01:37:50,641 main [Bootstrapper] end validated files
2020-04-06 01:37:50,642 main [Bootstrapper] Starting launcher...
2020-04-06 01:37:50,781 Thread-2 > [TLAUNCHER][STATIC] initialize inner config
2020-04-06 01:37:50,826 Thread-2 > [Loading] INITIALIZING
2020-04-06 01:37:52,630 Thread-2 > Starting TLauncher 2.69 RELEASE
2020-04-06 01:37:52,630 Thread-2 > For more information, visit https://tlauncher.org/
2020-04-06 01:37:52,631 Thread-2 > Startup time: Apr 6, 2020 1:37:52 AM
2020-04-06 01:37:52,631 Thread-2 > ---
2020-04-06 01:37:52,632 Thread-2 > run double running protectin
2020-04-06 01:37:52,819 Thread-2 > [Loading] LOADING_CONFIGURATION
2020-04-06 01:37:52,820 Thread-2 > Loading configuration from file: C:\Users\iljaf\AppData\Roaming\.tlauncher\tlauncher-2.0.properties
2020-04-06 01:37:52,861 Thread-2 > [Configuration] Constant values: {}
2020-04-06 01:37:52,884 Thread-2 > Machine info: -------------------------------------------------------
2020-04-06 01:37:52,884 Thread-2 > Windows 10 10.0, Java 1.8.0_241, jvm bit x64, 16326 MB RAM
2020-04-06 01:37:52,884 Thread-2 > java path=C:\Program Files\Java\jre1.8.0_241\bin\javaw.exe
2020-04-06 01:37:52,885 Thread-2 > Intel(R) Core(TM) i7-4790K CPU @ 4.00GHz
2020-04-06 01:37:52,885 Thread-2 >  NVIDIA GeForce GTX 970, GeForce GTX 970, 12206 MB, NVIDIA GeForce GTX 970, GeForce GTX 970, 12206 MB
2020-04-06 01:37:52,885 Thread-2 > -------------------------------------------------------
2020-04-06 01:37:52,885 Thread-2 > Selected locale: en_US
2020-04-06 01:37:52,951 Thread-2 > [Loading] LOADING_CONSOLE
2020-04-06 01:37:53,148 Thread-2 > [Swing] Favicons loaded: 256px, 128px, 96px, 64px, 48px, 32px, 24px, 16px
2020-04-06 01:37:53,360 Thread-2 > 
2020-04-06 01:37:53,388 Thread-2 > [Downloader2] Loaded configuration: good
2020-04-06 01:37:53,510 Thread-2 > [Updater] Requesting an update...
2020-04-06 01:37:53,512 Thread-2 > [Updater] Requesting from: http://repo.tlauncher.org/update/lch/update_2.0.json
2020-04-06 01:37:53,512 Thread-2 > [Updater] Making request: http://repo.tlauncher.org/update/lch/update_2.0.json?version=2.69&client=3b8af410-94a3-45ec-941a-9969f21c5800
2020-04-06 01:37:53,659 Thread-2 > [Updater] Request time: 148 ms
2020-04-06 01:37:53,660 Thread-2 > [Updater] Successfully requested from: http://repo.tlauncher.org/update/lch/update_2.0.json
2020-04-06 01:37:53,731 Thread-2 > [Browser] Loading resources...
2020-04-06 01:37:53,837 Thread-2 > [Browser] Loading background...
2020-04-06 01:37:53,896 Thread-2 > [Browser] Cleaning up after loading:
2020-04-06 01:37:53,897 Thread-2 > Starting garbage collector: 67 / 193 MB
2020-04-06 01:37:53,946 Thread-2 > Garbage collector completed: 13 / 193 MB
2020-04-06 01:37:53,948 Thread-2 > [Loading] LOADING_MANAGERS
2020-04-06 01:37:53,957 Thread-2 > [LocalVersionList] Base directory: C:\Users\iljaf\AppData\Roaming\.minecraft
2020-04-06 01:37:53,982 Thread-2 > [ProfileManager] Refreshing profiles from: C:\Users\iljaf\AppData\Roaming\.minecraft\TlauncherProfiles.json
2020-04-06 01:37:53,986 Thread-2 > [AdvertisingStatusObserver]  started to get ad information
2020-04-06 01:37:53,986 Thread-2 > [AdvertisingStatusObserver]  finished to get add information
2020-04-06 01:37:53,987 Thread-2 > [GsonUtil]  request to http://repo.tlauncher.org/update/downloads/libraries/org/tlauncher/authlib/libraries-1.6.json
2020-04-06 01:37:53,992 Thread-2 > [Loading] LOADING_WINDOW
2020-04-06 01:37:54,025 Thread-2 > [Loading] PREPARING_MAINPANE
2020-04-06 01:37:54,256 Thread-2 > [REPO][SERVER_LIST_REPO] Success: Reached the repo in 263 ms.
2020-04-06 01:37:54,307 Thread-2 > [JFXStartPageLoader]  start load page: http://page.tlauncher.org/update/downloads/configs/client/eng.html
2020-04-06 01:37:54,312 Thread-2 > [Browser] Running in JavaFX Thread
2020-04-06 01:37:54,312 Thread-2 > [Browser] Preparing JavaFX...
2020-04-06 01:37:54,390 Thread-2 > [Browser] Initializing...
2020-04-06 01:37:54,612 Thread-2 > [Downloader2] Loaded configuration: good
2020-04-06 01:37:55,697 Thread-2 > [JFXStartPageLoader]  succeeded load page: http://page.tlauncher.org/update/downloads/configs/client/eng.html during 1
2020-04-06 01:37:55,697 Thread-2 > [Browser@582388100] Loaded successfully: "http://page.tlauncher.org/update/downloads/configs/client/eng.html"
2020-04-06 01:37:55,774 Thread-2 > [Browser] add listens into server_choose
2020-04-06 01:37:55,774 Thread-2 > [Browser] finished listens into server_choose
2020-04-06 01:37:55,834 Thread-2 > [Loading] POSTINIT_GUI
2020-04-06 01:37:55,834 Thread-2 > [Frame] Packing main frame...
2020-04-06 01:37:55,889 Thread-2 > [Frame] Resizing main pane...
2020-04-06 01:37:55,890 Thread-2 > Updater is already closed. Showing up...
2020-04-06 01:37:55,890 Thread-2 > Visibility set.
2020-04-06 01:37:55,891 Thread-2 > [Loading] REFRESHING_INFO
2020-04-06 01:37:55,893 Thread-2 > [VersionManager] Refreshing versions remotely...
2020-04-06 01:37:55,894 Thread-2 > [REPO][EXTRA_VERSION_REPO] Attempt #1; timeout: 45000 ms; url: http://repo.tlauncher.org/update/downloads/versions/new3/
2020-04-06 01:37:55,895 Thread-2 > Started! (3075 ms.)
2020-04-06 01:37:55,895 Thread-2 > [Loading] SUCCESS
2020-04-06 01:37:55,895 Thread-2 [Bootstrapper] I can be terminated now: 0
2020-04-10 00:28:12,453 main 
2020-04-10 00:28:12,454 main -------------------------------------------------------------------
2020-04-10 00:28:13,308 main run double running protectin
2020-04-10 00:28:13,310 main [Downloader2] Loaded configuration: normal
2020-04-10 00:28:13,638 main [Bootstrapper] createLauncher
2020-04-10 00:28:13,639 main path C:\Program Files\Java\jre1.8.0_241
2020-04-10 00:28:13,639 main [Bootstrapper] choose jvm:C:\Program Files\Java\jre1.8.0_241\bin\javaw.exe
2020-04-10 00:28:13,639 main [Bootstrapper] validate files
2020-04-10 00:28:13,640 main [Bootstrapper] end validated files
2020-04-10 00:28:13,640 main [Bootstrapper] Starting launcher...
2020-04-10 00:28:13,776 Thread-2 > [TLAUNCHER][STATIC] initialize inner config
2020-04-10 00:28:13,808 Thread-2 > [Loading] INITIALIZING
2020-04-10 00:28:15,568 Thread-2 > Starting TLauncher 2.69 RELEASE
2020-04-10 00:28:15,568 Thread-2 > For more information, visit https://tlauncher.org/
2020-04-10 00:28:15,568 Thread-2 > Startup time: Apr 10, 2020 12:28:15 AM
2020-04-10 00:28:15,568 Thread-2 > ---
2020-04-10 00:28:15,570 Thread-2 > run double running protectin
2020-04-10 00:28:15,771 Thread-2 > [Loading] LOADING_CONFIGURATION
2020-04-10 00:28:15,772 Thread-2 > Loading configuration from file: C:\Users\iljaf\AppData\Roaming\.tlauncher\tlauncher-2.0.properties
2020-04-10 00:28:15,813 Thread-2 > [Configuration] Constant values: {}
2020-04-10 00:28:15,833 Thread-2 > Machine info: -------------------------------------------------------
2020-04-10 00:28:15,834 Thread-2 > Windows 10 10.0, Java 1.8.0_241, jvm bit x64, 16326 MB RAM
2020-04-10 00:28:15,834 Thread-2 > java path=C:\Program Files\Java\jre1.8.0_241\bin\javaw.exe
2020-04-10 00:28:15,834 Thread-2 > Intel(R) Core(TM) i7-4790K CPU @ 4.00GHz
2020-04-10 00:28:15,834 Thread-2 >  NVIDIA GeForce GTX 970, GeForce GTX 970, 12206 MB, NVIDIA GeForce GTX 970, GeForce GTX 970, 12206 MB
2020-04-10 00:28:15,834 Thread-2 > -------------------------------------------------------
2020-04-10 00:28:15,834 Thread-2 > Selected locale: en_US
2020-04-10 00:28:15,899 Thread-2 > [Loading] LOADING_CONSOLE
2020-04-10 00:28:16,182 Thread-2 > [Swing] Favicons loaded: 256px, 128px, 96px, 64px, 48px, 32px, 24px, 16px
2020-04-10 00:28:16,394 Thread-2 > 
2020-04-10 00:28:16,417 Thread-2 > [Downloader2] Loaded configuration: good
2020-04-10 00:28:16,537 Thread-2 > [Updater] Requesting an update...
2020-04-10 00:28:16,538 Thread-2 > [Updater] Requesting from: http://repo.tlauncher.org/update/lch/update_2.0.json
2020-04-10 00:28:16,539 Thread-2 > [Updater] Making request: http://repo.tlauncher.org/update/lch/update_2.0.json?version=2.69&client=3b8af410-94a3-45ec-941a-9969f21c5800
2020-04-10 00:28:16,720 Thread-2 > [Browser] Loading resources...
2020-04-10 00:28:16,851 Thread-2 > [Browser] Loading background...
2020-04-10 00:28:16,932 Thread-2 > [Browser] Cleaning up after loading:
2020-04-10 00:28:16,933 Thread-2 > Starting garbage collector: 68 / 196 MB
2020-04-10 00:28:16,997 Thread-2 > Garbage collector completed: 14 / 196 MB
2020-04-10 00:28:16,999 Thread-2 > [Loading] LOADING_MANAGERS
2020-04-10 00:28:17,008 Thread-2 > [LocalVersionList] Base directory: C:\Users\iljaf\AppData\Roaming\.minecraft
2020-04-10 00:28:17,021 Thread-2 > [ProfileManager] Refreshing profiles from: C:\Users\iljaf\AppData\Roaming\.minecraft\TlauncherProfiles.json
2020-04-10 00:28:17,047 Thread-2 > [AdvertisingStatusObserver]  started to get ad information
2020-04-10 00:28:17,048 Thread-2 > [AdvertisingStatusObserver]  finished to get add information
2020-04-10 00:28:17,049 Thread-2 > [GsonUtil]  request to http://repo.tlauncher.org/update/downloads/libraries/org/tlauncher/authlib/libraries-1.6.json
2020-04-10 00:28:17,054 Thread-2 > [Loading] LOADING_WINDOW
2020-04-10 00:28:17,089 Thread-2 > [Loading] PREPARING_MAINPANE
2020-04-10 00:28:17,118 Thread-2 > [JFXStartPageLoader]  start load page: http://page.tlauncher.org/update/downloads/configs/client/eng.html
2020-04-10 00:28:17,123 Thread-2 > [Browser] Running in JavaFX Thread
2020-04-10 00:28:17,123 Thread-2 > [Browser] Preparing JavaFX...
2020-04-10 00:28:17,202 Thread-2 > [Browser] Initializing...
2020-04-10 00:28:17,527 Thread-2 > [Downloader2] Loaded configuration: good
2020-04-10 00:28:18,197 Thread-2 > [Updater] Request time: 1658 ms
2020-04-10 00:28:18,197 Thread-2 > [Updater] Successfully requested from: http://repo.tlauncher.org/update/lch/update_2.0.json
2020-04-10 00:28:18,681 Thread-2 > [REPO][SERVER_LIST_REPO] Success: Reached the repo in 1625 ms.
2020-04-10 00:28:18,711 Thread-2 > [Loading] POSTINIT_GUI
2020-04-10 00:28:18,711 Thread-2 > [Frame] Packing main frame...
2020-04-10 00:28:18,753 Thread-2 > [Frame] Resizing main pane...
2020-04-10 00:28:18,753 Thread-2 > Updater is already closed. Showing up...
2020-04-10 00:28:18,754 Thread-2 > Visibility set.
2020-04-10 00:28:18,755 Thread-2 > [Loading] REFRESHING_INFO
2020-04-10 00:28:18,758 Thread-2 > [VersionManager] Refreshing versions remotely...
2020-04-10 00:28:18,758 Thread-2 > [REPO][EXTRA_VERSION_REPO] Attempt #1; timeout: 45000 ms; url: http://repo.tlauncher.org/update/downloads/versions/new3/
2020-04-10 00:28:18,759 Thread-2 > Started! (2987 ms.)
2020-04-10 00:28:18,759 Thread-2 > [Loading] SUCCESS
2020-04-10 00:28:18,759 Thread-2 [Bootstrapper] I can be terminated now: 0
