2020-04-07 03:12:08,272 main 
2020-04-07 03:12:08,273 main -------------------------------------------------------------------
2020-04-07 03:12:09,059 main run double running protectin
2020-04-07 03:12:09,061 main [Downloader2] Loaded configuration: normal
2020-04-07 03:12:09,377 main [Bootstrapper] createLauncher
2020-04-07 03:12:09,377 main path C:\Program Files\Java\jre1.8.0_241
2020-04-07 03:12:09,377 main [Bootstrapper] choose jvm:C:\Program Files\Java\jre1.8.0_241\bin\javaw.exe
2020-04-07 03:12:09,378 main [Bootstrapper] validate files
2020-04-07 03:12:09,378 main [Bootstrapper] end validated files
2020-04-07 03:12:09,378 main [Bootstrapper] Starting launcher...
2020-04-07 03:12:09,505 Thread-2 > [TLAUNCHER][STATIC] initialize inner config
2020-04-07 03:12:09,537 Thread-2 > [Loading] INITIALIZING
2020-04-07 03:12:11,178 Thread-2 > Starting TLauncher 2.69 RELEASE
2020-04-07 03:12:11,179 Thread-2 > For more information, visit https://tlauncher.org/
2020-04-07 03:12:11,179 Thread-2 > Startup time: Apr 7, 2020 3:12:11 AM
2020-04-07 03:12:11,179 Thread-2 > ---
2020-04-07 03:12:11,181 Thread-2 > run double running protectin
2020-04-07 03:12:11,403 Thread-2 > [Loading] LOADING_CONFIGURATION
2020-04-07 03:12:11,404 Thread-2 > Loading configuration from file: C:\Users\iljaf\AppData\Roaming\.tlauncher\tlauncher-2.0.properties
2020-04-07 03:12:11,438 Thread-2 > [Configuration] Constant values: {}
2020-04-07 03:12:11,454 Thread-2 > Machine info: -------------------------------------------------------
2020-04-07 03:12:11,454 Thread-2 > Windows 10 10.0, Java 1.8.0_241, jvm bit x64, 16326 MB RAM
2020-04-07 03:12:11,454 Thread-2 > java path=C:\Program Files\Java\jre1.8.0_241\bin\javaw.exe
2020-04-07 03:12:11,454 Thread-2 > Intel(R) Core(TM) i7-4790K CPU @ 4.00GHz
2020-04-07 03:12:11,455 Thread-2 >  NVIDIA GeForce GTX 970, GeForce GTX 970, 12206 MB, NVIDIA GeForce GTX 970, GeForce GTX 970, 12206 MB
2020-04-07 03:12:11,455 Thread-2 > -------------------------------------------------------
2020-04-07 03:12:11,455 Thread-2 > Selected locale: en_US
2020-04-07 03:12:11,489 Thread-2 > [Loading] LOADING_CONSOLE
2020-04-07 03:12:11,678 Thread-2 > [Swing] Favicons loaded: 256px, 128px, 96px, 64px, 48px, 32px, 24px, 16px
2020-04-07 03:12:11,886 Thread-2 > 
2020-04-07 03:12:11,908 Thread-2 > [Downloader2] Loaded configuration: good
2020-04-07 03:12:12,025 Thread-2 > [Updater] Requesting an update...
2020-04-07 03:12:12,026 Thread-2 > [Updater] Requesting from: http://repo.tlauncher.org/update/lch/update_2.0.json
2020-04-07 03:12:12,027 Thread-2 > [Updater] Making request: http://repo.tlauncher.org/update/lch/update_2.0.json?version=2.69&client=3b8af410-94a3-45ec-941a-9969f21c5800
2020-04-07 03:12:12,156 Thread-2 > [Browser] Loading resources...
2020-04-07 03:12:12,218 Thread-2 > [Updater] Request time: 192 ms
2020-04-07 03:12:12,218 Thread-2 > [Updater] Successfully requested from: http://repo.tlauncher.org/update/lch/update_2.0.json
2020-04-07 03:12:12,260 Thread-2 > [Browser] Loading background...
2020-04-07 03:12:12,313 Thread-2 > [Browser] Cleaning up after loading:
2020-04-07 03:12:12,313 Thread-2 > Starting garbage collector: 71 / 195 MB
2020-04-07 03:12:12,359 Thread-2 > Garbage collector completed: 14 / 195 MB
2020-04-07 03:12:12,361 Thread-2 > [Loading] LOADING_MANAGERS
2020-04-07 03:12:12,367 Thread-2 > [LocalVersionList] Base directory: C:\Users\iljaf\AppData\Roaming\.minecraft
2020-04-07 03:12:12,377 Thread-2 > [ProfileManager] Refreshing profiles from: C:\Users\iljaf\AppData\Roaming\.minecraft\TlauncherProfiles.json
2020-04-07 03:12:12,380 Thread-2 > [AdvertisingStatusObserver]  started to get ad information
2020-04-07 03:12:12,381 Thread-2 > [AdvertisingStatusObserver]  finished to get add information
2020-04-07 03:12:12,381 Thread-2 > [GsonUtil]  request to http://repo.tlauncher.org/update/downloads/libraries/org/tlauncher/authlib/libraries-1.6.json
2020-04-07 03:12:12,384 Thread-2 > [Loading] LOADING_WINDOW
2020-04-07 03:12:12,403 Thread-2 > [JFXStartPageLoader]  start load page: http://page.tlauncher.org/update/downloads/configs/client/eng.html
2020-04-07 03:12:12,409 Thread-2 > [Loading] PREPARING_MAINPANE
2020-04-07 03:12:12,417 Thread-2 > [Browser] Running in JavaFX Thread
2020-04-07 03:12:12,417 Thread-2 > [Browser] Preparing JavaFX...
2020-04-07 03:12:12,468 Thread-2 > [Browser] Initializing...
2020-04-07 03:12:12,571 Thread-2 > [REPO][SERVER_LIST_REPO] Success: Reached the repo in 187 ms.
2020-04-07 03:12:12,973 Thread-2 > [Downloader2] Loaded configuration: good
2020-04-07 03:12:13,665 Thread-2 > [JFXStartPageLoader]  succeeded load page: http://page.tlauncher.org/update/downloads/configs/client/eng.html during 1
2020-04-07 03:12:13,666 Thread-2 > [Browser@2146609035] Loaded successfully: "http://page.tlauncher.org/update/downloads/configs/client/eng.html"
2020-04-07 03:12:13,727 Thread-2 > [Browser] add listens into server_choose
2020-04-07 03:12:13,727 Thread-2 > [Browser] finished listens into server_choose
2020-04-07 03:12:14,113 Thread-2 > [Loading] POSTINIT_GUI
2020-04-07 03:12:14,113 Thread-2 > [Frame] Packing main frame...
2020-04-07 03:12:14,151 Thread-2 > [Frame] Resizing main pane...
2020-04-07 03:12:14,152 Thread-2 > Updater is already closed. Showing up...
2020-04-07 03:12:14,152 Thread-2 > Visibility set.
2020-04-07 03:12:14,153 Thread-2 > [Loading] REFRESHING_INFO
2020-04-07 03:12:14,155 Thread-2 > [VersionManager] Refreshing versions remotely...
2020-04-07 03:12:14,155 Thread-2 > [REPO][EXTRA_VERSION_REPO] Attempt #1; timeout: 45000 ms; url: http://repo.tlauncher.org/update/downloads/versions/new3/
2020-04-07 03:12:14,155 Thread-2 > Started! (2752 ms.)
2020-04-07 03:12:14,156 Thread-2 > [Loading] SUCCESS
2020-04-07 03:12:14,156 Thread-2 [Bootstrapper] I can be terminated now: 0
