2020-04-06 01:46:55,069 main 
2020-04-06 01:46:55,070 main -------------------------------------------------------------------
2020-04-06 01:46:55,783 main run double running protectin
2020-04-06 01:46:55,786 main [Downloader2] Loaded configuration: normal
2020-04-06 01:46:56,111 main [Bootstrapper] createLauncher
2020-04-06 01:46:56,111 main path C:\Program Files\Java\jre1.8.0_241
2020-04-06 01:46:56,111 main [Bootstrapper] choose jvm:C:\Program Files\Java\jre1.8.0_241\bin\javaw.exe
2020-04-06 01:46:56,112 main [Bootstrapper] validate files
2020-04-06 01:46:56,112 main [Bootstrapper] end validated files
2020-04-06 01:46:56,112 main [Bootstrapper] Starting launcher...
2020-04-06 01:46:56,247 Thread-2 > [TLAUNCHER][STATIC] initialize inner config
2020-04-06 01:46:56,283 Thread-2 > [Loading] INITIALIZING
2020-04-06 01:46:57,870 Thread-2 > Starting TLauncher 2.69 RELEASE
2020-04-06 01:46:57,870 Thread-2 > For more information, visit https://tlauncher.org/
2020-04-06 01:46:57,870 Thread-2 > Startup time: Apr 6, 2020 1:46:57 AM
2020-04-06 01:46:57,871 Thread-2 > ---
2020-04-06 01:46:57,872 Thread-2 > run double running protectin
2020-04-06 01:46:58,086 Thread-2 > [Loading] LOADING_CONFIGURATION
2020-04-06 01:46:58,086 Thread-2 > Loading configuration from file: C:\Users\iljaf\AppData\Roaming\.tlauncher\tlauncher-2.0.properties
2020-04-06 01:46:58,117 Thread-2 > [Configuration] Constant values: {}
2020-04-06 01:46:58,133 Thread-2 > Machine info: -------------------------------------------------------
2020-04-06 01:46:58,133 Thread-2 > Windows 10 10.0, Java 1.8.0_241, jvm bit x64, 16326 MB RAM
2020-04-06 01:46:58,133 Thread-2 > java path=C:\Program Files\Java\jre1.8.0_241\bin\javaw.exe
2020-04-06 01:46:58,133 Thread-2 > Intel(R) Core(TM) i7-4790K CPU @ 4.00GHz
2020-04-06 01:46:58,134 Thread-2 >  NVIDIA GeForce GTX 970, GeForce GTX 970, 12206 MB, NVIDIA GeForce GTX 970, GeForce GTX 970, 12206 MB
2020-04-06 01:46:58,134 Thread-2 > -------------------------------------------------------
2020-04-06 01:46:58,134 Thread-2 > Selected locale: en_US
2020-04-06 01:46:58,177 Thread-2 > [Loading] LOADING_CONSOLE
2020-04-06 01:46:58,333 Thread-2 > [Swing] Favicons loaded: 256px, 128px, 96px, 64px, 48px, 32px, 24px, 16px
2020-04-06 01:46:58,540 Thread-2 > 
2020-04-06 01:46:58,561 Thread-2 > [Downloader2] Loaded configuration: good
2020-04-06 01:46:58,679 Thread-2 > [Updater] Requesting an update...
2020-04-06 01:46:58,680 Thread-2 > [Updater] Requesting from: http://repo.tlauncher.org/update/lch/update_2.0.json
2020-04-06 01:46:58,680 Thread-2 > [Updater] Making request: http://repo.tlauncher.org/update/lch/update_2.0.json?version=2.69&client=3b8af410-94a3-45ec-941a-9969f21c5800
2020-04-06 01:46:58,810 Thread-2 > [Browser] Loading resources...
2020-04-06 01:46:58,828 Thread-2 > [Updater] Request time: 149 ms
2020-04-06 01:46:58,829 Thread-2 > [Updater] Successfully requested from: http://repo.tlauncher.org/update/lch/update_2.0.json
2020-04-06 01:46:58,906 Thread-2 > [Browser] Loading background...
2020-04-06 01:46:58,961 Thread-2 > [Browser] Cleaning up after loading:
2020-04-06 01:46:58,962 Thread-2 > Starting garbage collector: 71 / 194 MB
2020-04-06 01:46:59,009 Thread-2 > Garbage collector completed: 14 / 194 MB
2020-04-06 01:46:59,011 Thread-2 > [Loading] LOADING_MANAGERS
2020-04-06 01:46:59,018 Thread-2 > [LocalVersionList] Base directory: C:\Users\iljaf\AppData\Roaming\.minecraft
2020-04-06 01:46:59,032 Thread-2 > [ProfileManager] Refreshing profiles from: C:\Users\iljaf\AppData\Roaming\.minecraft\TlauncherProfiles.json
2020-04-06 01:46:59,035 Thread-2 > [AdvertisingStatusObserver]  started to get ad information
2020-04-06 01:46:59,036 Thread-2 > [AdvertisingStatusObserver]  finished to get add information
2020-04-06 01:46:59,036 Thread-2 > [GsonUtil]  request to http://repo.tlauncher.org/update/downloads/libraries/org/tlauncher/authlib/libraries-1.6.json
2020-04-06 01:46:59,041 Thread-2 > [Loading] LOADING_WINDOW
2020-04-06 01:46:59,071 Thread-2 > [Loading] PREPARING_MAINPANE
2020-04-06 01:46:59,073 Thread-2 > [JFXStartPageLoader]  start load page: http://page.tlauncher.org/update/downloads/configs/client/eng.html
2020-04-06 01:46:59,087 Thread-2 > [Browser] Running in JavaFX Thread
2020-04-06 01:46:59,087 Thread-2 > [Browser] Preparing JavaFX...
2020-04-06 01:46:59,150 Thread-2 > [Browser] Initializing...
2020-04-06 01:46:59,265 Thread-2 > [REPO][SERVER_LIST_REPO] Success: Reached the repo in 224 ms.
2020-04-06 01:46:59,574 Thread-2 > [Downloader2] Loaded configuration: good
2020-04-06 01:47:00,306 Thread-2 > [JFXStartPageLoader]  succeeded load page: http://page.tlauncher.org/update/downloads/configs/client/eng.html during 1
2020-04-06 01:47:00,306 Thread-2 > [Browser@1546011142] Loaded successfully: "http://page.tlauncher.org/update/downloads/configs/client/eng.html"
2020-04-06 01:47:00,377 Thread-2 > [Browser] add listens into server_choose
2020-04-06 01:47:00,378 Thread-2 > [Browser] finished listens into server_choose
2020-04-06 01:47:00,707 Thread-2 > [Loading] POSTINIT_GUI
2020-04-06 01:47:00,707 Thread-2 > [Frame] Packing main frame...
2020-04-06 01:47:00,747 Thread-2 > [Frame] Resizing main pane...
2020-04-06 01:47:00,748 Thread-2 > Updater is already closed. Showing up...
2020-04-06 01:47:00,748 Thread-2 > Visibility set.
2020-04-06 01:47:00,748 Thread-2 > [Loading] REFRESHING_INFO
2020-04-06 01:47:00,751 Thread-2 > [VersionManager] Refreshing versions remotely...
2020-04-06 01:47:00,752 Thread-2 > [REPO][EXTRA_VERSION_REPO] Attempt #1; timeout: 45000 ms; url: http://repo.tlauncher.org/update/downloads/versions/new3/
2020-04-06 01:47:00,761 Thread-2 > Started! (2666 ms.)
2020-04-06 01:47:00,761 Thread-2 > [Loading] SUCCESS
2020-04-06 01:47:00,762 Thread-2 [Bootstrapper] I can be terminated now: 0
2020-04-10 01:44:38,681 main 
2020-04-10 01:44:38,682 main -------------------------------------------------------------------
2020-04-10 01:44:39,678 main run double running protectin
2020-04-10 01:44:39,681 main [Downloader2] Loaded configuration: normal
2020-04-10 01:44:40,043 main [Bootstrapper] createLauncher
2020-04-10 01:44:40,043 main path C:\Program Files\Java\jre1.8.0_241
2020-04-10 01:44:40,043 main [Bootstrapper] choose jvm:C:\Program Files\Java\jre1.8.0_241\bin\javaw.exe
2020-04-10 01:44:40,044 main [Bootstrapper] validate files
2020-04-10 01:44:40,044 main [Bootstrapper] end validated files
2020-04-10 01:44:40,044 main [Bootstrapper] Starting launcher...
2020-04-10 01:44:40,198 Thread-2 > [TLAUNCHER][STATIC] initialize inner config
2020-04-10 01:44:40,241 Thread-2 > [Loading] INITIALIZING
2020-04-10 01:44:42,232 Thread-2 > Starting TLauncher 2.69 RELEASE
2020-04-10 01:44:42,232 Thread-2 > For more information, visit https://tlauncher.org/
2020-04-10 01:44:42,232 Thread-2 > Startup time: Apr 10, 2020 1:44:42 AM
2020-04-10 01:44:42,233 Thread-2 > ---
2020-04-10 01:44:42,234 Thread-2 > run double running protectin
2020-04-10 01:44:42,434 Thread-2 > [Loading] LOADING_CONFIGURATION
2020-04-10 01:44:42,436 Thread-2 > Loading configuration from file: C:\Users\iljaf\AppData\Roaming\.tlauncher\tlauncher-2.0.properties
2020-04-10 01:44:42,447 Thread-2 > [Configuration] Constant values: {}
2020-04-10 01:44:42,470 Thread-2 > Machine info: -------------------------------------------------------
2020-04-10 01:44:42,470 Thread-2 > Windows 10 10.0, Java 1.8.0_241, jvm bit x64, 16326 MB RAM
2020-04-10 01:44:42,470 Thread-2 > java path=C:\Program Files\Java\jre1.8.0_241\bin\javaw.exe
2020-04-10 01:44:42,471 Thread-2 > Intel(R) Core(TM) i7-4790K CPU @ 4.00GHz
2020-04-10 01:44:42,471 Thread-2 >  NVIDIA GeForce GTX 970, GeForce GTX 970, 12206 MB, NVIDIA GeForce GTX 970, GeForce GTX 970, 12206 MB
2020-04-10 01:44:42,471 Thread-2 > -------------------------------------------------------
2020-04-10 01:44:42,471 Thread-2 > Selected locale: en_US
2020-04-10 01:44:42,535 Thread-2 > [Loading] LOADING_CONSOLE
2020-04-10 01:44:42,839 Thread-2 > [Swing] Favicons loaded: 256px, 128px, 96px, 64px, 48px, 32px, 24px, 16px
2020-04-10 01:44:43,054 Thread-2 > 
2020-04-10 01:44:43,089 Thread-2 > [Downloader2] Loaded configuration: good
2020-04-10 01:44:43,212 Thread-2 > [Updater] Requesting an update...
2020-04-10 01:44:43,214 Thread-2 > [Updater] Requesting from: http://repo.tlauncher.org/update/lch/update_2.0.json
2020-04-10 01:44:43,215 Thread-2 > [Updater] Making request: http://repo.tlauncher.org/update/lch/update_2.0.json?version=2.69&client=3b8af410-94a3-45ec-941a-9969f21c5800
2020-04-10 01:44:43,374 Thread-2 > [Updater] Request time: 159 ms
2020-04-10 01:44:43,374 Thread-2 > [Updater] Successfully requested from: http://repo.tlauncher.org/update/lch/update_2.0.json
2020-04-10 01:44:43,414 Thread-2 > [Browser] Loading resources...
2020-04-10 01:44:43,560 Thread-2 > [Browser] Loading background...
2020-04-10 01:44:43,633 Thread-2 > [Browser] Cleaning up after loading:
2020-04-10 01:44:43,633 Thread-2 > Starting garbage collector: 68 / 195 MB
2020-04-10 01:44:43,689 Thread-2 > Garbage collector completed: 13 / 195 MB
2020-04-10 01:44:43,691 Thread-2 > [Loading] LOADING_MANAGERS
2020-04-10 01:44:43,698 Thread-2 > [LocalVersionList] Base directory: C:\Users\iljaf\AppData\Roaming\.minecraft
2020-04-10 01:44:43,709 Thread-2 > [ProfileManager] Refreshing profiles from: C:\Users\iljaf\AppData\Roaming\.minecraft\TlauncherProfiles.json
2020-04-10 01:44:43,715 Thread-2 > [AdvertisingStatusObserver]  started to get ad information
2020-04-10 01:44:43,715 Thread-2 > [AdvertisingStatusObserver]  finished to get add information
2020-04-10 01:44:43,718 Thread-2 > [GsonUtil]  request to http://repo.tlauncher.org/update/downloads/libraries/org/tlauncher/authlib/libraries-1.6.json
2020-04-10 01:44:43,722 Thread-2 > [Loading] LOADING_WINDOW
2020-04-10 01:44:43,760 Thread-2 > [Loading] PREPARING_MAINPANE
2020-04-10 01:44:43,799 Thread-2 > [JFXStartPageLoader]  start load page: http://page.tlauncher.org/update/downloads/configs/client/eng.html
2020-04-10 01:44:43,804 Thread-2 > [Browser] Running in JavaFX Thread
2020-04-10 01:44:43,804 Thread-2 > [Browser] Preparing JavaFX...
2020-04-10 01:44:43,906 Thread-2 > [Browser] Initializing...
2020-04-10 01:44:43,982 Thread-2 > [REPO][SERVER_LIST_REPO] Success: Reached the repo in 260 ms.
2020-04-10 01:44:44,259 Thread-2 > [Downloader2] Loaded configuration: good
2020-04-10 01:44:45,270 Thread-2 > [JFXStartPageLoader]  succeeded load page: http://page.tlauncher.org/update/downloads/configs/client/eng.html during 1
2020-04-10 01:44:45,270 Thread-2 > [Browser@1760219115] Loaded successfully: "http://page.tlauncher.org/update/downloads/configs/client/eng.html"
2020-04-10 01:44:45,350 Thread-2 > [Browser] add listens into server_choose
2020-04-10 01:44:45,350 Thread-2 > [Browser] finished listens into server_choose
2020-04-10 01:44:45,527 Thread-2 > [Loading] POSTINIT_GUI
2020-04-10 01:44:45,528 Thread-2 > [Frame] Packing main frame...
2020-04-10 01:44:45,581 Thread-2 > [Frame] Resizing main pane...
2020-04-10 01:44:45,582 Thread-2 > Updater is already closed. Showing up...
2020-04-10 01:44:45,582 Thread-2 > Visibility set.
2020-04-10 01:44:45,583 Thread-2 > [Loading] REFRESHING_INFO
2020-04-10 01:44:45,586 Thread-2 > [VersionManager] Refreshing versions remotely...
2020-04-10 01:44:45,586 Thread-2 > [REPO][EXTRA_VERSION_REPO] Attempt #1; timeout: 45000 ms; url: http://repo.tlauncher.org/update/downloads/versions/new3/
2020-04-10 01:44:45,587 Thread-2 > Started! (3153 ms.)
2020-04-10 01:44:45,587 Thread-2 > [Loading] SUCCESS
2020-04-10 01:44:45,587 Thread-2 [Bootstrapper] I can be terminated now: 0
