2020-04-06 01:31:37,935 main 
2020-04-06 01:31:37,936 main -------------------------------------------------------------------
2020-04-06 01:31:38,671 main run double running protectin
2020-04-06 01:31:38,673 main [Downloader2] Loaded configuration: normal
2020-04-06 01:31:38,984 main [Bootstrapper] createLauncher
2020-04-06 01:31:38,984 main path C:\Program Files\Java\jre1.8.0_241
2020-04-06 01:31:38,984 main [Bootstrapper] choose jvm:C:\Program Files\Java\jre1.8.0_241\bin\javaw.exe
2020-04-06 01:31:38,985 main [Bootstrapper] validate files
2020-04-06 01:31:38,985 main [Bootstrapper] end validated files
2020-04-06 01:31:38,985 main [Bootstrapper] Starting launcher...
2020-04-06 01:31:39,122 Thread-2 > [TLAUNCHER][STATIC] initialize inner config
2020-04-06 01:31:39,156 Thread-2 > [Loading] INITIALIZING
2020-04-06 01:31:40,721 Thread-2 > Starting TLauncher 2.69 RELEASE
2020-04-06 01:31:40,721 Thread-2 > For more information, visit https://tlauncher.org/
2020-04-06 01:31:40,722 Thread-2 > Startup time: Apr 6, 2020 1:31:40 AM
2020-04-06 01:31:40,722 Thread-2 > ---
2020-04-06 01:31:40,724 Thread-2 > run double running protectin
2020-04-06 01:31:40,891 Thread-2 > [Loading] LOADING_CONFIGURATION
2020-04-06 01:31:40,892 Thread-2 > Loading configuration from file: C:\Users\iljaf\AppData\Roaming\.tlauncher\tlauncher-2.0.properties
2020-04-06 01:31:40,932 Thread-2 > [Configuration] Constant values: {}
2020-04-06 01:31:40,950 Thread-2 > Machine info: -------------------------------------------------------
2020-04-06 01:31:40,951 Thread-2 > Windows 10 10.0, Java 1.8.0_241, jvm bit x64, 16326 MB RAM
2020-04-06 01:31:40,951 Thread-2 > java path=C:\Program Files\Java\jre1.8.0_241\bin\javaw.exe
2020-04-06 01:31:40,951 Thread-2 > Intel(R) Core(TM) i7-4790K CPU @ 4.00GHz
2020-04-06 01:31:40,951 Thread-2 >  NVIDIA GeForce GTX 970, GeForce GTX 970, 12206 MB, NVIDIA GeForce GTX 970, GeForce GTX 970, 12206 MB
2020-04-06 01:31:40,951 Thread-2 > -------------------------------------------------------
2020-04-06 01:31:40,951 Thread-2 > Selected locale: en_US
2020-04-06 01:31:41,000 Thread-2 > [Loading] LOADING_CONSOLE
2020-04-06 01:31:41,189 Thread-2 > [Swing] Favicons loaded: 256px, 128px, 96px, 64px, 48px, 32px, 24px, 16px
2020-04-06 01:31:41,398 Thread-2 > 
2020-04-06 01:31:41,423 Thread-2 > [Downloader2] Loaded configuration: good
2020-04-06 01:31:41,541 Thread-2 > [Updater] Requesting an update...
2020-04-06 01:31:41,542 Thread-2 > [Updater] Requesting from: http://repo.tlauncher.org/update/lch/update_2.0.json
2020-04-06 01:31:41,543 Thread-2 > [Updater] Making request: http://repo.tlauncher.org/update/lch/update_2.0.json?version=2.69&client=3b8af410-94a3-45ec-941a-9969f21c5800
2020-04-06 01:31:41,672 Thread-2 > [Browser] Loading resources...
2020-04-06 01:31:41,788 Thread-2 > [Browser] Loading background...
2020-04-06 01:31:41,846 Thread-2 > [Browser] Cleaning up after loading:
2020-04-06 01:31:41,847 Thread-2 > Starting garbage collector: 69 / 194 MB
2020-04-06 01:31:41,895 Thread-2 > Garbage collector completed: 13 / 194 MB
2020-04-06 01:31:41,896 Thread-2 > [Loading] LOADING_MANAGERS
2020-04-06 01:31:41,908 Thread-2 > [LocalVersionList] Base directory: C:\Users\iljaf\AppData\Roaming\.minecraft
2020-04-06 01:31:41,918 Thread-2 > [ProfileManager] Refreshing profiles from: C:\Users\iljaf\AppData\Roaming\.minecraft\TlauncherProfiles.json
2020-04-06 01:31:41,927 Thread-2 > [AdvertisingStatusObserver]  started to get ad information
2020-04-06 01:31:41,927 Thread-2 > [AdvertisingStatusObserver]  finished to get add information
2020-04-06 01:31:41,927 Thread-2 > [GsonUtil]  request to http://repo.tlauncher.org/update/downloads/libraries/org/tlauncher/authlib/libraries-1.6.json
2020-04-06 01:31:41,932 Thread-2 > [Loading] LOADING_WINDOW
2020-04-06 01:31:41,945 Thread-2 > [JFXStartPageLoader]  start load page: http://page.tlauncher.org/update/downloads/configs/client/eng.html
2020-04-06 01:31:41,958 Thread-2 > [Loading] PREPARING_MAINPANE
2020-04-06 01:31:41,959 Thread-2 > [Browser] Running in JavaFX Thread
2020-04-06 01:31:41,959 Thread-2 > [Browser] Preparing JavaFX...
2020-04-06 01:31:41,978 Thread-2 > [Updater] Request time: 436 ms
2020-04-06 01:31:41,978 Thread-2 > [Updater] Successfully requested from: http://repo.tlauncher.org/update/lch/update_2.0.json
2020-04-06 01:31:42,018 Thread-2 > [Browser] Initializing...
2020-04-06 01:31:42,206 Thread-2 > [REPO][SERVER_LIST_REPO] Success: Reached the repo in 274 ms.
2020-04-06 01:31:42,306 Thread-2 > [Downloader2] Loaded configuration: good
2020-04-06 01:31:43,352 Thread-2 > [JFXStartPageLoader]  succeeded load page: http://page.tlauncher.org/update/downloads/configs/client/eng.html during 1
2020-04-06 01:31:43,354 Thread-2 > [Browser@124901693] Loaded successfully: "http://page.tlauncher.org/update/downloads/configs/client/eng.html"
2020-04-06 01:31:43,444 Thread-2 > [Browser] add listens into server_choose
2020-04-06 01:31:43,444 Thread-2 > [Browser] finished listens into server_choose
2020-04-06 01:31:43,646 Thread-2 > [Loading] POSTINIT_GUI
2020-04-06 01:31:43,646 Thread-2 > [Frame] Packing main frame...
2020-04-06 01:31:43,702 Thread-2 > [Frame] Resizing main pane...
2020-04-06 01:31:43,703 Thread-2 > Updater is already closed. Showing up...
2020-04-06 01:31:43,703 Thread-2 > Visibility set.
2020-04-06 01:31:43,704 Thread-2 > [Loading] REFRESHING_INFO
2020-04-06 01:31:43,707 Thread-2 > [VersionManager] Refreshing versions remotely...
2020-04-06 01:31:43,708 Thread-2 > Started! (2816 ms.)
2020-04-06 01:31:43,708 Thread-2 > [Loading] SUCCESS
2020-04-06 01:31:43,709 Thread-2 [Bootstrapper] I can be terminated now: 0
2020-04-09 23:00:23,079 main 
2020-04-09 23:00:23,080 main -------------------------------------------------------------------
2020-04-09 23:00:24,110 main run double running protectin
2020-04-09 23:00:24,115 main [Downloader2] Loaded configuration: normal
2020-04-09 23:00:24,496 main [Bootstrapper] createLauncher
2020-04-09 23:00:24,496 main path C:\Program Files\Java\jre1.8.0_241
2020-04-09 23:00:24,496 main [Bootstrapper] choose jvm:C:\Program Files\Java\jre1.8.0_241\bin\javaw.exe
2020-04-09 23:00:24,497 main [Bootstrapper] validate files
2020-04-09 23:00:24,497 main [Bootstrapper] end validated files
2020-04-09 23:00:24,497 main [Bootstrapper] Starting launcher...
2020-04-09 23:00:24,671 Thread-2 > [TLAUNCHER][STATIC] initialize inner config
2020-04-09 23:00:24,709 Thread-2 > [Loading] INITIALIZING
2020-04-09 23:00:26,762 Thread-2 > Starting TLauncher 2.69 RELEASE
2020-04-09 23:00:26,762 Thread-2 > For more information, visit https://tlauncher.org/
2020-04-09 23:00:26,762 Thread-2 > Startup time: Apr 9, 2020 11:00:26 PM
2020-04-09 23:00:26,762 Thread-2 > ---
2020-04-09 23:00:26,764 Thread-2 > run double running protectin
2020-04-09 23:00:27,027 Thread-2 > [Loading] LOADING_CONFIGURATION
2020-04-09 23:00:27,028 Thread-2 > Loading configuration from file: C:\Users\iljaf\AppData\Roaming\.tlauncher\tlauncher-2.0.properties
2020-04-09 23:00:27,089 Thread-2 > [Configuration] Constant values: {}
2020-04-09 23:00:27,118 Thread-2 > Machine info: -------------------------------------------------------
2020-04-09 23:00:27,118 Thread-2 > Windows 10 10.0, Java 1.8.0_241, jvm bit x64, 16326 MB RAM
2020-04-09 23:00:27,118 Thread-2 > java path=C:\Program Files\Java\jre1.8.0_241\bin\javaw.exe
2020-04-09 23:00:27,118 Thread-2 > Intel(R) Core(TM) i7-4790K CPU @ 4.00GHz
2020-04-09 23:00:27,118 Thread-2 >  NVIDIA GeForce GTX 970, GeForce GTX 970, 12206 MB, NVIDIA GeForce GTX 970, GeForce GTX 970, 12206 MB
2020-04-09 23:00:27,119 Thread-2 > -------------------------------------------------------
2020-04-09 23:00:27,119 Thread-2 > Selected locale: en_US
2020-04-09 23:00:27,202 Thread-2 > [Loading] LOADING_CONSOLE
2020-04-09 23:00:27,464 Thread-2 > [Swing] Favicons loaded: 256px, 128px, 96px, 64px, 48px, 32px, 24px, 16px
2020-04-09 23:00:27,677 Thread-2 > 
2020-04-09 23:00:27,706 Thread-2 > [Downloader2] Loaded configuration: good
2020-04-09 23:00:27,828 Thread-2 > [Updater] Requesting an update...
2020-04-09 23:00:27,830 Thread-2 > [Updater] Requesting from: http://repo.tlauncher.org/update/lch/update_2.0.json
2020-04-09 23:00:27,831 Thread-2 > [Updater] Making request: http://repo.tlauncher.org/update/lch/update_2.0.json?version=2.69&client=3b8af410-94a3-45ec-941a-9969f21c5800
2020-04-09 23:00:28,012 Thread-2 > [Updater] Request time: 182 ms
2020-04-09 23:00:28,012 Thread-2 > [Updater] Successfully requested from: http://repo.tlauncher.org/update/lch/update_2.0.json
2020-04-09 23:00:28,041 Thread-2 > [Browser] Loading resources...
2020-04-09 23:00:28,177 Thread-2 > [Browser] Loading background...
2020-04-09 23:00:28,234 Thread-2 > [Browser] Cleaning up after loading:
2020-04-09 23:00:28,234 Thread-2 > Starting garbage collector: 66 / 197 MB
2020-04-09 23:00:28,282 Thread-2 > Garbage collector completed: 13 / 197 MB
2020-04-09 23:00:28,283 Thread-2 > [Loading] LOADING_MANAGERS
2020-04-09 23:00:28,290 Thread-2 > [LocalVersionList] Base directory: C:\Users\iljaf\AppData\Roaming\.minecraft
2020-04-09 23:00:28,301 Thread-2 > [ProfileManager] Refreshing profiles from: C:\Users\iljaf\AppData\Roaming\.minecraft\TlauncherProfiles.json
2020-04-09 23:00:28,305 Thread-2 > [AdvertisingStatusObserver]  started to get ad information
2020-04-09 23:00:28,305 Thread-2 > [GsonUtil]  request to http://repo.tlauncher.org/update/downloads/libraries/org/tlauncher/authlib/libraries-1.6.json
2020-04-09 23:00:28,305 Thread-2 > [AdvertisingStatusObserver]  finished to get add information
2020-04-09 23:00:28,311 Thread-2 > [Loading] LOADING_WINDOW
2020-04-09 23:00:28,342 Thread-2 > [Loading] PREPARING_MAINPANE
2020-04-09 23:00:28,530 Thread-2 > [JFXStartPageLoader]  start load page: http://page.tlauncher.org/update/downloads/configs/client/eng.html
2020-04-09 23:00:28,545 Thread-2 > [Browser] Running in JavaFX Thread
2020-04-09 23:00:28,545 Thread-2 > [Browser] Preparing JavaFX...
2020-04-09 23:00:28,611 Thread-2 > [REPO][SERVER_LIST_REPO] Success: Reached the repo in 299 ms.
2020-04-09 23:00:28,626 Thread-2 > [Browser] Initializing...
2020-04-09 23:00:28,959 Thread-2 > [Downloader2] Loaded configuration: good
2020-04-09 23:00:30,341 Thread-2 > [Loading] POSTINIT_GUI
2020-04-09 23:00:30,342 Thread-2 > [Frame] Packing main frame...
2020-04-09 23:00:30,402 Thread-2 > [Frame] Resizing main pane...
2020-04-09 23:00:30,403 Thread-2 > Updater is already closed. Showing up...
2020-04-09 23:00:30,403 Thread-2 > Visibility set.
2020-04-09 23:00:30,404 Thread-2 > [Loading] REFRESHING_INFO
2020-04-09 23:00:30,407 Thread-2 > [VersionManager] Refreshing versions remotely...
2020-04-09 23:00:30,408 Thread-2 > [REPO][EXTRA_VERSION_REPO] Attempt #1; timeout: 45000 ms; url: http://repo.tlauncher.org/update/downloads/versions/new3/
2020-04-09 23:00:30,408 Thread-2 > Started! (3382 ms.)
2020-04-09 23:00:30,408 Thread-2 > [Loading] SUCCESS
2020-04-09 23:00:30,408 Thread-2 [Bootstrapper] I can be terminated now: 0
