2020-04-06 00:51:41,016 main 
2020-04-06 00:51:41,017 main -------------------------------------------------------------------
2020-04-06 00:51:41,867 main run double running protectin
2020-04-06 00:51:41,870 main [Downloader2] Loaded configuration: normal
2020-04-06 00:51:42,252 main [Bootstrapper] createLauncher
2020-04-06 00:51:42,252 main path C:\Program Files\Java\jre1.8.0_241
2020-04-06 00:51:42,252 main [Bootstrapper] choose jvm:C:\Program Files\Java\jre1.8.0_241\bin\javaw.exe
2020-04-06 00:51:42,252 main [Bootstrapper] validate files
2020-04-06 00:51:42,252 main [Bootstrapper] end validated files
2020-04-06 00:51:42,253 main [Bootstrapper] Starting launcher...
2020-04-06 00:51:42,382 Thread-2 > [TLAUNCHER][STATIC] initialize inner config
2020-04-06 00:51:42,414 Thread-2 > [Loading] INITIALIZING
2020-04-06 00:51:44,219 Thread-2 > Starting TLauncher 2.69 RELEASE
2020-04-06 00:51:44,219 Thread-2 > For more information, visit https://tlauncher.org/
2020-04-06 00:51:44,219 Thread-2 > Startup time: Apr 6, 2020 12:51:44 AM
2020-04-06 00:51:44,220 Thread-2 > ---
2020-04-06 00:51:44,221 Thread-2 > run double running protectin
2020-04-06 00:51:44,432 Thread-2 > [Loading] LOADING_CONFIGURATION
2020-04-06 00:51:44,433 Thread-2 > Loading configuration from file: C:\Users\iljaf\AppData\Roaming\.tlauncher\tlauncher-2.0.properties
2020-04-06 00:51:44,474 Thread-2 > [Configuration] Constant values: {}
2020-04-06 00:51:44,490 Thread-2 > Machine info: -------------------------------------------------------
2020-04-06 00:51:44,490 Thread-2 > Windows 10 10.0, Java 1.8.0_241, jvm bit x64, 16326 MB RAM
2020-04-06 00:51:44,490 Thread-2 > java path=C:\Program Files\Java\jre1.8.0_241\bin\javaw.exe
2020-04-06 00:51:44,490 Thread-2 > Intel(R) Core(TM) i7-4790K CPU @ 4.00GHz
2020-04-06 00:51:44,490 Thread-2 >  NVIDIA GeForce GTX 970, GeForce GTX 970, 12206 MB, NVIDIA GeForce GTX 970, GeForce GTX 970, 12206 MB
2020-04-06 00:51:44,490 Thread-2 > -------------------------------------------------------
2020-04-06 00:51:44,490 Thread-2 > Selected locale: en_US
2020-04-06 00:51:44,563 Thread-2 > [Loading] LOADING_CONSOLE
2020-04-06 00:51:44,897 Thread-2 > [Swing] Favicons loaded: 256px, 128px, 96px, 64px, 48px, 32px, 24px, 16px
2020-04-06 00:51:45,106 Thread-2 > 
2020-04-06 00:51:45,183 Thread-2 > [Downloader2] Loaded configuration: good
2020-04-06 00:51:45,300 Thread-2 > [Updater] Requesting an update...
2020-04-06 00:51:45,301 Thread-2 > [Updater] Requesting from: http://repo.tlauncher.org/update/lch/update_2.0.json
2020-04-06 00:51:45,301 Thread-2 > [Updater] Making request: http://repo.tlauncher.org/update/lch/update_2.0.json?version=2.69&client=3b8af410-94a3-45ec-941a-9969f21c5800
2020-04-06 00:51:45,430 Thread-2 > [Browser] Loading resources...
2020-04-06 00:51:45,449 Thread-2 > [Updater] Request time: 148 ms
2020-04-06 00:51:45,449 Thread-2 > [Updater] Successfully requested from: http://repo.tlauncher.org/update/lch/update_2.0.json
2020-04-06 00:51:45,526 Thread-2 > [Browser] Loading background...
2020-04-06 00:51:45,579 Thread-2 > [Browser] Cleaning up after loading:
2020-04-06 00:51:45,580 Thread-2 > Starting garbage collector: 70 / 196 MB
2020-04-06 00:51:45,656 Thread-2 > Garbage collector completed: 13 / 196 MB
2020-04-06 00:51:45,660 Thread-2 > [Loading] LOADING_MANAGERS
2020-04-06 00:51:45,688 Thread-2 > [LocalVersionList] Base directory: C:\Users\iljaf\AppData\Roaming\.minecraft
2020-04-06 00:51:45,702 Thread-2 > [ProfileManager] Refreshing profiles from: C:\Users\iljaf\AppData\Roaming\.minecraft\TlauncherProfiles.json
2020-04-06 00:51:45,709 Thread-2 > [AdvertisingStatusObserver]  started to get ad information
2020-04-06 00:51:45,709 Thread-2 > [AdvertisingStatusObserver]  finished to get add information
2020-04-06 00:51:45,710 Thread-2 > [GsonUtil]  request to http://repo.tlauncher.org/update/downloads/libraries/org/tlauncher/authlib/libraries-1.6.json
2020-04-06 00:51:45,715 Thread-2 > [Loading] LOADING_WINDOW
2020-04-06 00:51:45,772 Thread-2 > [JFXStartPageLoader]  start load page: http://page.tlauncher.org/update/downloads/configs/client/eng.html
2020-04-06 00:51:45,791 Thread-2 > [Loading] PREPARING_MAINPANE
2020-04-06 00:51:45,792 Thread-2 > [Browser] Running in JavaFX Thread
2020-04-06 00:51:45,793 Thread-2 > [Browser] Preparing JavaFX...
2020-04-06 00:51:45,885 Thread-2 > [Browser] Initializing...
2020-04-06 00:51:45,972 Thread-2 > [REPO][SERVER_LIST_REPO] Success: Reached the repo in 256 ms.
2020-04-06 00:51:46,370 Thread-2 > [Downloader2] Loaded configuration: good
2020-04-06 00:51:47,960 Thread-2 > [Loading] POSTINIT_GUI
2020-04-06 00:51:47,961 Thread-2 > [Frame] Packing main frame...
2020-04-06 00:51:47,999 Thread-2 > [Frame] Resizing main pane...
2020-04-06 00:51:47,999 Thread-2 > Updater is already closed. Showing up...
2020-04-06 00:51:47,999 Thread-2 > Visibility set.
2020-04-06 00:51:48,000 Thread-2 > [Loading] REFRESHING_INFO
2020-04-06 00:51:48,002 Thread-2 > [VersionManager] Refreshing versions remotely...
2020-04-06 00:51:48,003 Thread-2 > [REPO][EXTRA_VERSION_REPO] Attempt #1; timeout: 45000 ms; url: http://repo.tlauncher.org/update/downloads/versions/new3/
2020-04-06 00:51:48,003 Thread-2 > Started! (3572 ms.)
2020-04-06 00:51:48,004 Thread-2 > [Loading] SUCCESS
2020-04-06 00:51:48,004 Thread-2 [Bootstrapper] I can be terminated now: 0
2020-04-09 03:32:49,206 main 
2020-04-09 03:32:49,207 main -------------------------------------------------------------------
2020-04-09 03:32:50,287 main run double running protectin
2020-04-09 03:32:50,292 main [Downloader2] Loaded configuration: normal
2020-04-09 03:32:50,738 main [Bootstrapper] createLauncher
2020-04-09 03:32:50,739 main path C:\Program Files\Java\jre1.8.0_241
2020-04-09 03:32:50,739 main [Bootstrapper] choose jvm:C:\Program Files\Java\jre1.8.0_241\bin\javaw.exe
2020-04-09 03:32:50,739 main [Bootstrapper] validate files
2020-04-09 03:32:50,739 main [Bootstrapper] end validated files
2020-04-09 03:32:50,739 main [Bootstrapper] Starting launcher...
2020-04-09 03:32:50,923 Thread-2 > [TLAUNCHER][STATIC] initialize inner config
2020-04-09 03:32:50,968 Thread-2 > [Loading] INITIALIZING
2020-04-09 03:32:53,124 Thread-2 > Starting TLauncher 2.69 RELEASE
2020-04-09 03:32:53,125 Thread-2 > For more information, visit https://tlauncher.org/
2020-04-09 03:32:53,125 Thread-2 > Startup time: Apr 9, 2020 3:32:53 AM
2020-04-09 03:32:53,125 Thread-2 > ---
2020-04-09 03:32:53,127 Thread-2 > run double running protectin
2020-04-09 03:32:53,399 Thread-2 > [Loading] LOADING_CONFIGURATION
2020-04-09 03:32:53,402 Thread-2 > Loading configuration from file: C:\Users\iljaf\AppData\Roaming\.tlauncher\tlauncher-2.0.properties
2020-04-09 03:32:53,427 Thread-2 > [Configuration] Constant values: {}
2020-04-09 03:32:53,453 Thread-2 > Machine info: -------------------------------------------------------
2020-04-09 03:32:53,453 Thread-2 > Windows 10 10.0, Java 1.8.0_241, jvm bit x64, 16326 MB RAM
2020-04-09 03:32:53,454 Thread-2 > java path=C:\Program Files\Java\jre1.8.0_241\bin\javaw.exe
2020-04-09 03:32:53,454 Thread-2 > Intel(R) Core(TM) i7-4790K CPU @ 4.00GHz
2020-04-09 03:32:53,454 Thread-2 >  NVIDIA GeForce GTX 970, GeForce GTX 970, 12206 MB, NVIDIA GeForce GTX 970, GeForce GTX 970, 12206 MB
2020-04-09 03:32:53,454 Thread-2 > -------------------------------------------------------
2020-04-09 03:32:53,454 Thread-2 > Selected locale: en_US
2020-04-09 03:32:53,512 Thread-2 > [Loading] LOADING_CONSOLE
2020-04-09 03:32:53,743 Thread-2 > [Swing] Favicons loaded: 256px, 128px, 96px, 64px, 48px, 32px, 24px, 16px
2020-04-09 03:32:53,956 Thread-2 > 
2020-04-09 03:32:53,991 Thread-2 > [Downloader2] Loaded configuration: good
2020-04-09 03:32:54,115 Thread-2 > [Updater] Requesting an update...
2020-04-09 03:32:54,117 Thread-2 > [Updater] Requesting from: http://repo.tlauncher.org/update/lch/update_2.0.json
2020-04-09 03:32:54,118 Thread-2 > [Updater] Making request: http://repo.tlauncher.org/update/lch/update_2.0.json?version=2.69&client=3b8af410-94a3-45ec-941a-9969f21c5800
2020-04-09 03:32:54,313 Thread-2 > [Browser] Loading resources...
2020-04-09 03:32:54,325 Thread-2 > [Updater] Request time: 205 ms
2020-04-09 03:32:54,325 Thread-2 > [Updater] Successfully requested from: http://repo.tlauncher.org/update/lch/update_2.0.json
2020-04-09 03:32:54,463 Thread-2 > [Browser] Loading background...
2020-04-09 03:32:54,531 Thread-2 > [Browser] Cleaning up after loading:
2020-04-09 03:32:54,533 Thread-2 > Starting garbage collector: 68 / 190 MB
2020-04-09 03:32:54,583 Thread-2 > Garbage collector completed: 13 / 190 MB
2020-04-09 03:32:54,585 Thread-2 > [Loading] LOADING_MANAGERS
2020-04-09 03:32:54,592 Thread-2 > [LocalVersionList] Base directory: C:\Users\iljaf\AppData\Roaming\.minecraft
2020-04-09 03:32:54,606 Thread-2 > [ProfileManager] Refreshing profiles from: C:\Users\iljaf\AppData\Roaming\.minecraft\TlauncherProfiles.json
2020-04-09 03:32:54,610 Thread-2 > [AdvertisingStatusObserver]  started to get ad information
2020-04-09 03:32:54,610 Thread-2 > [GsonUtil]  request to http://repo.tlauncher.org/update/downloads/libraries/org/tlauncher/authlib/libraries-1.6.json
2020-04-09 03:32:54,610 Thread-2 > [AdvertisingStatusObserver]  finished to get add information
2020-04-09 03:32:54,618 Thread-2 > [Loading] LOADING_WINDOW
2020-04-09 03:32:54,661 Thread-2 > [Loading] PREPARING_MAINPANE
2020-04-09 03:32:54,698 Thread-2 > [JFXStartPageLoader]  start load page: http://page.tlauncher.org/update/downloads/configs/client/eng.html
2020-04-09 03:32:54,704 Thread-2 > [Browser] Running in JavaFX Thread
2020-04-09 03:32:54,704 Thread-2 > [Browser] Preparing JavaFX...
2020-04-09 03:32:54,807 Thread-2 > [Browser] Initializing...
2020-04-09 03:32:54,889 Thread-2 > [REPO][SERVER_LIST_REPO] Success: Reached the repo in 273 ms.
2020-04-09 03:32:55,565 Thread-2 > [Downloader2] Loaded configuration: good
2020-04-09 03:32:56,672 Thread-2 > [JFXStartPageLoader]  succeeded load page: http://page.tlauncher.org/update/downloads/configs/client/eng.html during 1
2020-04-09 03:32:56,672 Thread-2 > [Browser@698783210] Loaded successfully: "http://page.tlauncher.org/update/downloads/configs/client/eng.html"
2020-04-09 03:32:56,752 Thread-2 > [Browser] add listens into server_choose
2020-04-09 03:32:56,752 Thread-2 > [Browser] finished listens into server_choose
2020-04-09 03:32:57,051 Thread-2 > [Loading] POSTINIT_GUI
2020-04-09 03:32:57,051 Thread-2 > [Frame] Packing main frame...
2020-04-09 03:32:57,105 Thread-2 > [Frame] Resizing main pane...
2020-04-09 03:32:57,106 Thread-2 > Updater is already closed. Showing up...
2020-04-09 03:32:57,106 Thread-2 > Visibility set.
2020-04-09 03:32:57,107 Thread-2 > [Loading] REFRESHING_INFO
2020-04-09 03:32:57,110 Thread-2 > [VersionManager] Refreshing versions remotely...
2020-04-09 03:32:57,112 Thread-2 > [REPO][EXTRA_VERSION_REPO] Attempt #1; timeout: 45000 ms; url: http://repo.tlauncher.org/update/downloads/versions/new3/
2020-04-09 03:32:57,112 Thread-2 > Started! (3712 ms.)
2020-04-09 03:32:57,112 Thread-2 > [Loading] SUCCESS
2020-04-09 03:32:57,112 Thread-2 [Bootstrapper] I can be terminated now: 0
