2020-04-06 21:17:05,334 main 
2020-04-06 21:17:05,335 main -------------------------------------------------------------------
2020-04-06 21:17:06,115 main run double running protectin
2020-04-06 21:17:06,118 main [Downloader2] Loaded configuration: normal
2020-04-06 21:17:06,461 main [Bootstrapper] createLauncher
2020-04-06 21:17:06,461 main path C:\Program Files\Java\jre1.8.0_241
2020-04-06 21:17:06,462 main [Bootstrapper] choose jvm:C:\Program Files\Java\jre1.8.0_241\bin\javaw.exe
2020-04-06 21:17:06,462 main [Bootstrapper] validate files
2020-04-06 21:17:06,462 main [Bootstrapper] end validated files
2020-04-06 21:17:06,462 main [Bootstrapper] Starting launcher...
2020-04-06 21:17:06,594 Thread-2 > [TLAUNCHER][STATIC] initialize inner config
2020-04-06 21:17:06,626 Thread-2 > [Loading] INITIALIZING
2020-04-06 21:17:08,283 Thread-2 > Starting TLauncher 2.69 RELEASE
2020-04-06 21:17:08,284 Thread-2 > For more information, visit https://tlauncher.org/
2020-04-06 21:17:08,284 Thread-2 > Startup time: Apr 6, 2020 9:17:08 PM
2020-04-06 21:17:08,284 Thread-2 > ---
2020-04-06 21:17:08,286 Thread-2 > run double running protectin
2020-04-06 21:17:08,502 Thread-2 > [Loading] LOADING_CONFIGURATION
2020-04-06 21:17:08,503 Thread-2 > Loading configuration from file: C:\Users\iljaf\AppData\Roaming\.tlauncher\tlauncher-2.0.properties
2020-04-06 21:17:08,510 Thread-2 > [Configuration] Constant values: {}
2020-04-06 21:17:08,526 Thread-2 > Machine info: -------------------------------------------------------
2020-04-06 21:17:08,526 Thread-2 > Windows 10 10.0, Java 1.8.0_241, jvm bit x64, 16326 MB RAM
2020-04-06 21:17:08,526 Thread-2 > java path=C:\Program Files\Java\jre1.8.0_241\bin\javaw.exe
2020-04-06 21:17:08,526 Thread-2 > Intel(R) Core(TM) i7-4790K CPU @ 4.00GHz
2020-04-06 21:17:08,526 Thread-2 >  NVIDIA GeForce GTX 970, GeForce GTX 970, 12206 MB, NVIDIA GeForce GTX 970, GeForce GTX 970, 12206 MB
2020-04-06 21:17:08,526 Thread-2 > -------------------------------------------------------
2020-04-06 21:17:08,526 Thread-2 > Selected locale: en_US
2020-04-06 21:17:08,568 Thread-2 > [Loading] LOADING_CONSOLE
2020-04-06 21:17:08,747 Thread-2 > [Swing] Favicons loaded: 256px, 128px, 96px, 64px, 48px, 32px, 24px, 16px
2020-04-06 21:17:08,957 Thread-2 > 
2020-04-06 21:17:08,980 Thread-2 > [Downloader2] Loaded configuration: good
2020-04-06 21:17:09,100 Thread-2 > [Updater] Requesting an update...
2020-04-06 21:17:09,102 Thread-2 > [Updater] Requesting from: http://repo.tlauncher.org/update/lch/update_2.0.json
2020-04-06 21:17:09,102 Thread-2 > [Updater] Making request: http://repo.tlauncher.org/update/lch/update_2.0.json?version=2.69&client=3b8af410-94a3-45ec-941a-9969f21c5800
2020-04-06 21:17:09,257 Thread-2 > [Browser] Loading resources...
2020-04-06 21:17:09,358 Thread-2 > [Browser] Loading background...
2020-04-06 21:17:09,409 Thread-2 > [Browser] Cleaning up after loading:
2020-04-06 21:17:09,409 Thread-2 > Starting garbage collector: 67 / 193 MB
2020-04-06 21:17:09,451 Thread-2 > Garbage collector completed: 13 / 193 MB
2020-04-06 21:17:09,453 Thread-2 > [Loading] LOADING_MANAGERS
2020-04-06 21:17:09,458 Thread-2 > [LocalVersionList] Base directory: C:\Users\iljaf\AppData\Roaming\.minecraft
2020-04-06 21:17:09,466 Thread-2 > [ProfileManager] Refreshing profiles from: C:\Users\iljaf\AppData\Roaming\.minecraft\TlauncherProfiles.json
2020-04-06 21:17:09,475 Thread-2 > [AdvertisingStatusObserver]  started to get ad information
2020-04-06 21:17:09,475 Thread-2 > [AdvertisingStatusObserver]  finished to get add information
2020-04-06 21:17:09,476 Thread-2 > [GsonUtil]  request to http://repo.tlauncher.org/update/downloads/libraries/org/tlauncher/authlib/libraries-1.6.json
2020-04-06 21:17:09,480 Thread-2 > [Loading] LOADING_WINDOW
2020-04-06 21:17:09,508 Thread-2 > [Loading] PREPARING_MAINPANE
2020-04-06 21:17:09,547 Thread-2 > [JFXStartPageLoader]  start load page: http://page.tlauncher.org/update/downloads/configs/client/eng.html
2020-04-06 21:17:09,551 Thread-2 > [Browser] Running in JavaFX Thread
2020-04-06 21:17:09,552 Thread-2 > [Browser] Preparing JavaFX...
2020-04-06 21:17:09,608 Thread-2 > [Browser] Initializing...
2020-04-06 21:17:09,898 Thread-2 > [Downloader2] Loaded configuration: good
2020-04-06 21:17:10,183 Thread-2 > [REPO][SERVER_LIST_REPO] Success: Reached the repo in 702 ms.
2020-04-06 21:17:11,083 Thread-2 > [Loading] POSTINIT_GUI
2020-04-06 21:17:11,083 Thread-2 > [Frame] Packing main frame...
2020-04-06 21:17:11,144 Thread-2 > [Frame] Resizing main pane...
2020-04-06 21:17:11,145 Thread-2 > Waiting for Updater to close.
2020-04-06 21:17:11,161 Thread-2 > [Updater] Request time: 2059 ms
2020-04-06 21:17:11,162 Thread-2 > [Updater] Successfully requested from: http://repo.tlauncher.org/update/lch/update_2.0.json
2020-04-06 21:17:11,515 Thread-2 > [JFXStartPageLoader]  succeeded load page: http://page.tlauncher.org/update/downloads/configs/client/eng.html during 1
2020-04-06 21:17:11,515 Thread-2 > [Browser@2132769504] Loaded successfully: "http://page.tlauncher.org/update/downloads/configs/client/eng.html"
2020-04-06 21:17:11,580 Thread-2 > [Browser] add listens into server_choose
2020-04-06 21:17:11,580 Thread-2 > [Browser] finished listens into server_choose
2020-04-06 21:17:11,649 Thread-2 > Visibility set.
2020-04-06 21:17:11,650 Thread-2 > [Loading] REFRESHING_INFO
2020-04-06 21:17:11,652 Thread-2 > [VersionManager] Refreshing versions remotely...
2020-04-06 21:17:11,652 Thread-2 > [REPO][EXTRA_VERSION_REPO] Attempt #1; timeout: 45000 ms; url: http://repo.tlauncher.org/update/downloads/versions/new3/
2020-04-06 21:17:11,653 Thread-2 > Started! (3150 ms.)
2020-04-06 21:17:11,653 Thread-2 > [Loading] SUCCESS
2020-04-06 21:17:11,653 Thread-2 [Bootstrapper] I can be terminated now: 0
2020-04-11 02:15:33,245 main 
2020-04-11 02:15:33,246 main -------------------------------------------------------------------
2020-04-11 02:15:34,329 main run double running protectin
2020-04-11 02:15:34,332 main [Downloader2] Loaded configuration: normal
2020-04-11 02:15:34,717 main [Bootstrapper] createLauncher
2020-04-11 02:15:34,717 main path C:\Program Files\Java\jre1.8.0_241
2020-04-11 02:15:34,718 main [Bootstrapper] choose jvm:C:\Program Files\Java\jre1.8.0_241\bin\javaw.exe
2020-04-11 02:15:34,718 main [Bootstrapper] validate files
2020-04-11 02:15:34,718 main [Bootstrapper] end validated files
2020-04-11 02:15:34,718 main [Bootstrapper] Starting launcher...
2020-04-11 02:15:34,874 Thread-2 > [TLAUNCHER][STATIC] initialize inner config
2020-04-11 02:15:34,914 Thread-2 > [Loading] INITIALIZING
2020-04-11 02:15:37,033 Thread-2 > Starting TLauncher 2.69 RELEASE
2020-04-11 02:15:37,034 Thread-2 > For more information, visit https://tlauncher.org/
2020-04-11 02:15:37,034 Thread-2 > Startup time: Apr 11, 2020 2:15:37 AM
2020-04-11 02:15:37,034 Thread-2 > ---
2020-04-11 02:15:37,036 Thread-2 > run double running protectin
2020-04-11 02:15:37,269 Thread-2 > [Loading] LOADING_CONFIGURATION
2020-04-11 02:15:37,270 Thread-2 > Loading configuration from file: C:\Users\iljaf\AppData\Roaming\.tlauncher\tlauncher-2.0.properties
2020-04-11 02:15:37,317 Thread-2 > [Configuration] Constant values: {}
2020-04-11 02:15:37,344 Thread-2 > Machine info: -------------------------------------------------------
2020-04-11 02:15:37,344 Thread-2 > Windows 10 10.0, Java 1.8.0_241, jvm bit x64, 16326 MB RAM
2020-04-11 02:15:37,344 Thread-2 > java path=C:\Program Files\Java\jre1.8.0_241\bin\javaw.exe
2020-04-11 02:15:37,345 Thread-2 > Intel(R) Core(TM) i7-4790K CPU @ 4.00GHz
2020-04-11 02:15:37,345 Thread-2 >  NVIDIA GeForce GTX 970, GeForce GTX 970, 12206 MB, NVIDIA GeForce GTX 970, GeForce GTX 970, 12206 MB
2020-04-11 02:15:37,345 Thread-2 > -------------------------------------------------------
2020-04-11 02:15:37,345 Thread-2 > Selected locale: en_US
2020-04-11 02:15:37,421 Thread-2 > [Loading] LOADING_CONSOLE
2020-04-11 02:15:37,751 Thread-2 > [Swing] Favicons loaded: 256px, 128px, 96px, 64px, 48px, 32px, 24px, 16px
2020-04-11 02:15:37,966 Thread-2 > 
2020-04-11 02:15:37,999 Thread-2 > [Downloader2] Loaded configuration: good
2020-04-11 02:15:38,129 Thread-2 > [Updater] Requesting an update...
2020-04-11 02:15:38,131 Thread-2 > [Updater] Requesting from: http://repo.tlauncher.org/update/lch/update_2.0.json
2020-04-11 02:15:38,132 Thread-2 > [Updater] Making request: http://repo.tlauncher.org/update/lch/update_2.0.json?version=2.69&client=3b8af410-94a3-45ec-941a-9969f21c5800
2020-04-11 02:15:38,303 Thread-2 > [Updater] Request time: 172 ms
2020-04-11 02:15:38,303 Thread-2 > [Updater] Successfully requested from: http://repo.tlauncher.org/update/lch/update_2.0.json
2020-04-11 02:15:38,364 Thread-2 > [Browser] Loading resources...
2020-04-11 02:15:38,515 Thread-2 > [Browser] Loading background...
2020-04-11 02:15:38,585 Thread-2 > [Browser] Cleaning up after loading:
2020-04-11 02:15:38,585 Thread-2 > Starting garbage collector: 71 / 196 MB
2020-04-11 02:15:38,633 Thread-2 > Garbage collector completed: 14 / 196 MB
2020-04-11 02:15:38,635 Thread-2 > [Loading] LOADING_MANAGERS
2020-04-11 02:15:38,644 Thread-2 > [LocalVersionList] Base directory: C:\Users\iljaf\AppData\Roaming\.minecraft
2020-04-11 02:15:38,656 Thread-2 > [ProfileManager] Refreshing profiles from: C:\Users\iljaf\AppData\Roaming\.minecraft\TlauncherProfiles.json
2020-04-11 02:15:38,660 Thread-2 > [AdvertisingStatusObserver]  started to get ad information
2020-04-11 02:15:38,660 Thread-2 > [AdvertisingStatusObserver]  finished to get add information
2020-04-11 02:15:38,666 Thread-2 > [GsonUtil]  request to http://repo.tlauncher.org/update/downloads/libraries/org/tlauncher/authlib/libraries-1.6.json
2020-04-11 02:15:38,666 Thread-2 > [Loading] LOADING_WINDOW
2020-04-11 02:15:38,704 Thread-2 > [Loading] PREPARING_MAINPANE
2020-04-11 02:15:38,721 Thread-2 > [JFXStartPageLoader]  start load page: http://page.tlauncher.org/update/downloads/configs/client/eng.html
2020-04-11 02:15:38,753 Thread-2 > [Browser] Running in JavaFX Thread
2020-04-11 02:15:38,754 Thread-2 > [Browser] Preparing JavaFX...
2020-04-11 02:15:38,850 Thread-2 > [Browser] Initializing...
2020-04-11 02:15:38,931 Thread-2 > [REPO][SERVER_LIST_REPO] Success: Reached the repo in 263 ms.
2020-04-11 02:15:39,205 Thread-2 > [Downloader2] Loaded configuration: good
2020-04-11 02:15:40,265 Thread-2 > [JFXStartPageLoader]  succeeded load page: http://page.tlauncher.org/update/downloads/configs/client/eng.html during 1
2020-04-11 02:15:40,266 Thread-2 > [Browser@855959606] Loaded successfully: "http://page.tlauncher.org/update/downloads/configs/client/eng.html"
2020-04-11 02:15:40,358 Thread-2 > [Browser] add listens into server_choose
2020-04-11 02:15:40,359 Thread-2 > [Browser] finished listens into server_choose
2020-04-11 02:15:40,583 Thread-2 > [Loading] POSTINIT_GUI
2020-04-11 02:15:40,583 Thread-2 > [Frame] Packing main frame...
2020-04-11 02:15:40,637 Thread-2 > [Frame] Resizing main pane...
2020-04-11 02:15:40,638 Thread-2 > Updater is already closed. Showing up...
2020-04-11 02:15:40,638 Thread-2 > Visibility set.
2020-04-11 02:15:40,639 Thread-2 > [Loading] REFRESHING_INFO
2020-04-11 02:15:40,642 Thread-2 > [VersionManager] Refreshing versions remotely...
2020-04-11 02:15:40,643 Thread-2 > Started! (3374 ms.)
2020-04-11 02:15:40,643 Thread-2 > [REPO][EXTRA_VERSION_REPO] Attempt #1; timeout: 45000 ms; url: http://repo.tlauncher.org/update/downloads/versions/new3/
2020-04-11 02:15:40,643 Thread-2 > [Loading] SUCCESS
2020-04-11 02:15:40,643 Thread-2 [Bootstrapper] I can be terminated now: 0
