2020-04-07 03:16:12,613 main 
2020-04-07 03:16:12,614 main -------------------------------------------------------------------
2020-04-07 03:16:13,551 main run double running protectin
2020-04-07 03:16:13,554 main [Downloader2] Loaded configuration: normal
2020-04-07 03:16:13,916 main [Bootstrapper] createLauncher
2020-04-07 03:16:13,916 main path C:\Program Files\Java\jre1.8.0_241
2020-04-07 03:16:13,917 main [Bootstrapper] choose jvm:C:\Program Files\Java\jre1.8.0_241\bin\javaw.exe
2020-04-07 03:16:13,917 main [Bootstrapper] validate files
2020-04-07 03:16:13,917 main [Bootstrapper] end validated files
2020-04-07 03:16:13,917 main [Bootstrapper] Starting launcher...
2020-04-07 03:16:14,064 Thread-2 > [TLAUNCHER][STATIC] initialize inner config
2020-04-07 03:16:14,099 Thread-2 > [Loading] INITIALIZING
2020-04-07 03:16:16,002 Thread-2 > Starting TLauncher 2.69 RELEASE
2020-04-07 03:16:16,002 Thread-2 > For more information, visit https://tlauncher.org/
2020-04-07 03:16:16,002 Thread-2 > Startup time: Apr 7, 2020 3:16:16 AM
2020-04-07 03:16:16,003 Thread-2 > ---
2020-04-07 03:16:16,005 Thread-2 > run double running protectin
2020-04-07 03:16:16,217 Thread-2 > [Loading] LOADING_CONFIGURATION
2020-04-07 03:16:16,220 Thread-2 > Loading configuration from file: C:\Users\iljaf\AppData\Roaming\.tlauncher\tlauncher-2.0.properties
2020-04-07 03:16:16,244 Thread-2 > [Configuration] Constant values: {}
2020-04-07 03:16:16,271 Thread-2 > Machine info: -------------------------------------------------------
2020-04-07 03:16:16,271 Thread-2 > Windows 10 10.0, Java 1.8.0_241, jvm bit x64, 16326 MB RAM
2020-04-07 03:16:16,272 Thread-2 > java path=C:\Program Files\Java\jre1.8.0_241\bin\javaw.exe
2020-04-07 03:16:16,272 Thread-2 > Intel(R) Core(TM) i7-4790K CPU @ 4.00GHz
2020-04-07 03:16:16,272 Thread-2 >  NVIDIA GeForce GTX 970, GeForce GTX 970, 12206 MB, NVIDIA GeForce GTX 970, GeForce GTX 970, 12206 MB
2020-04-07 03:16:16,272 Thread-2 > -------------------------------------------------------
2020-04-07 03:16:16,273 Thread-2 > Selected locale: en_US
2020-04-07 03:16:16,412 Thread-2 > [Loading] LOADING_CONSOLE
2020-04-07 03:16:16,734 Thread-2 > [Swing] Favicons loaded: 256px, 128px, 96px, 64px, 48px, 32px, 24px, 16px
2020-04-07 03:16:16,945 Thread-2 > 
2020-04-07 03:16:16,977 Thread-2 > [Downloader2] Loaded configuration: good
2020-04-07 03:16:17,101 Thread-2 > [Updater] Requesting an update...
2020-04-07 03:16:17,103 Thread-2 > [Updater] Requesting from: http://repo.tlauncher.org/update/lch/update_2.0.json
2020-04-07 03:16:17,104 Thread-2 > [Updater] Making request: http://repo.tlauncher.org/update/lch/update_2.0.json?version=2.69&client=3b8af410-94a3-45ec-941a-9969f21c5800
2020-04-07 03:16:17,250 Thread-2 > [Updater] Request time: 146 ms
2020-04-07 03:16:17,250 Thread-2 > [Updater] Successfully requested from: http://repo.tlauncher.org/update/lch/update_2.0.json
2020-04-07 03:16:17,257 Thread-2 > [Browser] Loading resources...
2020-04-07 03:16:17,365 Thread-2 > [Browser] Loading background...
2020-04-07 03:16:17,432 Thread-2 > [Browser] Cleaning up after loading:
2020-04-07 03:16:17,435 Thread-2 > Starting garbage collector: 69 / 197 MB
2020-04-07 03:16:17,485 Thread-2 > Garbage collector completed: 13 / 197 MB
2020-04-07 03:16:17,487 Thread-2 > [Loading] LOADING_MANAGERS
2020-04-07 03:16:17,496 Thread-2 > [LocalVersionList] Base directory: C:\Users\iljaf\AppData\Roaming\.minecraft
2020-04-07 03:16:17,507 Thread-2 > [ProfileManager] Refreshing profiles from: C:\Users\iljaf\AppData\Roaming\.minecraft\TlauncherProfiles.json
2020-04-07 03:16:17,511 Thread-2 > [AdvertisingStatusObserver]  started to get ad information
2020-04-07 03:16:17,511 Thread-2 > [AdvertisingStatusObserver]  finished to get add information
2020-04-07 03:16:17,518 Thread-2 > [GsonUtil]  request to http://repo.tlauncher.org/update/downloads/libraries/org/tlauncher/authlib/libraries-1.6.json
2020-04-07 03:16:17,519 Thread-2 > [Loading] LOADING_WINDOW
2020-04-07 03:16:17,560 Thread-2 > [JFXStartPageLoader]  start load page: http://page.tlauncher.org/update/downloads/configs/client/eng.html
2020-04-07 03:16:17,568 Thread-2 > [Loading] PREPARING_MAINPANE
2020-04-07 03:16:17,582 Thread-2 > [Browser] Running in JavaFX Thread
2020-04-07 03:16:17,582 Thread-2 > [Browser] Preparing JavaFX...
2020-04-07 03:16:17,670 Thread-2 > [Browser] Initializing...
2020-04-07 03:16:17,775 Thread-2 > [REPO][SERVER_LIST_REPO] Success: Reached the repo in 251 ms.
2020-04-07 03:16:18,180 Thread-2 > [Downloader2] Loaded configuration: good
2020-04-07 03:16:19,203 Thread-2 > [JFXStartPageLoader]  succeeded load page: http://page.tlauncher.org/update/downloads/configs/client/eng.html during 1
2020-04-07 03:16:19,203 Thread-2 > [Browser@1747142832] Loaded successfully: "http://page.tlauncher.org/update/downloads/configs/client/eng.html"
2020-04-07 03:16:19,301 Thread-2 > [Browser] add listens into server_choose
2020-04-07 03:16:19,301 Thread-2 > [Browser] finished listens into server_choose
2020-04-07 03:16:19,659 Thread-2 > [Loading] POSTINIT_GUI
2020-04-07 03:16:19,660 Thread-2 > [Frame] Packing main frame...
2020-04-07 03:16:19,711 Thread-2 > [Frame] Resizing main pane...
2020-04-07 03:16:19,712 Thread-2 > Updater is already closed. Showing up...
2020-04-07 03:16:19,712 Thread-2 > Visibility set.
2020-04-07 03:16:19,713 Thread-2 > [Loading] REFRESHING_INFO
2020-04-07 03:16:19,716 Thread-2 > [REPO][EXTRA_VERSION_REPO] Attempt #1; timeout: 45000 ms; url: http://repo.tlauncher.org/update/downloads/versions/new3/
2020-04-07 03:16:19,716 Thread-2 > [VersionManager] Refreshing versions remotely...
2020-04-07 03:16:19,718 Thread-2 > Started! (3500 ms.)
2020-04-07 03:16:19,718 Thread-2 > [Loading] SUCCESS
2020-04-07 03:16:19,719 Thread-2 [Bootstrapper] I can be terminated now: 0
