2020-04-06 00:21:21,507 main 
2020-04-06 00:21:21,507 main -------------------------------------------------------------------
2020-04-06 00:21:21,965 main run double running protectin
2020-04-06 00:21:21,968 main [Downloader2] Loaded configuration: normal
2020-04-06 00:21:22,270 main [TLAUNCHER][STATIC] initialize inner config
2020-04-06 00:21:22,273 MD#1 [Downloader2] Files in queue 2
2020-04-06 00:21:22,273 MD#1 [Downloader2] Starting download 2 files...
2020-04-06 00:21:22,540 DT#2#3 [D#2] >  http://repo.tlauncher.org/update/downloads/libraries/org/tlauncher/picture-bundle/2.8/picture-bundle-2.8.jar 
2020-04-06 00:21:22,541 DT#1#2 [D#1] >  https://securerepository.net/update/downloads/libraries/com/google/inject/extentions/guice-assistedinject/4.1.0/guice-assistedinject-4.1.0.jar 
2020-04-06 00:21:24,780 main [Bootstrapper] createLauncher
2020-04-06 00:21:24,780 main path C:\Program Files\Java\jre1.8.0_241
2020-04-06 00:21:24,780 main [Bootstrapper] choose jvm:C:\Program Files\Java\jre1.8.0_241\bin\javaw.exe
2020-04-06 00:21:24,781 main [Bootstrapper] validate files
2020-04-06 00:21:24,782 main [Bootstrapper] end validated files
2020-04-06 00:21:24,782 main [Bootstrapper] Starting launcher...
2020-04-06 00:21:24,928 Thread-3 > [TLAUNCHER][STATIC] initialize inner config
2020-04-06 00:21:24,962 Thread-3 > [Loading] INITIALIZING
2020-04-06 00:21:26,503 Thread-3 > Starting TLauncher 2.69 RELEASE
2020-04-06 00:21:26,503 Thread-3 > For more information, visit https://tlauncher.org/
2020-04-06 00:21:26,503 Thread-3 > Startup time: Apr 6, 2020 12:21:26 AM
2020-04-06 00:21:26,503 Thread-3 > ---
2020-04-06 00:21:26,505 Thread-3 > run double running protectin
2020-04-06 00:21:26,706 Thread-3 > [Loading] LOADING_CONFIGURATION
2020-04-06 00:21:26,707 Thread-3 > Loading configuration from file: C:\Users\iljaf\AppData\Roaming\.tlauncher\tlauncher-2.0.properties
2020-04-06 00:21:26,714 Thread-3 > [Configuration] Constant values: {}
2020-04-06 00:21:26,756 Thread-3 > Machine info: -------------------------------------------------------
2020-04-06 00:21:26,757 Thread-3 > Windows 10 10.0, Java 1.8.0_241, jvm bit x64, 16326 MB RAM
2020-04-06 00:21:26,757 Thread-3 > java path=C:\Program Files\Java\jre1.8.0_241\bin\javaw.exe
2020-04-06 00:21:26,757 Thread-3 > -------------------------------------------------------
2020-04-06 00:21:26,757 Thread-3 > Selected locale: en_US
2020-04-06 00:21:26,798 Thread-3 > [Loading] LOADING_CONSOLE
2020-04-06 00:21:26,975 Thread-3 > [Swing] Favicons loaded: 256px, 128px, 96px, 64px, 48px, 32px, 24px, 16px
2020-04-06 00:21:27,183 Thread-3 > 
2020-04-06 00:21:27,203 Thread-3 > [Downloader2] Loaded configuration: good
2020-04-06 00:21:27,321 Thread-3 > [Updater] Requesting an update...
2020-04-06 00:21:27,322 Thread-3 > [Updater] Requesting from: http://repo.tlauncher.org/update/lch/update_2.0.json
2020-04-06 00:21:27,322 Thread-3 > [Updater] Making request: http://repo.tlauncher.org/update/lch/update_2.0.json?version=2.69&client=3b8af410-94a3-45ec-941a-9969f21c5800
2020-04-06 00:21:27,453 Thread-3 > [Browser] Loading resources...
2020-04-06 00:21:27,542 Thread-3 > [Browser] Loading background...
2020-04-06 00:21:27,593 Thread-3 > [Browser] Cleaning up after loading:
2020-04-06 00:21:27,593 Thread-3 > Starting garbage collector: 69 / 195 MB
2020-04-06 00:21:27,635 Thread-3 > Garbage collector completed: 14 / 195 MB
2020-04-06 00:21:27,636 Thread-3 > [Loading] LOADING_MANAGERS
2020-04-06 00:21:27,641 Thread-3 > [LocalVersionList] Base directory: C:\Users\iljaf\AppData\Roaming\.minecraft
2020-04-06 00:21:27,651 Thread-3 > [ProfileManager] Refreshing profiles from: C:\Users\iljaf\AppData\Roaming\.minecraft\TlauncherProfiles.json
2020-04-06 00:21:27,661 Thread-3 > [AdvertisingStatusObserver]  started to get ad information
2020-04-06 00:21:27,661 Thread-3 > [AdvertisingStatusObserver]  finished to get add information
2020-04-06 00:21:27,661 Thread-3 > [GsonUtil]  request to http://repo.tlauncher.org/update/downloads/libraries/org/tlauncher/authlib/libraries-1.6.json
2020-04-06 00:21:27,668 Thread-3 > [Loading] LOADING_WINDOW
2020-04-06 00:21:27,694 Thread-3 > [Loading] PREPARING_MAINPANE
2020-04-06 00:21:27,700 Thread-3 > [JFXStartPageLoader]  start load page: http://page.tlauncher.org/update/downloads/configs/client/eng.html
2020-04-06 00:21:27,713 Thread-3 > [Browser] Running in JavaFX Thread
2020-04-06 00:21:27,713 Thread-3 > [Browser] Preparing JavaFX...
2020-04-06 00:21:27,778 Thread-3 > [Browser] Initializing...
2020-04-06 00:21:28,005 Thread-3 > [Updater] Request time: 682 ms
2020-04-06 00:21:28,005 Thread-3 > [Updater] Successfully requested from: http://repo.tlauncher.org/update/lch/update_2.0.json
2020-04-06 00:21:28,041 Thread-3 > [Downloader2] Loaded configuration: good
2020-04-06 00:21:29,145 Thread-3 > [JFXStartPageLoader]  succeeded load page: http://page.tlauncher.org/update/downloads/configs/client/eng.html during 1
2020-04-06 00:21:29,145 Thread-3 > [Browser@1922394244] Loaded successfully: "http://page.tlauncher.org/update/downloads/configs/client/eng.html"
2020-04-06 00:21:29,206 Thread-3 > [Browser] add listens into server_choose
2020-04-06 00:21:29,206 Thread-3 > [Browser] finished listens into server_choose
2020-04-06 00:21:29,262 Thread-3 > [Loading] POSTINIT_GUI
2020-04-06 00:21:29,262 Thread-3 > [Frame] Packing main frame...
2020-04-06 00:21:29,318 Thread-3 > [Frame] Resizing main pane...
2020-04-06 00:21:29,319 Thread-3 > Updater is already closed. Showing up...
2020-04-06 00:21:29,319 Thread-3 > Visibility set.
2020-04-06 00:21:29,320 Thread-3 > [Loading] REFRESHING_INFO
2020-04-06 00:21:29,323 Thread-3 > [VersionManager] Refreshing versions remotely...
2020-04-06 00:21:29,323 Thread-3 > Started! (2617 ms.)
2020-04-06 00:21:29,323 Thread-3 > [Loading] SUCCESS
2020-04-06 00:21:29,323 Thread-3 [Bootstrapper] I can be terminated now: 0
2020-04-09 02:49:09,843 main 
2020-04-09 02:49:09,844 main -------------------------------------------------------------------
2020-04-09 02:49:10,927 main run double running protectin
2020-04-09 02:49:10,931 main [Downloader2] Loaded configuration: normal
2020-04-09 02:49:11,324 main [Bootstrapper] createLauncher
2020-04-09 02:49:11,325 main path C:\Program Files\Java\jre1.8.0_241
2020-04-09 02:49:11,325 main [Bootstrapper] choose jvm:C:\Program Files\Java\jre1.8.0_241\bin\javaw.exe
2020-04-09 02:49:11,325 main [Bootstrapper] validate files
2020-04-09 02:49:11,325 main [Bootstrapper] end validated files
2020-04-09 02:49:11,325 main [Bootstrapper] Starting launcher...
2020-04-09 02:49:11,489 Thread-2 > [TLAUNCHER][STATIC] initialize inner config
2020-04-09 02:49:11,529 Thread-2 > [Loading] INITIALIZING
2020-04-09 02:49:13,641 Thread-2 > Starting TLauncher 2.69 RELEASE
2020-04-09 02:49:13,641 Thread-2 > For more information, visit https://tlauncher.org/
2020-04-09 02:49:13,641 Thread-2 > Startup time: Apr 9, 2020 2:49:13 AM
2020-04-09 02:49:13,642 Thread-2 > ---
2020-04-09 02:49:13,643 Thread-2 > run double running protectin
2020-04-09 02:49:13,836 Thread-2 > [Loading] LOADING_CONFIGURATION
2020-04-09 02:49:13,837 Thread-2 > Loading configuration from file: C:\Users\iljaf\AppData\Roaming\.tlauncher\tlauncher-2.0.properties
2020-04-09 02:49:13,899 Thread-2 > [Configuration] Constant values: {}
2020-04-09 02:49:13,929 Thread-2 > Machine info: -------------------------------------------------------
2020-04-09 02:49:13,929 Thread-2 > Windows 10 10.0, Java 1.8.0_241, jvm bit x64, 16326 MB RAM
2020-04-09 02:49:13,929 Thread-2 > java path=C:\Program Files\Java\jre1.8.0_241\bin\javaw.exe
2020-04-09 02:49:13,929 Thread-2 > Intel(R) Core(TM) i7-4790K CPU @ 4.00GHz
2020-04-09 02:49:13,929 Thread-2 >  NVIDIA GeForce GTX 970, GeForce GTX 970, 12206 MB, NVIDIA GeForce GTX 970, GeForce GTX 970, 12206 MB
2020-04-09 02:49:13,929 Thread-2 > -------------------------------------------------------
2020-04-09 02:49:13,929 Thread-2 > Selected locale: en_US
2020-04-09 02:49:14,031 Thread-2 > [Loading] LOADING_CONSOLE
2020-04-09 02:49:14,369 Thread-2 > [Swing] Favicons loaded: 256px, 128px, 96px, 64px, 48px, 32px, 24px, 16px
2020-04-09 02:49:14,585 Thread-2 > 
2020-04-09 02:49:14,628 Thread-2 > [Downloader2] Loaded configuration: good
2020-04-09 02:49:14,755 Thread-2 > [Updater] Requesting an update...
2020-04-09 02:49:14,757 Thread-2 > [Updater] Requesting from: http://repo.tlauncher.org/update/lch/update_2.0.json
2020-04-09 02:49:14,757 Thread-2 > [Updater] Making request: http://repo.tlauncher.org/update/lch/update_2.0.json?version=2.69&client=3b8af410-94a3-45ec-941a-9969f21c5800
2020-04-09 02:49:14,925 Thread-2 > [Updater] Request time: 169 ms
2020-04-09 02:49:14,926 Thread-2 > [Updater] Successfully requested from: http://repo.tlauncher.org/update/lch/update_2.0.json
2020-04-09 02:49:14,973 Thread-2 > [Browser] Loading resources...
2020-04-09 02:49:15,081 Thread-2 > [Browser] Loading background...
2020-04-09 02:49:15,141 Thread-2 > [Browser] Cleaning up after loading:
2020-04-09 02:49:15,142 Thread-2 > Starting garbage collector: 66 / 186 MB
2020-04-09 02:49:15,189 Thread-2 > Garbage collector completed: 13 / 186 MB
2020-04-09 02:49:15,191 Thread-2 > [Loading] LOADING_MANAGERS
2020-04-09 02:49:15,197 Thread-2 > [LocalVersionList] Base directory: C:\Users\iljaf\AppData\Roaming\.minecraft
2020-04-09 02:49:15,208 Thread-2 > [ProfileManager] Refreshing profiles from: C:\Users\iljaf\AppData\Roaming\.minecraft\TlauncherProfiles.json
2020-04-09 02:49:15,212 Thread-2 > [AdvertisingStatusObserver]  started to get ad information
2020-04-09 02:49:15,212 Thread-2 > [AdvertisingStatusObserver]  finished to get add information
2020-04-09 02:49:15,212 Thread-2 > [GsonUtil]  request to http://repo.tlauncher.org/update/downloads/libraries/org/tlauncher/authlib/libraries-1.6.json
2020-04-09 02:49:15,218 Thread-2 > [Loading] LOADING_WINDOW
2020-04-09 02:49:15,250 Thread-2 > [Loading] PREPARING_MAINPANE
2020-04-09 02:49:15,503 Thread-2 > [REPO][SERVER_LIST_REPO] Success: Reached the repo in 285 ms.
2020-04-09 02:49:15,520 Thread-2 > [JFXStartPageLoader]  start load page: http://page.tlauncher.org/update/downloads/configs/client/eng.html
2020-04-09 02:49:15,524 Thread-2 > [Browser] Running in JavaFX Thread
2020-04-09 02:49:15,525 Thread-2 > [Browser] Preparing JavaFX...
2020-04-09 02:49:15,599 Thread-2 > [Browser] Initializing...
2020-04-09 02:49:15,942 Thread-2 > [Downloader2] Loaded configuration: good
2020-04-09 02:49:17,022 Thread-2 > [JFXStartPageLoader]  succeeded load page: http://page.tlauncher.org/update/downloads/configs/client/eng.html during 1
2020-04-09 02:49:17,022 Thread-2 > [Browser@1167512572] Loaded successfully: "http://page.tlauncher.org/update/downloads/configs/client/eng.html"
2020-04-09 02:49:17,119 Thread-2 > [Browser] add listens into server_choose
2020-04-09 02:49:17,120 Thread-2 > [Browser] finished listens into server_choose
2020-04-09 02:49:17,294 Thread-2 > [Loading] POSTINIT_GUI
2020-04-09 02:49:17,294 Thread-2 > [Frame] Packing main frame...
2020-04-09 02:49:17,349 Thread-2 > [Frame] Resizing main pane...
2020-04-09 02:49:17,350 Thread-2 > Updater is already closed. Showing up...
2020-04-09 02:49:17,351 Thread-2 > Visibility set.
2020-04-09 02:49:17,351 Thread-2 > [Loading] REFRESHING_INFO
2020-04-09 02:49:17,353 Thread-2 > [VersionManager] Refreshing versions remotely...
2020-04-09 02:49:17,354 Thread-2 > [REPO][EXTRA_VERSION_REPO] Attempt #1; timeout: 45000 ms; url: http://repo.tlauncher.org/update/downloads/versions/new3/
2020-04-09 02:49:17,354 Thread-2 > Started! (3519 ms.)
2020-04-09 02:49:17,354 Thread-2 > [Loading] SUCCESS
2020-04-09 02:49:17,355 Thread-2 [Bootstrapper] I can be terminated now: 0
