2020-04-06 14:38:01,376 main 
2020-04-06 14:38:01,377 main -------------------------------------------------------------------
2020-04-06 14:38:02,915 main run double running protectin
2020-04-06 14:38:02,918 main [Downloader2] Loaded configuration: normal
2020-04-06 14:38:03,322 main [Bootstrapper] createLauncher
2020-04-06 14:38:03,322 main path C:\Program Files\Java\jre1.8.0_241
2020-04-06 14:38:03,322 main [Bootstrapper] choose jvm:C:\Program Files\Java\jre1.8.0_241\bin\javaw.exe
2020-04-06 14:38:03,323 main [Bootstrapper] validate files
2020-04-06 14:38:03,323 main [Bootstrapper] end validated files
2020-04-06 14:38:03,323 main [Bootstrapper] Starting launcher...
2020-04-06 14:38:03,454 Thread-2 > [TLAUNCHER][STATIC] initialize inner config
2020-04-06 14:38:03,489 Thread-2 > [Loading] INITIALIZING
2020-04-06 14:38:05,923 Thread-2 > Starting TLauncher 2.69 RELEASE
2020-04-06 14:38:05,923 Thread-2 > For more information, visit https://tlauncher.org/
2020-04-06 14:38:05,923 Thread-2 > Startup time: Apr 6, 2020 2:38:05 PM
2020-04-06 14:38:05,923 Thread-2 > ---
2020-04-06 14:38:05,925 Thread-2 > run double running protectin
2020-04-06 14:38:07,413 Thread-2 > [Loading] LOADING_CONFIGURATION
2020-04-06 14:38:07,414 Thread-2 > Loading configuration from file: C:\Users\iljaf\AppData\Roaming\.tlauncher\tlauncher-2.0.properties
2020-04-06 14:38:07,423 Thread-2 > [Configuration] Constant values: {}
2020-04-06 14:38:07,442 Thread-2 > Machine info: -------------------------------------------------------
2020-04-06 14:38:07,442 Thread-2 > Windows 10 10.0, Java 1.8.0_241, jvm bit x64, 16326 MB RAM
2020-04-06 14:38:07,442 Thread-2 > java path=C:\Program Files\Java\jre1.8.0_241\bin\javaw.exe
2020-04-06 14:38:07,442 Thread-2 > Intel(R) Core(TM) i7-4790K CPU @ 4.00GHz
2020-04-06 14:38:07,442 Thread-2 >  NVIDIA GeForce GTX 970, GeForce GTX 970, 12206 MB, NVIDIA GeForce GTX 970, GeForce GTX 970, 12206 MB
2020-04-06 14:38:07,442 Thread-2 > -------------------------------------------------------
2020-04-06 14:38:07,442 Thread-2 > Selected locale: en_US
2020-04-06 14:38:07,485 Thread-2 > [Loading] LOADING_CONSOLE
2020-04-06 14:38:07,687 Thread-2 > [Swing] Favicons loaded: 256px, 128px, 96px, 64px, 48px, 32px, 24px, 16px
2020-04-06 14:38:07,896 Thread-2 > 
2020-04-06 14:38:07,918 Thread-2 > [Downloader2] Loaded configuration: good
2020-04-06 14:38:08,038 Thread-2 > [Updater] Requesting an update...
2020-04-06 14:38:08,040 Thread-2 > [Updater] Requesting from: http://repo.tlauncher.org/update/lch/update_2.0.json
2020-04-06 14:38:08,040 Thread-2 > [Updater] Making request: http://repo.tlauncher.org/update/lch/update_2.0.json?version=2.69&client=3b8af410-94a3-45ec-941a-9969f21c5800
2020-04-06 14:38:08,223 Thread-2 > [Browser] Loading resources...
2020-04-06 14:38:08,321 Thread-2 > [Browser] Loading background...
2020-04-06 14:38:08,344 Thread-2 > [Browser] Cleaning up after loading:
2020-04-06 14:38:08,344 Thread-2 > Starting garbage collector: 65 / 146 MB
2020-04-06 14:38:08,388 Thread-2 > Garbage collector completed: 13 / 146 MB
2020-04-06 14:38:08,390 Thread-2 > [Loading] LOADING_MANAGERS
2020-04-06 14:38:08,394 Thread-2 > [LocalVersionList] Base directory: C:\Users\iljaf\AppData\Roaming\.minecraft
2020-04-06 14:38:08,403 Thread-2 > [ProfileManager] Refreshing profiles from: C:\Users\iljaf\AppData\Roaming\.minecraft\TlauncherProfiles.json
2020-04-06 14:38:08,412 Thread-2 > [AdvertisingStatusObserver]  started to get ad information
2020-04-06 14:38:08,412 Thread-2 > [AdvertisingStatusObserver]  finished to get add information
2020-04-06 14:38:08,412 Thread-2 > [GsonUtil]  request to http://repo.tlauncher.org/update/downloads/libraries/org/tlauncher/authlib/libraries-1.6.json
2020-04-06 14:38:08,416 Thread-2 > [Loading] LOADING_WINDOW
2020-04-06 14:38:08,444 Thread-2 > [Loading] PREPARING_MAINPANE
2020-04-06 14:38:08,505 Thread-2 > [Updater] Request time: 464 ms
2020-04-06 14:38:08,505 Thread-2 > [Updater] Successfully requested from: http://repo.tlauncher.org/update/lch/update_2.0.json
2020-04-06 14:38:08,611 Thread-2 > [JFXStartPageLoader]  start load page: http://page.tlauncher.org/update/downloads/configs/client/eng.html
2020-04-06 14:38:08,615 Thread-2 > [Browser] Running in JavaFX Thread
2020-04-06 14:38:08,615 Thread-2 > [Browser] Preparing JavaFX...
2020-04-06 14:38:08,700 Thread-2 > [Browser] Initializing...
2020-04-06 14:38:08,802 Thread-2 > [REPO][SERVER_LIST_REPO] Success: Reached the repo in 386 ms.
2020-04-06 14:38:08,810 Thread-2 > [Downloader2] Loaded configuration: good
2020-04-06 14:38:09,974 Thread-2 > [Loading] POSTINIT_GUI
2020-04-06 14:38:09,974 Thread-2 > [Frame] Packing main frame...
2020-04-06 14:38:10,013 Thread-2 > [Frame] Resizing main pane...
2020-04-06 14:38:10,014 Thread-2 > Updater is already closed. Showing up...
2020-04-06 14:38:10,014 Thread-2 > Visibility set.
2020-04-06 14:38:10,015 Thread-2 > [Loading] REFRESHING_INFO
2020-04-06 14:38:10,017 Thread-2 > [VersionManager] Refreshing versions remotely...
2020-04-06 14:38:10,017 Thread-2 > [REPO][EXTRA_VERSION_REPO] Attempt #1; timeout: 45000 ms; url: http://repo.tlauncher.org/update/downloads/versions/new3/
2020-04-06 14:38:10,018 Thread-2 > Started! (2604 ms.)
2020-04-06 14:38:10,018 Thread-2 > [Loading] SUCCESS
2020-04-06 14:38:10,018 Thread-2 [Bootstrapper] I can be terminated now: 0
2020-04-10 22:10:09,020 main 
2020-04-10 22:10:09,020 main -------------------------------------------------------------------
2020-04-10 22:10:09,872 main run double running protectin
2020-04-10 22:10:09,876 main [Downloader2] Loaded configuration: normal
2020-04-10 22:10:10,285 main [Bootstrapper] createLauncher
2020-04-10 22:10:10,285 main path C:\Program Files\Java\jre1.8.0_241
2020-04-10 22:10:10,285 main [Bootstrapper] choose jvm:C:\Program Files\Java\jre1.8.0_241\bin\javaw.exe
2020-04-10 22:10:10,286 main [Bootstrapper] validate files
2020-04-10 22:10:10,286 main [Bootstrapper] end validated files
2020-04-10 22:10:10,286 main [Bootstrapper] Starting launcher...
2020-04-10 22:10:10,421 Thread-2 > [TLAUNCHER][STATIC] initialize inner config
2020-04-10 22:10:10,454 Thread-2 > [Loading] INITIALIZING
2020-04-10 22:10:12,178 Thread-2 > Starting TLauncher 2.69 RELEASE
2020-04-10 22:10:12,179 Thread-2 > For more information, visit https://tlauncher.org/
2020-04-10 22:10:12,179 Thread-2 > Startup time: Apr 10, 2020 10:10:12 PM
2020-04-10 22:10:12,179 Thread-2 > ---
2020-04-10 22:10:12,181 Thread-2 > run double running protectin
2020-04-10 22:10:12,410 Thread-2 > [Loading] LOADING_CONFIGURATION
2020-04-10 22:10:12,411 Thread-2 > Loading configuration from file: C:\Users\iljaf\AppData\Roaming\.tlauncher\tlauncher-2.0.properties
2020-04-10 22:10:12,421 Thread-2 > [Configuration] Constant values: {}
2020-04-10 22:10:12,443 Thread-2 > Machine info: -------------------------------------------------------
2020-04-10 22:10:12,443 Thread-2 > Windows 10 10.0, Java 1.8.0_241, jvm bit x64, 16326 MB RAM
2020-04-10 22:10:12,443 Thread-2 > java path=C:\Program Files\Java\jre1.8.0_241\bin\javaw.exe
2020-04-10 22:10:12,443 Thread-2 > Intel(R) Core(TM) i7-4790K CPU @ 4.00GHz
2020-04-10 22:10:12,444 Thread-2 >  NVIDIA GeForce GTX 970, GeForce GTX 970, 12206 MB, NVIDIA GeForce GTX 970, GeForce GTX 970, 12206 MB
2020-04-10 22:10:12,444 Thread-2 > -------------------------------------------------------
2020-04-10 22:10:12,444 Thread-2 > Selected locale: en_US
2020-04-10 22:10:12,491 Thread-2 > [Loading] LOADING_CONSOLE
2020-04-10 22:10:12,740 Thread-2 > [Swing] Favicons loaded: 256px, 128px, 96px, 64px, 48px, 32px, 24px, 16px
2020-04-10 22:10:12,952 Thread-2 > 
2020-04-10 22:10:12,981 Thread-2 > [Downloader2] Loaded configuration: good
2020-04-10 22:10:13,102 Thread-2 > [Updater] Requesting an update...
2020-04-10 22:10:13,104 Thread-2 > [Updater] Requesting from: http://repo.tlauncher.org/update/lch/update_2.0.json
2020-04-10 22:10:13,104 Thread-2 > [Updater] Making request: http://repo.tlauncher.org/update/lch/update_2.0.json?version=2.69&client=3b8af410-94a3-45ec-941a-9969f21c5800
2020-04-10 22:10:13,302 Thread-2 > [Browser] Loading resources...
2020-04-10 22:10:13,411 Thread-2 > [Browser] Loading background...
2020-04-10 22:10:13,468 Thread-2 > [Browser] Cleaning up after loading:
2020-04-10 22:10:13,468 Thread-2 > Starting garbage collector: 66 / 194 MB
2020-04-10 22:10:13,511 Thread-2 > Garbage collector completed: 13 / 194 MB
2020-04-10 22:10:13,513 Thread-2 > [Loading] LOADING_MANAGERS
2020-04-10 22:10:13,518 Thread-2 > [LocalVersionList] Base directory: C:\Users\iljaf\AppData\Roaming\.minecraft
2020-04-10 22:10:13,528 Thread-2 > [ProfileManager] Refreshing profiles from: C:\Users\iljaf\AppData\Roaming\.minecraft\TlauncherProfiles.json
2020-04-10 22:10:13,537 Thread-2 > [AdvertisingStatusObserver]  started to get ad information
2020-04-10 22:10:13,539 Thread-2 > [AdvertisingStatusObserver]  finished to get add information
2020-04-10 22:10:13,539 Thread-2 > [GsonUtil]  request to http://repo.tlauncher.org/update/downloads/libraries/org/tlauncher/authlib/libraries-1.6.json
2020-04-10 22:10:13,544 Thread-2 > [Loading] LOADING_WINDOW
2020-04-10 22:10:13,572 Thread-2 > [Loading] PREPARING_MAINPANE
2020-04-10 22:10:13,734 Thread-2 > [JFXStartPageLoader]  start load page: http://page.tlauncher.org/update/downloads/configs/client/eng.html
2020-04-10 22:10:13,738 Thread-2 > [Browser] Running in JavaFX Thread
2020-04-10 22:10:13,738 Thread-2 > [Browser] Preparing JavaFX...
2020-04-10 22:10:13,814 Thread-2 > [Browser] Initializing...
2020-04-10 22:10:13,944 Thread-2 > [Downloader2] Loaded configuration: good
2020-04-10 22:10:14,014 Thread-2 > [REPO][SERVER_LIST_REPO] Success: Reached the repo in 469 ms.
2020-04-10 22:10:15,125 Thread-2 > [Loading] POSTINIT_GUI
2020-04-10 22:10:15,125 Thread-2 > [Frame] Packing main frame...
2020-04-10 22:10:15,167 Thread-2 > [Frame] Resizing main pane...
2020-04-10 22:10:15,167 Thread-2 > Waiting for Updater to close.
2020-04-10 22:10:15,695 Thread-2 > [JFXStartPageLoader]  succeeded load page: http://page.tlauncher.org/update/downloads/configs/client/eng.html during 1
2020-04-10 22:10:15,695 Thread-2 > [Browser@140698894] Loaded successfully: "http://page.tlauncher.org/update/downloads/configs/client/eng.html"
2020-04-10 22:10:15,767 Thread-2 > [Browser] add listens into server_choose
2020-04-10 22:10:15,767 Thread-2 > [Browser] finished listens into server_choose
2020-04-10 22:10:16,157 Thread-2 > [Updater] Request time: 3053 ms
2020-04-10 22:10:16,157 Thread-2 > [Updater] Successfully requested from: http://repo.tlauncher.org/update/lch/update_2.0.json
2020-04-10 22:10:16,581 Thread-2 > Visibility set.
2020-04-10 22:10:16,582 Thread-2 > [Loading] REFRESHING_INFO
2020-04-10 22:10:16,584 Thread-2 > [VersionManager] Refreshing versions remotely...
2020-04-10 22:10:16,585 Thread-2 > [REPO][EXTRA_VERSION_REPO] Attempt #1; timeout: 45000 ms; url: http://repo.tlauncher.org/update/downloads/versions/new3/
2020-04-10 22:10:16,585 Thread-2 > Started! (4176 ms.)
2020-04-10 22:10:16,585 Thread-2 > [Loading] SUCCESS
2020-04-10 22:10:16,586 Thread-2 [Bootstrapper] I can be terminated now: 0
