2020-04-07 02:52:16,623 main 
2020-04-07 02:52:16,624 main -------------------------------------------------------------------
2020-04-07 02:52:17,457 main run double running protectin
2020-04-07 02:52:17,461 main [Downloader2] Loaded configuration: normal
2020-04-07 02:52:17,799 main [Bootstrapper] createLauncher
2020-04-07 02:52:17,799 main path C:\Program Files\Java\jre1.8.0_241
2020-04-07 02:52:17,799 main [Bootstrapper] choose jvm:C:\Program Files\Java\jre1.8.0_241\bin\javaw.exe
2020-04-07 02:52:17,799 main [Bootstrapper] validate files
2020-04-07 02:52:17,799 main [Bootstrapper] end validated files
2020-04-07 02:52:17,800 main [Bootstrapper] Starting launcher...
2020-04-07 02:52:17,945 Thread-2 > [TLAUNCHER][STATIC] initialize inner config
2020-04-07 02:52:17,980 Thread-2 > [Loading] INITIALIZING
2020-04-07 02:52:19,719 Thread-2 > Starting TLauncher 2.69 RELEASE
2020-04-07 02:52:19,719 Thread-2 > For more information, visit https://tlauncher.org/
2020-04-07 02:52:19,719 Thread-2 > Startup time: Apr 7, 2020 2:52:19 AM
2020-04-07 02:52:19,720 Thread-2 > ---
2020-04-07 02:52:19,721 Thread-2 > run double running protectin
2020-04-07 02:52:19,907 Thread-2 > [Loading] LOADING_CONFIGURATION
2020-04-07 02:52:19,908 Thread-2 > Loading configuration from file: C:\Users\iljaf\AppData\Roaming\.tlauncher\tlauncher-2.0.properties
2020-04-07 02:52:19,918 Thread-2 > [Configuration] Constant values: {}
2020-04-07 02:52:19,945 Thread-2 > Machine info: -------------------------------------------------------
2020-04-07 02:52:19,946 Thread-2 > Windows 10 10.0, Java 1.8.0_241, jvm bit x64, 16326 MB RAM
2020-04-07 02:52:19,946 Thread-2 > java path=C:\Program Files\Java\jre1.8.0_241\bin\javaw.exe
2020-04-07 02:52:19,946 Thread-2 > Intel(R) Core(TM) i7-4790K CPU @ 4.00GHz
2020-04-07 02:52:19,946 Thread-2 >  NVIDIA GeForce GTX 970, GeForce GTX 970, 12206 MB, NVIDIA GeForce GTX 970, GeForce GTX 970, 12206 MB
2020-04-07 02:52:19,946 Thread-2 > -------------------------------------------------------
2020-04-07 02:52:19,946 Thread-2 > Selected locale: en_US
2020-04-07 02:52:19,999 Thread-2 > [Loading] LOADING_CONSOLE
2020-04-07 02:52:20,160 Thread-2 > [Swing] Favicons loaded: 256px, 128px, 96px, 64px, 48px, 32px, 24px, 16px
2020-04-07 02:52:20,372 Thread-2 > 
2020-04-07 02:52:20,395 Thread-2 > [Downloader2] Loaded configuration: good
2020-04-07 02:52:20,522 Thread-2 > [Updater] Requesting an update...
2020-04-07 02:52:20,524 Thread-2 > [Updater] Requesting from: http://repo.tlauncher.org/update/lch/update_2.0.json
2020-04-07 02:52:20,525 Thread-2 > [Updater] Making request: http://repo.tlauncher.org/update/lch/update_2.0.json?version=2.69&client=3b8af410-94a3-45ec-941a-9969f21c5800
2020-04-07 02:52:20,710 Thread-2 > [Browser] Loading resources...
2020-04-07 02:52:20,750 Thread-2 > [Updater] Request time: 226 ms
2020-04-07 02:52:20,751 Thread-2 > [Updater] Successfully requested from: http://repo.tlauncher.org/update/lch/update_2.0.json
2020-04-07 02:52:20,828 Thread-2 > [Browser] Loading background...
2020-04-07 02:52:20,890 Thread-2 > [Browser] Cleaning up after loading:
2020-04-07 02:52:20,891 Thread-2 > Starting garbage collector: 70 / 196 MB
2020-04-07 02:52:20,936 Thread-2 > Garbage collector completed: 14 / 196 MB
2020-04-07 02:52:20,938 Thread-2 > [Loading] LOADING_MANAGERS
2020-04-07 02:52:20,949 Thread-2 > [LocalVersionList] Base directory: C:\Users\iljaf\AppData\Roaming\.minecraft
2020-04-07 02:52:20,963 Thread-2 > [ProfileManager] Refreshing profiles from: C:\Users\iljaf\AppData\Roaming\.minecraft\TlauncherProfiles.json
2020-04-07 02:52:20,968 Thread-2 > [AdvertisingStatusObserver]  started to get ad information
2020-04-07 02:52:20,968 Thread-2 > [AdvertisingStatusObserver]  finished to get add information
2020-04-07 02:52:20,968 Thread-2 > [GsonUtil]  request to http://repo.tlauncher.org/update/downloads/libraries/org/tlauncher/authlib/libraries-1.6.json
2020-04-07 02:52:20,975 Thread-2 > [Loading] LOADING_WINDOW
2020-04-07 02:52:21,011 Thread-2 > [Loading] PREPARING_MAINPANE
2020-04-07 02:52:21,036 Thread-2 > [JFXStartPageLoader]  start load page: http://page.tlauncher.org/update/downloads/configs/client/eng.html
2020-04-07 02:52:21,041 Thread-2 > [Browser] Running in JavaFX Thread
2020-04-07 02:52:21,041 Thread-2 > [Browser] Preparing JavaFX...
2020-04-07 02:52:21,130 Thread-2 > [Browser] Initializing...
2020-04-07 02:52:21,227 Thread-2 > [REPO][SERVER_LIST_REPO] Success: Reached the repo in 252 ms.
2020-04-07 02:52:21,615 Thread-2 > [Downloader2] Loaded configuration: good
2020-04-07 02:52:22,538 Thread-2 > [JFXStartPageLoader]  succeeded load page: http://page.tlauncher.org/update/downloads/configs/client/eng.html during 1
2020-04-07 02:52:22,538 Thread-2 > [Browser@1749175387] Loaded successfully: "http://page.tlauncher.org/update/downloads/configs/client/eng.html"
2020-04-07 02:52:22,595 Thread-2 > [Browser] add listens into server_choose
2020-04-07 02:52:22,595 Thread-2 > [Browser] finished listens into server_choose
2020-04-07 02:52:22,829 Thread-2 > [Loading] POSTINIT_GUI
2020-04-07 02:52:22,830 Thread-2 > [Frame] Packing main frame...
2020-04-07 02:52:22,880 Thread-2 > [Frame] Resizing main pane...
2020-04-07 02:52:22,881 Thread-2 > Updater is already closed. Showing up...
2020-04-07 02:52:22,881 Thread-2 > Visibility set.
2020-04-07 02:52:22,882 Thread-2 > [Loading] REFRESHING_INFO
2020-04-07 02:52:22,885 Thread-2 > [VersionManager] Refreshing versions remotely...
2020-04-07 02:52:22,885 Thread-2 > [REPO][EXTRA_VERSION_REPO] Attempt #1; timeout: 45000 ms; url: http://repo.tlauncher.org/update/downloads/versions/new3/
2020-04-07 02:52:22,886 Thread-2 > Started! (2978 ms.)
2020-04-07 02:52:22,886 Thread-2 > [Loading] SUCCESS
2020-04-07 02:52:22,886 Thread-2 [Bootstrapper] I can be terminated now: 0
2020-04-11 04:24:09,782 main 
2020-04-11 04:24:09,783 main -------------------------------------------------------------------
2020-04-11 04:24:10,837 main run double running protectin
2020-04-11 04:24:10,841 main [Downloader2] Loaded configuration: normal
2020-04-11 04:24:11,237 main [Bootstrapper] createLauncher
2020-04-11 04:24:11,237 main path C:\Program Files\Java\jre1.8.0_241
2020-04-11 04:24:11,237 main [Bootstrapper] choose jvm:C:\Program Files\Java\jre1.8.0_241\bin\javaw.exe
2020-04-11 04:24:11,238 main [Bootstrapper] validate files
2020-04-11 04:24:11,238 main [Bootstrapper] end validated files
2020-04-11 04:24:11,238 main [Bootstrapper] Starting launcher...
2020-04-11 04:24:11,413 Thread-2 > [TLAUNCHER][STATIC] initialize inner config
2020-04-11 04:24:11,460 Thread-2 > [Loading] INITIALIZING
2020-04-11 04:24:13,488 Thread-2 > Starting TLauncher 2.69 RELEASE
2020-04-11 04:24:13,489 Thread-2 > For more information, visit https://tlauncher.org/
2020-04-11 04:24:13,489 Thread-2 > Startup time: Apr 11, 2020 4:24:13 AM
2020-04-11 04:24:13,490 Thread-2 > ---
2020-04-11 04:24:13,492 Thread-2 > run double running protectin
2020-04-11 04:24:13,706 Thread-2 > [Loading] LOADING_CONFIGURATION
2020-04-11 04:24:13,707 Thread-2 > Loading configuration from file: C:\Users\iljaf\AppData\Roaming\.tlauncher\tlauncher-2.0.properties
2020-04-11 04:24:13,754 Thread-2 > [Configuration] Constant values: {}
2020-04-11 04:24:13,777 Thread-2 > Machine info: -------------------------------------------------------
2020-04-11 04:24:13,777 Thread-2 > Windows 10 10.0, Java 1.8.0_241, jvm bit x64, 16326 MB RAM
2020-04-11 04:24:13,777 Thread-2 > java path=C:\Program Files\Java\jre1.8.0_241\bin\javaw.exe
2020-04-11 04:24:13,777 Thread-2 > Intel(R) Core(TM) i7-4790K CPU @ 4.00GHz
2020-04-11 04:24:13,777 Thread-2 >  NVIDIA GeForce GTX 970, GeForce GTX 970, 12206 MB, NVIDIA GeForce GTX 970, GeForce GTX 970, 12206 MB
2020-04-11 04:24:13,778 Thread-2 > -------------------------------------------------------
2020-04-11 04:24:13,778 Thread-2 > Selected locale: en_US
2020-04-11 04:24:13,865 Thread-2 > [Loading] LOADING_CONSOLE
2020-04-11 04:24:14,209 Thread-2 > [Swing] Favicons loaded: 256px, 128px, 96px, 64px, 48px, 32px, 24px, 16px
2020-04-11 04:24:14,420 Thread-2 > 
2020-04-11 04:24:14,450 Thread-2 > [Downloader2] Loaded configuration: good
2020-04-11 04:24:14,574 Thread-2 > [Updater] Requesting an update...
2020-04-11 04:24:14,576 Thread-2 > [Updater] Requesting from: http://repo.tlauncher.org/update/lch/update_2.0.json
2020-04-11 04:24:14,576 Thread-2 > [Updater] Making request: http://repo.tlauncher.org/update/lch/update_2.0.json?version=2.69&client=3b8af410-94a3-45ec-941a-9969f21c5800
2020-04-11 04:24:14,769 Thread-2 > [Browser] Loading resources...
2020-04-11 04:24:14,791 Thread-2 > [Updater] Request time: 215 ms
2020-04-11 04:24:14,791 Thread-2 > [Updater] Successfully requested from: http://repo.tlauncher.org/update/lch/update_2.0.json
2020-04-11 04:24:14,888 Thread-2 > [Browser] Loading background...
2020-04-11 04:24:14,957 Thread-2 > [Browser] Cleaning up after loading:
2020-04-11 04:24:14,957 Thread-2 > Starting garbage collector: 68 / 194 MB
2020-04-11 04:24:15,005 Thread-2 > Garbage collector completed: 13 / 194 MB
2020-04-11 04:24:15,008 Thread-2 > [Loading] LOADING_MANAGERS
2020-04-11 04:24:15,015 Thread-2 > [LocalVersionList] Base directory: C:\Users\iljaf\AppData\Roaming\.minecraft
2020-04-11 04:24:15,027 Thread-2 > [ProfileManager] Refreshing profiles from: C:\Users\iljaf\AppData\Roaming\.minecraft\TlauncherProfiles.json
2020-04-11 04:24:15,032 Thread-2 > [AdvertisingStatusObserver]  started to get ad information
2020-04-11 04:24:15,032 Thread-2 > [AdvertisingStatusObserver]  finished to get add information
2020-04-11 04:24:15,032 Thread-2 > [GsonUtil]  request to http://repo.tlauncher.org/update/downloads/libraries/org/tlauncher/authlib/libraries-1.6.json
2020-04-11 04:24:15,038 Thread-2 > [Loading] LOADING_WINDOW
2020-04-11 04:24:15,073 Thread-2 > [Loading] PREPARING_MAINPANE
2020-04-11 04:24:15,114 Thread-2 > [JFXStartPageLoader]  start load page: http://page.tlauncher.org/update/downloads/configs/client/eng.html
2020-04-11 04:24:15,119 Thread-2 > [Browser] Running in JavaFX Thread
2020-04-11 04:24:15,120 Thread-2 > [Browser] Preparing JavaFX...
2020-04-11 04:24:15,217 Thread-2 > [Browser] Initializing...
2020-04-11 04:24:15,271 Thread-2 > [REPO][SERVER_LIST_REPO] Success: Reached the repo in 233 ms.
2020-04-11 04:24:15,738 Thread-2 > [Downloader2] Loaded configuration: good
2020-04-11 04:24:16,657 Thread-2 > [JFXStartPageLoader]  succeeded load page: http://page.tlauncher.org/update/downloads/configs/client/eng.html during 1
2020-04-11 04:24:16,658 Thread-2 > [Browser@1249043447] Loaded successfully: "http://page.tlauncher.org/update/downloads/configs/client/eng.html"
2020-04-11 04:24:16,738 Thread-2 > [Browser] add listens into server_choose
2020-04-11 04:24:16,739 Thread-2 > [Browser] finished listens into server_choose
2020-04-11 04:24:17,016 Thread-2 > [Loading] POSTINIT_GUI
2020-04-11 04:24:17,016 Thread-2 > [Frame] Packing main frame...
2020-04-11 04:24:17,068 Thread-2 > [Frame] Resizing main pane...
2020-04-11 04:24:17,069 Thread-2 > Updater is already closed. Showing up...
2020-04-11 04:24:17,069 Thread-2 > Visibility set.
2020-04-11 04:24:17,070 Thread-2 > [Loading] REFRESHING_INFO
2020-04-11 04:24:17,072 Thread-2 > [VersionManager] Refreshing versions remotely...
2020-04-11 04:24:17,073 Thread-2 > [REPO][EXTRA_VERSION_REPO] Attempt #1; timeout: 45000 ms; url: http://repo.tlauncher.org/update/downloads/versions/new3/
2020-04-11 04:24:17,073 Thread-2 > Started! (3368 ms.)
2020-04-11 04:24:17,073 Thread-2 > [Loading] SUCCESS
2020-04-11 04:24:17,074 Thread-2 [Bootstrapper] I can be terminated now: 0
