2020-04-07 02:52:20,394 main [Loading] INITIALIZING
Starting TLauncher 2.69 RELEASE
For more information, visit https://tlauncher.org/
Startup time: Apr 7, 2020 2:52:19 AM
---
run double running protectin
[Loading] LOADING_CONFIGURATION
Loading configuration from file: C:\Users\iljaf\AppData\Roaming\.tlauncher\tlauncher-2.0.properties
[Configuration] Constant values: {}
Machine info: -------------------------------------------------------
Windows 10 10.0, Java 1.8.0_241, jvm bit x64, 16326 MB RAM
java path=C:\Program Files\Java\jre1.8.0_241\bin\javaw.exe
Intel(R) Core(TM) i7-4790K CPU @ 4.00GHz
 NVIDIA GeForce GTX 970, GeForce GTX 970, 12206 MB, NVIDIA GeForce GTX 970, GeForce GTX 970, 12206 MB
-------------------------------------------------------
Selected locale: en_US
[Loading] LOADING_CONSOLE
[Swing] Favicons loaded: 256px, 128px, 96px, 64px, 48px, 32px, 24px, 16px


2020-04-07 02:52:20,395 main [Downloader2] Loaded configuration: good
2020-04-07 02:52:20,522 ExtendedThread#4 [Updater] Requesting an update...
2020-04-07 02:52:20,524 ExtendedThread#4 [Updater] Requesting from: http://repo.tlauncher.org/update/lch/update_2.0.json
2020-04-07 02:52:20,524 ExtendedThread#4 [Updater] Making request: http://repo.tlauncher.org/update/lch/update_2.0.json?version=2.69&client=3b8af410-94a3-45ec-941a-9969f21c5800
2020-04-07 02:52:20,710 main [Browser] Loading resources...
2020-04-07 02:52:20,750 ExtendedThread#4 [Updater] Request time: 226 ms
2020-04-07 02:52:20,750 ExtendedThread#4 [Updater] Successfully requested from: http://repo.tlauncher.org/update/lch/update_2.0.json
2020-04-07 02:52:20,827 main [Browser] Loading background...
2020-04-07 02:52:20,890 main [Browser] Cleaning up after loading:
2020-04-07 02:52:20,890 main Starting garbage collector: 70 / 196 MB
2020-04-07 02:52:20,936 main Garbage collector completed: 14 / 196 MB
2020-04-07 02:52:20,938 main [Loading] LOADING_MANAGERS
2020-04-07 02:52:20,948 main [LocalVersionList] Base directory: C:\Users\iljaf\AppData\Roaming\.minecraft
2020-04-07 02:52:20,962 main [ProfileManager] Refreshing profiles from: C:\Users\iljaf\AppData\Roaming\.minecraft\TlauncherProfiles.json
2020-04-07 02:52:20,967 main [AdvertisingStatusObserver]  started to get ad information
2020-04-07 02:52:20,968 main [AdvertisingStatusObserver]  finished to get add information
2020-04-07 02:52:20,968 ExtendedThread#6 [GsonUtil]  request to http://repo.tlauncher.org/update/downloads/libraries/org/tlauncher/authlib/libraries-1.6.json
2020-04-07 02:52:20,974 main [Loading] LOADING_WINDOW
2020-04-07 02:52:21,011 main [Loading] PREPARING_MAINPANE
2020-04-07 02:52:21,035 JavaFX Application Thread [JFXStartPageLoader]  start load page: http://page.tlauncher.org/update/downloads/configs/client/eng.html
2020-04-07 02:52:21,040 JavaFX Application Thread [Browser] Running in JavaFX Thread
2020-04-07 02:52:21,041 JavaFX Application Thread [Browser] Preparing JavaFX...
2020-04-07 02:52:21,129 JavaFX Application Thread [Browser] Initializing...
2020-04-07 02:52:21,226 ExtendedThread#7 [REPO][SERVER_LIST_REPO] Success: Reached the repo in 252 ms.
2020-04-07 02:52:21,614 main [Downloader2] Loaded configuration: good
2020-04-07 02:52:22,537 JavaFX Application Thread [JFXStartPageLoader]  succeeded load page: http://page.tlauncher.org/update/downloads/configs/client/eng.html during 1
2020-04-07 02:52:22,538 JavaFX Application Thread [Browser@1749175387] Loaded successfully: "http://page.tlauncher.org/update/downloads/configs/client/eng.html"
2020-04-07 02:52:22,595 JavaFX Application Thread [Browser] add listens into server_choose
2020-04-07 02:52:22,595 JavaFX Application Thread [Browser] finished listens into server_choose
2020-04-07 02:52:22,829 main [Loading] POSTINIT_GUI
2020-04-07 02:52:22,829 main [Frame] Packing main frame...
2020-04-07 02:52:22,880 main [Frame] Resizing main pane...
2020-04-07 02:52:22,881 main Updater is already closed. Showing up...
2020-04-07 02:52:22,881 main Visibility set.
2020-04-07 02:52:22,882 main [Loading] REFRESHING_INFO
2020-04-07 02:52:22,884 ExtendedThread#6 [VersionManager] Refreshing versions remotely...
2020-04-07 02:52:22,885 ExtendedThread#7 [REPO][EXTRA_VERSION_REPO] Attempt #1; timeout: 45000 ms; url: http://repo.tlauncher.org/update/downloads/versions/new3/
2020-04-07 02:52:22,885 main Started! (2978 ms.)
2020-04-07 02:52:22,886 main [Loading] SUCCESS
2020-04-07 02:52:22,909 main [TLauncher] show tlauncher!!!
2020-04-07 02:52:22,910 main [Double running] clear time label
2020-04-07 02:52:22,977 AsyncObject#13 [REPO][OFFICIAL_VERSION_REPO] Attempt #1; timeout: 45000 ms; url: https://launchermeta.mojang.com/mc/game/
2020-04-07 02:52:22,978 AsyncObject#15 [REPO][SKIN_VERSION_REPO] Attempt #1; timeout: 45000 ms; url: http://repo.tlauncher.org/update/downloads/versions/new3/skin/versions/
2020-04-07 02:52:22,979 AsyncObject#14 [REPO][EXTRA_VERSION_REPO] Attempt #1; timeout: 45000 ms; url: http://repo.tlauncher.org/update/downloads/versions/new3/
2020-04-07 02:52:23,063 AsyncObject#15 [REPO][SKIN_VERSION_REPO] Success: Reached the repo in 85 ms.
2020-04-07 02:52:23,085 AsyncObject#15 [SkinVersionList] Got in 108 ms
2020-04-07 02:52:23,114 ExtendedThread#7 [REPO][EXTRA_VERSION_REPO] Success: Reached the repo in 229 ms.
2020-04-07 02:52:23,123 AsyncObject#14 [REPO][EXTRA_VERSION_REPO] Success: Reached the repo in 143 ms.
2020-04-07 02:52:23,157 AsyncObject#14 [ExtraVersionList] Got in 177 ms
2020-04-07 02:52:23,203 AsyncObject#13 [REPO][OFFICIAL_VERSION_REPO] Success: Reached the repo in 225 ms.
2020-04-07 02:52:23,335 AsyncObject#13 [OfficialVersionList] Got in 358 ms
2020-04-07 02:52:23,339 ExtendedThread#6 [VersionManager] Versions has been refreshed (415 ms)
2020-04-07 02:52:23,617 ExtendedThread#16 [REPO][ADD_HOT_SERVERS_REPO] Attempt #1; timeout: 45000 ms; url: http://repo.tlauncher.org/update/lch/additional_hot_servers-1.0.json
2020-04-07 02:52:23,626 ExtendedThread#4 [REPO][HOT_SERVERS_REPO] Attempt #1; timeout: 45000 ms; url: http://repo.tlauncher.org/update/lch/servers/hot_servers-1.0.json
2020-04-07 02:52:23,632 Thread-16 run server on  37842
2020-04-07 02:52:23,712 ExtendedThread#16 [REPO][ADD_HOT_SERVERS_REPO] Success: Reached the repo in 86 ms.
2020-04-07 02:52:23,743 ExtendedThread#4 [REPO][HOT_SERVERS_REPO] Success: Reached the repo in 111 ms.
2020-04-07 02:53:05,127 LoopedThread#8 [LoginForm] Login was OK. Trying to launch now.
2020-04-07 02:53:05,489 LoopedThread#8 [Launcher] Running under TLauncher 2.69
2020-04-07 02:53:05,491 LoopedThread#8 [Launcher] Collecting info...
2020-04-07 02:53:05,512 LoopedThread#8 [TLauncherManager] before clearLibrary C:\Users\iljaf\AppData\Roaming\.minecraft\mods\AdvancedMachines_1.12.2_61.0.1.jar C:\Users\iljaf\AppData\Roaming\.minecraft\mods\ae2stuff-0.7.0.4-mc1.12.2.jar C:\Users\iljaf\AppData\Roaming\.minecraft\mods\appliedenergistics2_rv6_stable_7.jar C:\Users\iljaf\AppData\Roaming\.minecraft\mods\bdlib-1.14.3.12-mc1.12.2.jar C:\Users\iljaf\AppData\Roaming\.minecraft\mods\CreativeCore_v1.10.4_mc1.12.2.jar C:\Users\iljaf\AppData\Roaming\.minecraft\mods\engineersdecor-1.12.2-1.0.20-b4.jar C:\Users\iljaf\AppData\Roaming\.minecraft\mods\engineers_doors-1.12.2-0.8.0.jar C:\Users\iljaf\AppData\Roaming\.minecraft\mods\ieclochecompat-2.1.7-dev.454.jar C:\Users\iljaf\AppData\Roaming\.minecraft\mods\immersivecables-1.12.2-1.3.2.jar C:\Users\iljaf\AppData\Roaming\.minecraft\mods\ImmersiveEngineering_0.12_92.jar C:\Users\iljaf\AppData\Roaming\.minecraft\mods\immersivepetroleum-1.12.2-1.1.9.jar C:\Users\iljaf\AppData\Roaming\.minecraft\mods\immersiveposts-0.1.5.jar C:\Users\iljaf\AppData\Roaming\.minecraft\mods\ImmersiveRailroading-1.7.3_1.12.2.jar C:\Users\iljaf\AppData\Roaming\.minecraft\mods\immersivetech-1.12-1.3.10.jar C:\Users\iljaf\AppData\Roaming\.minecraft\mods\industrialcraft_2_2.8.189_ex112.jar C:\Users\iljaf\AppData\Roaming\.minecraft\mods\ItemPhysic_Full_1.4.32_mc1.12.2.jar C:\Users\iljaf\AppData\Roaming\.minecraft\mods\journeymap_1.12.2_5.7.0.jar C:\Users\iljaf\AppData\Roaming\.minecraft\mods\Mekanism-1.12.2-9.6.4.356.jar C:\Users\iljaf\AppData\Roaming\.minecraft\mods\MTLib-3.0.6.jar C:\Users\iljaf\AppData\Roaming\.minecraft\mods\trackapi-1.2-1.12.2.jar C:\Users\iljaf\AppData\Roaming\.minecraft\mods\TreeChopper_1.12.2_1.2.4.jar
2020-04-07 02:53:05,534 LoopedThread#8 [TLauncherManager] written:  []
2020-04-07 02:53:05,540 LoopedThread#8 [TLauncherManager] after clearLibrary C:\Users\iljaf\AppData\Roaming\.minecraft\mods\AdvancedMachines_1.12.2_61.0.1.jar C:\Users\iljaf\AppData\Roaming\.minecraft\mods\ae2stuff-0.7.0.4-mc1.12.2.jar C:\Users\iljaf\AppData\Roaming\.minecraft\mods\appliedenergistics2_rv6_stable_7.jar C:\Users\iljaf\AppData\Roaming\.minecraft\mods\bdlib-1.14.3.12-mc1.12.2.jar C:\Users\iljaf\AppData\Roaming\.minecraft\mods\CreativeCore_v1.10.4_mc1.12.2.jar C:\Users\iljaf\AppData\Roaming\.minecraft\mods\engineersdecor-1.12.2-1.0.20-b4.jar C:\Users\iljaf\AppData\Roaming\.minecraft\mods\engineers_doors-1.12.2-0.8.0.jar C:\Users\iljaf\AppData\Roaming\.minecraft\mods\ieclochecompat-2.1.7-dev.454.jar C:\Users\iljaf\AppData\Roaming\.minecraft\mods\immersivecables-1.12.2-1.3.2.jar C:\Users\iljaf\AppData\Roaming\.minecraft\mods\ImmersiveEngineering_0.12_92.jar C:\Users\iljaf\AppData\Roaming\.minecraft\mods\immersivepetroleum-1.12.2-1.1.9.jar C:\Users\iljaf\AppData\Roaming\.minecraft\mods\immersiveposts-0.1.5.jar C:\Users\iljaf\AppData\Roaming\.minecraft\mods\ImmersiveRailroading-1.7.3_1.12.2.jar C:\Users\iljaf\AppData\Roaming\.minecraft\mods\immersivetech-1.12-1.3.10.jar C:\Users\iljaf\AppData\Roaming\.minecraft\mods\industrialcraft_2_2.8.189_ex112.jar C:\Users\iljaf\AppData\Roaming\.minecraft\mods\ItemPhysic_Full_1.4.32_mc1.12.2.jar C:\Users\iljaf\AppData\Roaming\.minecraft\mods\journeymap_1.12.2_5.7.0.jar C:\Users\iljaf\AppData\Roaming\.minecraft\mods\Mekanism-1.12.2-9.6.4.356.jar C:\Users\iljaf\AppData\Roaming\.minecraft\mods\MTLib-3.0.6.jar C:\Users\iljaf\AppData\Roaming\.minecraft\mods\trackapi-1.2-1.12.2.jar C:\Users\iljaf\AppData\Roaming\.minecraft\mods\TreeChopper_1.12.2_1.2.4.jar
2020-04-07 02:53:05,555 LoopedThread#8 [Launcher] Force update: false
2020-04-07 02:53:05,556 LoopedThread#8 [Launcher] Selected version: 1.12.2
2020-04-07 02:53:05,556 LoopedThread#8 [Launcher] Selected account: Account{displayName=null, userid=null, uuid=null, username=ILYXA}
2020-04-07 02:53:05,558 LoopedThread#8 [Launcher] Version sync info: VersionSyncInfo{id='1.12.2',
local=CompleteVersion{id='1.12.2', time=Fri Jun 28 10:05:57 MSK 2019, release=Mon Sep 18 11:39:46 MSK 2017, type=release, class=net.minecraft.client.main.Main, minimumVersion=18, assets='1.12', source=LOCAL_VERSION_REPO, list=net.minecraft.launcher.updater.OfficialVersionList@60155b6, libraries=[Library{name='com.mojang:patchy:1.1', rules=null, natives=null, extract=null, packed='null'}, Library{name='oshi-project:oshi-core:1.1', rules=null, natives=null, extract=null, packed='null'}, Library{name='net.java.dev.jna:jna:4.4.0', rules=null, natives=null, extract=null, packed='null'}, Library{name='net.java.dev.jna:platform:3.4.0', rules=null, natives=null, extract=null, packed='null'}, Library{name='com.ibm.icu:icu4j-core-mojang:51.2', rules=null, natives=null, extract=null, packed='null'}, Library{name='net.sf.jopt-simple:jopt-simple:5.0.3', rules=null, natives=null, extract=null, packed='null'}, Library{name='com.paulscode:codecjorbis:20101023', rules=null, natives=null, extract=null, packed='null'}, Library{name='com.paulscode:codecwav:20101023', rules=null, natives=null, extract=null, packed='null'}, Library{name='com.paulscode:libraryjavasound:20101123', rules=null, natives=null, extract=null, packed='null'}, Library{name='com.paulscode:librarylwjglopenal:20100824', rules=null, natives=null, extract=null, packed='null'}, Library{name='com.paulscode:soundsystem:20120107', rules=null, natives=null, extract=null, packed='null'}, Library{name='io.netty:netty-all:4.1.9.Final', rules=null, natives=null, extract=null, packed='null'}, Library{name='com.google.guava:guava:21.0', rules=null, natives=null, extract=null, packed='null'}, Library{name='org.apache.commons:commons-lang3:3.5', rules=null, natives=null, extract=null, packed='null'}, Library{name='commons-io:commons-io:2.5', rules=null, natives=null, extract=null, packed='null'}, Library{name='commons-codec:commons-codec:1.10', rules=null, natives=null, extract=null, packed='null'}, Library{name='net.java.jinput:jinput:2.0.5', rules=null, natives=null, extract=null, packed='null'}, Library{name='net.java.jutils:jutils:1.0.0', rules=null, natives=null, extract=null, packed='null'}, Library{name='com.google.code.gson:gson:2.8.0', rules=null, natives=null, extract=null, packed='null'}, Library{name='com.mojang:authlib:1.5.25', rules=null, natives=null, extract=null, packed='null'}, Library{name='com.mojang:realms:1.10.22', rules=null, natives=null, extract=null, packed='null'}, Library{name='org.apache.commons:commons-compress:1.8.1', rules=null, natives=null, extract=null, packed='null'}, Library{name='org.apache.httpcomponents:httpclient:4.3.3', rules=null, natives=null, extract=null, packed='null'}, Library{name='commons-logging:commons-logging:1.1.3', rules=null, natives=null, extract=null, packed='null'}, Library{name='org.apache.httpcomponents:httpcore:4.3.2', rules=null, natives=null, extract=null, packed='null'}, Library{name='it.unimi.dsi:fastutil:7.1.0', rules=null, natives=null, extract=null, packed='null'}, Library{name='org.apache.logging.log4j:log4j-api:2.8.1', rules=null, natives=null, extract=null, packed='null'}, Library{name='org.apache.logging.log4j:log4j-core:2.8.1', rules=null, natives=null, extract=null, packed='null'}, Library{name='org.lwjgl.lwjgl:lwjgl:2.9.4-nightly-20150209', rules=[Rule{action=ALLOW, os=null, features=null}, Rule{action=DISALLOW, os=OSRestriction{name=OSX, version='null'}, features=null}], natives=null, extract=null, packed='null'}, Library{name='org.lwjgl.lwjgl:lwjgl_util:2.9.4-nightly-20150209', rules=[Rule{action=ALLOW, os=null, features=null}, Rule{action=DISALLOW, os=OSRestriction{name=OSX, version='null'}, features=null}], natives=null, extract=null, packed='null'}, Library{name='org.lwjgl.lwjgl:lwjgl-platform:2.9.4-nightly-20150209', rules=[Rule{action=ALLOW, os=null, features=null}, Rule{action=DISALLOW, os=OSRestriction{name=OSX, version='null'}, features=null}], natives={LINUX=natives-linux, OSX=natives-osx, WINDOWS=natives-windows}, extract=net.minecraft.launcher.versions.ExtractRules@315cfc9b, packed='null'}, Library{name='org.lwjgl.lwjgl:lwjgl:2.9.2-nightly-20140822', rules=[Rule{action=ALLOW, os=OSRestriction{name=OSX, version='null'}, features=null}], natives=null, extract=null, packed='null'}, Library{name='org.lwjgl.lwjgl:lwjgl_util:2.9.2-nightly-20140822', rules=[Rule{action=ALLOW, os=OSRestriction{name=OSX, version='null'}, features=null}], natives=null, extract=null, packed='null'}, Library{name='org.lwjgl.lwjgl:lwjgl-platform:2.9.2-nightly-20140822', rules=[Rule{action=ALLOW, os=OSRestriction{name=OSX, version='null'}, features=null}], natives={LINUX=natives-linux, OSX=natives-osx, WINDOWS=natives-windows}, extract=net.minecraft.launcher.versions.ExtractRules@498c9f11, packed='null'}, Library{name='net.java.jinput:jinput-platform:2.0.5', rules=null, natives={LINUX=natives-linux, OSX=natives-osx, WINDOWS=natives-windows}, extract=net.minecraft.launcher.versions.ExtractRules@450d628, packed='null'}, Library{name='com.mojang:text2speech:1.10.3', rules=null, natives=null, extract=null, packed='null'}, Library{name='com.mojang:text2speech:1.10.3', rules=null, natives={LINUX=natives-linux, WINDOWS=natives-windows}, extract=net.minecraft.launcher.versions.ExtractRules@477d72d9, packed='null'}, Library{name='ca.weblite:java-objc-bridge:1.0.0', rules=[Rule{action=ALLOW, os=OSRestriction{name=OSX, version='null'}, features=null}], natives={OSX=natives-osx}, extract=net.minecraft.launcher.versions.ExtractRules@1113e689, packed='null'}, Library{name='ca.weblite:java-objc-bridge:1.0.0', rules=[Rule{action=ALLOW, os=OSRestriction{name=OSX, version='null'}, features=null}], natives=null, extract=null, packed='null'}]},
remote=PartialVersion{id='1.12.2', time=Fri Jun 28 10:05:57 MSK 2019, release=Mon Sep 18 11:39:46 MSK 2017, type=release, source=OFFICIAL_VERSION_REPO, skinVersion=false, list=net.minecraft.launcher.updater.OfficialVersionList@60155b6}, isInstalled=true, hasRemote=true, isUpToDate=true}
2020-04-07 02:53:05,611 LoopedThread#8 [Launcher] Java path: C:\Program Files\Java\jre1.8.0_241\bin\javaw.exe
2020-04-07 02:53:05,614 LoopedThread#8 [Launcher] Checking conditions...
2020-04-07 02:53:05,615 LoopedThread#8 [Launcher] shaderpacks:1491577480-0-robobo1221s-shaders-v70-extreme.zip,1491577480-0-robobo1221s-shaders-v70-high.zip,1491577480-0-robobo1221s-shaders-v70-low.zip,1491577480-0-robobo1221s-shaders-v70-medium.zip,1491577480-0-robobo1221s-shaders-v70-ultra.zip,bbepc.zip,Chocapic13 V6 Extreme.zip,Chocapic13 V6 High.zip,Chocapic13 V6 Lite.zip,Chocapic13 V6 Low.zip,Chocapic13 V6 Medium.zip,Chocapic13 V6 Ultra.zip,conquest_of_the_sun_.zip,Continuum-Shaders-Mod-HIGH.zip,Continuum-Shaders-Mod-LITE.zip,Continuum-Shaders-Mod-LOW.zip,Continuum-Shaders-Mod-MEDIUM.zip,Continuum-Shaders-Mod-Standard.zip,Continuum-Shaders-Mod-ULTRA.zip,DocteurDreads Shaders Low v0.1.zip,DocteurDreads Shaders v02 - Lite.zip,DocteurDreads-Shaders-Lite-v0.1-1.zip,Ebin-Shaders-master (распакуй архив).zip,H2O_datlax-bonlywaterr-v2.0.zip,Kadir Nck Shader V1.2.zip,kuda-shaders-v6281-default.zip,kuda-shaders-v6281-lite.zip,kuda-shaders-v6556 (1).zip,kuda-shaders-v6556.zip,medium.zip,minecraft-shader-pack-jelly-world-ver.-5.1.zip,mrmeepz-shaders-v05-medium.zip,mrmeepz-shaders-v05-ultra.zip,PlunderPixels_Shaders_1.7.x (1).zip,PlunderPixels_Shaders_1.7.x.zip,SEUS-v10.1-Ultra.zip,SEUS-v11.0.zip,Sildurs Enhanced Default v1.0.1.zip,Sildurs Vibrant Shaders v1.13 High.zip,Sildurs Vibrant Shaders v1.13 Lite.zip,Sildurs Vibrant Shaders v1.13 Medium.zip,Sildurs Vibrant Shaders v1.17 Lite.zip,sildurs-v1.161-extreme.zip,sildurs-v1.161-high.zip,sildurs-v1.161-lite.zip,sildurs-v1.161-medium.zip,sildurs-vibrant-shaders-v1.163-extreme-volumetric-lighting.zip,sildurs-vibrant-shaders-v1.163-extreme.zip,sildurs-vibrant-shaders-v1.163-high-motionblur.zip,sildurs-vibrant-shaders-v1.163-high.zip,sildurs-vibrant-shaders-v1.163-lite.zip,sildurs-vibrant-shaders-v1.163-medium.zip,standard.zip,Super haders V5.0.zip,Sushi Shader V2 (Chocapic13 edit).zip,Werrus HFPS Shaders V4.0 (распакуй архив).zip,World_Curvature 1.0.1a By_Thundkiing.zip,_§3MrButternuss§4Ultimate§3LowPerformance§4Shader§66.0 - EXTRA.zip,_§3MrButternuss§4Ultimate§3LowPerformance§4Shader§66.0.zip
2020-04-07 02:53:05,633 LoopedThread#8 [Launcher] resourcepacks:Faithful_1.12_rv1.zip,willpack7by.zip
2020-04-07 02:53:05,637 LoopedThread#8 [Launcher] Comparing assets...
2020-04-07 02:53:05,637 LoopedThread#8 [AssetsManager] Checking resources...
2020-04-07 02:53:05,638 LoopedThread#8 [AssetsManager] Reading indexes from file C:\Users\iljaf\AppData\Roaming\.minecraft\assets\indexes\1.12.json
2020-04-07 02:53:05,646 LoopedThread#8 [AssetsManager] Fast comparing: true
2020-04-07 02:53:05,939 LoopedThread#8 [Launcher] Delta time to compare assets: 301 ms.
2020-04-07 02:53:05,940 LoopedThread#8 [TLauncherManager] add required libraries: 1.12.2
2020-04-07 02:53:06,145 LoopedThread#8 [VersionManager] Required for version 1.12.2: []
2020-04-07 02:53:06,146 LoopedThread#8 [Modpack]  got container
2020-04-07 02:53:06,152 LoopedThread#8 [TLauncherManager] library will be replaced: com.mojang:patchy:1.1
2020-04-07 02:53:06,159 LoopedThread#8 [Launcher] Unpacking natives...
2020-04-07 02:53:06,167 LoopedThread#8 [Launcher] Constructing process...
2020-04-07 02:53:06,168 LoopedThread#8 [Launcher] Constructing classpath...
2020-04-07 02:53:06,173 LoopedThread#8 [Launcher] Getting Minecraft arguments...
2020-04-07 02:53:06,175 LoopedThread#8 [Launcher] Full command (characters are not escaped):
C:\Program Files\Java\jre1.8.0_241\bin\javaw.exe -Djava.net.preferIPv4Stack=true -Dos.name=Windows 10 -Dos.version=10.0 -Xmn128M -Xmx3674M -Djava.library.path=C:\Users\iljaf\AppData\Roaming\.minecraft\versions\1.12.2\natives -cp C:\Users\iljaf\AppData\Roaming\.minecraft\libraries\org\tlauncher\patchy\1.1\patchy-1.1.jar;C:\Users\iljaf\AppData\Roaming\.minecraft\libraries\oshi-project\oshi-core\1.1\oshi-core-1.1.jar;C:\Users\iljaf\AppData\Roaming\.minecraft\libraries\net\java\dev\jna\jna\4.4.0\jna-4.4.0.jar;C:\Users\iljaf\AppData\Roaming\.minecraft\libraries\net\java\dev\jna\platform\3.4.0\platform-3.4.0.jar;C:\Users\iljaf\AppData\Roaming\.minecraft\libraries\com\ibm\icu\icu4j-core-mojang\51.2\icu4j-core-mojang-51.2.jar;C:\Users\iljaf\AppData\Roaming\.minecraft\libraries\net\sf\jopt-simple\jopt-simple\5.0.3\jopt-simple-5.0.3.jar;C:\Users\iljaf\AppData\Roaming\.minecraft\libraries\com\paulscode\codecjorbis\20101023\codecjorbis-20101023.jar;C:\Users\iljaf\AppData\Roaming\.minecraft\libraries\com\paulscode\codecwav\20101023\codecwav-20101023.jar;C:\Users\iljaf\AppData\Roaming\.minecraft\libraries\com\paulscode\libraryjavasound\20101123\libraryjavasound-20101123.jar;C:\Users\iljaf\AppData\Roaming\.minecraft\libraries\com\paulscode\librarylwjglopenal\20100824\librarylwjglopenal-20100824.jar;C:\Users\iljaf\AppData\Roaming\.minecraft\libraries\com\paulscode\soundsystem\20120107\soundsystem-20120107.jar;C:\Users\iljaf\AppData\Roaming\.minecraft\libraries\io\netty\netty-all\4.1.9.Final\netty-all-4.1.9.Final.jar;C:\Users\iljaf\AppData\Roaming\.minecraft\libraries\com\google\guava\guava\21.0\guava-21.0.jar;C:\Users\iljaf\AppData\Roaming\.minecraft\libraries\org\apache\commons\commons-lang3\3.5\commons-lang3-3.5.jar;C:\Users\iljaf\AppData\Roaming\.minecraft\libraries\commons-io\commons-io\2.5\commons-io-2.5.jar;C:\Users\iljaf\AppData\Roaming\.minecraft\libraries\commons-codec\commons-codec\1.10\commons-codec-1.10.jar;C:\Users\iljaf\AppData\Roaming\.minecraft\libraries\net\java\jinput\jinput\2.0.5\jinput-2.0.5.jar;C:\Users\iljaf\AppData\Roaming\.minecraft\libraries\net\java\jutils\jutils\1.0.0\jutils-1.0.0.jar;C:\Users\iljaf\AppData\Roaming\.minecraft\libraries\com\google\code\gson\gson\2.8.0\gson-2.8.0.jar;C:\Users\iljaf\AppData\Roaming\.minecraft\libraries\com\mojang\authlib\1.5.25\authlib-1.5.25.jar;C:\Users\iljaf\AppData\Roaming\.minecraft\libraries\com\mojang\realms\1.10.22\realms-1.10.22.jar;C:\Users\iljaf\AppData\Roaming\.minecraft\libraries\org\apache\commons\commons-compress\1.8.1\commons-compress-1.8.1.jar;C:\Users\iljaf\AppData\Roaming\.minecraft\libraries\org\apache\httpcomponents\httpclient\4.3.3\httpclient-4.3.3.jar;C:\Users\iljaf\AppData\Roaming\.minecraft\libraries\commons-logging\commons-logging\1.1.3\commons-logging-1.1.3.jar;C:\Users\iljaf\AppData\Roaming\.minecraft\libraries\org\apache\httpcomponents\httpcore\4.3.2\httpcore-4.3.2.jar;C:\Users\iljaf\AppData\Roaming\.minecraft\libraries\it\unimi\dsi\fastutil\7.1.0\fastutil-7.1.0.jar;C:\Users\iljaf\AppData\Roaming\.minecraft\libraries\org\apache\logging\log4j\log4j-api\2.8.1\log4j-api-2.8.1.jar;C:\Users\iljaf\AppData\Roaming\.minecraft\libraries\org\apache\logging\log4j\log4j-core\2.8.1\log4j-core-2.8.1.jar;C:\Users\iljaf\AppData\Roaming\.minecraft\libraries\org\lwjgl\lwjgl\lwjgl\2.9.4-nightly-20150209\lwjgl-2.9.4-nightly-20150209.jar;C:\Users\iljaf\AppData\Roaming\.minecraft\libraries\org\lwjgl\lwjgl\lwjgl_util\2.9.4-nightly-20150209\lwjgl_util-2.9.4-nightly-20150209.jar;C:\Users\iljaf\AppData\Roaming\.minecraft\libraries\com\mojang\text2speech\1.10.3\text2speech-1.10.3.jar;C:\Users\iljaf\AppData\Roaming\.minecraft\versions\1.12.2\1.12.2.jar -Dminecraft.applet.TargetDirectory=C:\Users\iljaf\AppData\Roaming\.minecraft -XX:+UnlockExperimentalVMOptions -XX:+UseG1GC -XX:G1NewSizePercent=20 -XX:G1ReservePercent=20 -XX:MaxGCPauseMillis=50 -XX:G1HeapRegionSize=32M -Dfml.ignoreInvalidMinecraftCertificates=true -Dfml.ignorePatchDiscrepancies=true net.minecraft.client.main.Main --username ILYXA --version 1.12.2 --gameDir C:\Users\iljaf\AppData\Roaming\.minecraft --assetsDir C:\Users\iljaf\AppData\Roaming\.minecraft\assets --assetIndex 1.12 --uuid 00000000-0000-0000-0000-000000000000 --accessToken null --userType legacy --versionType release --width 925 --height 530
2020-04-07 02:53:06,215 LoopedThread#8 [Launcher] Launching Minecraft...
2020-04-07 02:53:06,219 LoopedThread#8 I'm hiding!
2020-04-07 02:53:06,231 LoopedThread#8 [TLauncherManager] mods after C:\Users\iljaf\AppData\Roaming\.minecraft\mods\AdvancedMachines_1.12.2_61.0.1.jar C:\Users\iljaf\AppData\Roaming\.minecraft\mods\ae2stuff-0.7.0.4-mc1.12.2.jar C:\Users\iljaf\AppData\Roaming\.minecraft\mods\appliedenergistics2_rv6_stable_7.jar C:\Users\iljaf\AppData\Roaming\.minecraft\mods\bdlib-1.14.3.12-mc1.12.2.jar C:\Users\iljaf\AppData\Roaming\.minecraft\mods\CreativeCore_v1.10.4_mc1.12.2.jar C:\Users\iljaf\AppData\Roaming\.minecraft\mods\engineersdecor-1.12.2-1.0.20-b4.jar C:\Users\iljaf\AppData\Roaming\.minecraft\mods\engineers_doors-1.12.2-0.8.0.jar C:\Users\iljaf\AppData\Roaming\.minecraft\mods\ieclochecompat-2.1.7-dev.454.jar C:\Users\iljaf\AppData\Roaming\.minecraft\mods\immersivecables-1.12.2-1.3.2.jar C:\Users\iljaf\AppData\Roaming\.minecraft\mods\ImmersiveEngineering_0.12_92.jar C:\Users\iljaf\AppData\Roaming\.minecraft\mods\immersivepetroleum-1.12.2-1.1.9.jar C:\Users\iljaf\AppData\Roaming\.minecraft\mods\immersiveposts-0.1.5.jar C:\Users\iljaf\AppData\Roaming\.minecraft\mods\ImmersiveRailroading-1.7.3_1.12.2.jar C:\Users\iljaf\AppData\Roaming\.minecraft\mods\immersivetech-1.12-1.3.10.jar C:\Users\iljaf\AppData\Roaming\.minecraft\mods\industrialcraft_2_2.8.189_ex112.jar C:\Users\iljaf\AppData\Roaming\.minecraft\mods\ItemPhysic_Full_1.4.32_mc1.12.2.jar C:\Users\iljaf\AppData\Roaming\.minecraft\mods\journeymap_1.12.2_5.7.0.jar C:\Users\iljaf\AppData\Roaming\.minecraft\mods\Mekanism-1.12.2-9.6.4.356.jar C:\Users\iljaf\AppData\Roaming\.minecraft\mods\MTLib-3.0.6.jar C:\Users\iljaf\AppData\Roaming\.minecraft\mods\trackapi-1.2-1.12.2.jar C:\Users\iljaf\AppData\Roaming\.minecraft\mods\TreeChopper_1.12.2_1.2.4.jar
2020-04-07 02:53:06,248 LoopedThread#8 [InnerMinecraftServersImpl]  search changers of the servers
2020-04-07 02:53:06,252 LoopedThread#8 read servers from servers.dat [Server(name=MasedWorld.ru, address=mc.masedworld.ru:25565, ip=mc.masedworld.ru, port=25565, hideAddress=false, acceptTextures=1), Server(name=VimeMC.ru, address=mc.vimemc.ru:25565, ip=mc.vimemc.ru, port=25565, hideAddress=false, acceptTextures=1), Server(name=DexLand.ru, address=mc.dexland.ru:25565, ip=mc.dexland.ru, port=25565, hideAddress=false, acceptTextures=1), Server(name=Minecraft Server, address=0.0.0.0, ip=0.0.0.0, port=null, hideAddress=false, acceptTextures=0), Server(name=Minecraft Server, address=192.168.0.1:25565, ip=192.168.0.1, port=25565, hideAddress=false, acceptTextures=0), Server(name=Сервер Minecraft, address=109.225.29.184:25566, ip=109.225.29.184, port=25566, hideAddress=false, acceptTextures=0)]
2020-04-07 02:53:06,260 LoopedThread#8 [InnerMinecraftServersImpl]  prepare inner servers
2020-04-07 02:53:06,263 LoopedThread#8 save servers to servers.dat
2020-04-07 02:53:06,268 LoopedThread#8 [Launcher] Starting Minecraft 1.12.2...
2020-04-07 02:53:06,268 LoopedThread#8 [Launcher] Launching in: C:\Users\iljaf\AppData\Roaming\.minecraft
2020-04-07 02:53:06,269 LoopedThread#8 Starting garbage collector: 128 / 263 MB
2020-04-07 02:53:06,366 LoopedThread#8 Garbage collector completed: 34 / 272 MB
2020-04-07 02:53:06,387 LoopedThread#8 [Launcher] Processing post-launch actions. Assist launch: true
2020-04-07 02:53:07,620 Thread-27 ===============================================================================================
2020-04-07 02:53:07,622 Thread-27 > [02:53:07] [Client thread/INFO]: Setting user: ILYXA
2020-04-07 02:53:08,592 Thread-27 > [02:53:08] [Client thread/WARN]: Skipping bad option: lastServer:
2020-04-07 02:53:08,599 Thread-27 > [02:53:08] [Client thread/INFO]: LWJGL Version: 2.9.4
2020-04-07 02:53:09,215 Thread-27 > [02:53:09] [Client thread/INFO]: Reloading ResourceManager: Default
2020-04-07 02:53:09,803 Thread-27 > [02:53:09] [Sound Library Loader/INFO]: Starting up SoundSystem...
2020-04-07 02:53:10,009 Thread-27 > [02:53:10] [Thread-3/INFO]: Initializing LWJGL OpenAL
2020-04-07 02:53:10,010 Thread-27 > [02:53:10] [Thread-3/INFO]: (The LWJGL binding of OpenAL.  For more information, see http://www.lwjgl.org)
2020-04-07 02:53:10,049 Thread-27 > [02:53:10] [Thread-3/INFO]: OpenAL initialized.
2020-04-07 02:53:10,405 Thread-27 > [02:53:10] [Sound Library Loader/INFO]: Sound engine started
2020-04-07 02:53:13,636 Thread-27 > [02:53:13] [Client thread/INFO]: Created: 1024x512 textures-atlas
2020-04-07 02:53:14,957 Thread-27 > [02:53:14] [Client thread/INFO]: Narrator library for x64 successfully loaded
2020-04-07 02:53:16,357 Thread-27 > [02:53:16] [Realms Notification Availability checker #1/INFO]: Could not authorize you against Realms server: Invalid session id
2020-04-07 02:54:07,463 Thread-27 > [02:54:07] [Client thread/INFO]: Stopping!
2020-04-07 02:54:07,464 Thread-27 > [02:54:07] [Client thread/INFO]: SoundSystem shutting down...
2020-04-07 02:54:07,676 Thread-27 > [02:54:07] [Client thread/WARN]: Author: Paul Lamb, www.paulscode.com
2020-04-07 02:54:08,227 Thread-27 Here I am!
2020-04-07 02:54:08,263 Thread-27 [VersionManager] Refreshing versions locally...
2020-04-07 02:54:08,278 Thread-27 [VersionManager] Versions has been refreshed (14 ms)
2020-04-07 02:54:08,292 Thread-27 [Launcher] Minecraft closed with exit code: 0
2020-04-07 02:54:08,294 LoopedThread#8 [Launcher] Launcher exited.
2020-04-07 02:54:09,789 AWT-EventQueue-0 Good bye!
2020-04-07 02:54:09,796 AWT-EventQueue-0 [TLauncherManager] before clearLibrary C:\Users\iljaf\AppData\Roaming\.minecraft\mods\AdvancedMachines_1.12.2_61.0.1.jar C:\Users\iljaf\AppData\Roaming\.minecraft\mods\ae2stuff-0.7.0.4-mc1.12.2.jar C:\Users\iljaf\AppData\Roaming\.minecraft\mods\appliedenergistics2_rv6_stable_7.jar C:\Users\iljaf\AppData\Roaming\.minecraft\mods\bdlib-1.14.3.12-mc1.12.2.jar C:\Users\iljaf\AppData\Roaming\.minecraft\mods\CreativeCore_v1.10.4_mc1.12.2.jar C:\Users\iljaf\AppData\Roaming\.minecraft\mods\engineersdecor-1.12.2-1.0.20-b4.jar C:\Users\iljaf\AppData\Roaming\.minecraft\mods\engineers_doors-1.12.2-0.8.0.jar C:\Users\iljaf\AppData\Roaming\.minecraft\mods\ieclochecompat-2.1.7-dev.454.jar C:\Users\iljaf\AppData\Roaming\.minecraft\mods\immersivecables-1.12.2-1.3.2.jar C:\Users\iljaf\AppData\Roaming\.minecraft\mods\ImmersiveEngineering_0.12_92.jar C:\Users\iljaf\AppData\Roaming\.minecraft\mods\immersivepetroleum-1.12.2-1.1.9.jar C:\Users\iljaf\AppData\Roaming\.minecraft\mods\immersiveposts-0.1.5.jar C:\Users\iljaf\AppData\Roaming\.minecraft\mods\ImmersiveRailroading-1.7.3_1.12.2.jar C:\Users\iljaf\AppData\Roaming\.minecraft\mods\immersivetech-1.12-1.3.10.jar C:\Users\iljaf\AppData\Roaming\.minecraft\mods\industrialcraft_2_2.8.189_ex112.jar C:\Users\iljaf\AppData\Roaming\.minecraft\mods\ItemPhysic_Full_1.4.32_mc1.12.2.jar C:\Users\iljaf\AppData\Roaming\.minecraft\mods\journeymap_1.12.2_5.7.0.jar C:\Users\iljaf\AppData\Roaming\.minecraft\mods\Mekanism-1.12.2-9.6.4.356.jar C:\Users\iljaf\AppData\Roaming\.minecraft\mods\MTLib-3.0.6.jar C:\Users\iljaf\AppData\Roaming\.minecraft\mods\trackapi-1.2-1.12.2.jar C:\Users\iljaf\AppData\Roaming\.minecraft\mods\TreeChopper_1.12.2_1.2.4.jar
2020-04-07 02:54:09,814 AWT-EventQueue-0 [TLauncherManager] written:  []
2020-04-07 02:54:09,819 AWT-EventQueue-0 [TLauncherManager] after clearLibrary C:\Users\iljaf\AppData\Roaming\.minecraft\mods\AdvancedMachines_1.12.2_61.0.1.jar C:\Users\iljaf\AppData\Roaming\.minecraft\mods\ae2stuff-0.7.0.4-mc1.12.2.jar C:\Users\iljaf\AppData\Roaming\.minecraft\mods\appliedenergistics2_rv6_stable_7.jar C:\Users\iljaf\AppData\Roaming\.minecraft\mods\bdlib-1.14.3.12-mc1.12.2.jar C:\Users\iljaf\AppData\Roaming\.minecraft\mods\CreativeCore_v1.10.4_mc1.12.2.jar C:\Users\iljaf\AppData\Roaming\.minecraft\mods\engineersdecor-1.12.2-1.0.20-b4.jar C:\Users\iljaf\AppData\Roaming\.minecraft\mods\engineers_doors-1.12.2-0.8.0.jar C:\Users\iljaf\AppData\Roaming\.minecraft\mods\ieclochecompat-2.1.7-dev.454.jar C:\Users\iljaf\AppData\Roaming\.minecraft\mods\immersivecables-1.12.2-1.3.2.jar C:\Users\iljaf\AppData\Roaming\.minecraft\mods\ImmersiveEngineering_0.12_92.jar C:\Users\iljaf\AppData\Roaming\.minecraft\mods\immersivepetroleum-1.12.2-1.1.9.jar C:\Users\iljaf\AppData\Roaming\.minecraft\mods\immersiveposts-0.1.5.jar C:\Users\iljaf\AppData\Roaming\.minecraft\mods\ImmersiveRailroading-1.7.3_1.12.2.jar C:\Users\iljaf\AppData\Roaming\.minecraft\mods\immersivetech-1.12-1.3.10.jar C:\Users\iljaf\AppData\Roaming\.minecraft\mods\industrialcraft_2_2.8.189_ex112.jar C:\Users\iljaf\AppData\Roaming\.minecraft\mods\ItemPhysic_Full_1.4.32_mc1.12.2.jar C:\Users\iljaf\AppData\Roaming\.minecraft\mods\journeymap_1.12.2_5.7.0.jar C:\Users\iljaf\AppData\Roaming\.minecraft\mods\Mekanism-1.12.2-9.6.4.356.jar C:\Users\iljaf\AppData\Roaming\.minecraft\mods\MTLib-3.0.6.jar C:\Users\iljaf\AppData\Roaming\.minecraft\mods\trackapi-1.2-1.12.2.jar C:\Users\iljaf\AppData\Roaming\.minecraft\mods\TreeChopper_1.12.2_1.2.4.jar
2020-04-11 04:24:14,449 main [Loading] INITIALIZING
Starting TLauncher 2.69 RELEASE
For more information, visit https://tlauncher.org/
Startup time: Apr 11, 2020 4:24:13 AM
---
run double running protectin
[Loading] LOADING_CONFIGURATION
Loading configuration from file: C:\Users\iljaf\AppData\Roaming\.tlauncher\tlauncher-2.0.properties
[Configuration] Constant values: {}
Machine info: -------------------------------------------------------
Windows 10 10.0, Java 1.8.0_241, jvm bit x64, 16326 MB RAM
java path=C:\Program Files\Java\jre1.8.0_241\bin\javaw.exe
Intel(R) Core(TM) i7-4790K CPU @ 4.00GHz
 NVIDIA GeForce GTX 970, GeForce GTX 970, 12206 MB, NVIDIA GeForce GTX 970, GeForce GTX 970, 12206 MB
-------------------------------------------------------
Selected locale: en_US
[Loading] LOADING_CONSOLE
[Swing] Favicons loaded: 256px, 128px, 96px, 64px, 48px, 32px, 24px, 16px


2020-04-11 04:24:14,450 main [Downloader2] Loaded configuration: good
2020-04-11 04:24:14,574 ExtendedThread#4 [Updater] Requesting an update...
2020-04-11 04:24:14,575 ExtendedThread#4 [Updater] Requesting from: http://repo.tlauncher.org/update/lch/update_2.0.json
2020-04-11 04:24:14,576 ExtendedThread#4 [Updater] Making request: http://repo.tlauncher.org/update/lch/update_2.0.json?version=2.69&client=3b8af410-94a3-45ec-941a-9969f21c5800
2020-04-11 04:24:14,769 main [Browser] Loading resources...
2020-04-11 04:24:14,790 ExtendedThread#4 [Updater] Request time: 215 ms
2020-04-11 04:24:14,791 ExtendedThread#4 [Updater] Successfully requested from: http://repo.tlauncher.org/update/lch/update_2.0.json
2020-04-11 04:24:14,888 main [Browser] Loading background...
2020-04-11 04:24:14,956 main [Browser] Cleaning up after loading:
2020-04-11 04:24:14,957 main Starting garbage collector: 68 / 194 MB
2020-04-11 04:24:15,005 main Garbage collector completed: 13 / 194 MB
2020-04-11 04:24:15,007 main [Loading] LOADING_MANAGERS
2020-04-11 04:24:15,015 main [LocalVersionList] Base directory: C:\Users\iljaf\AppData\Roaming\.minecraft
2020-04-11 04:24:15,027 main [ProfileManager] Refreshing profiles from: C:\Users\iljaf\AppData\Roaming\.minecraft\TlauncherProfiles.json
2020-04-11 04:24:15,032 main [AdvertisingStatusObserver]  started to get ad information
2020-04-11 04:24:15,032 main [AdvertisingStatusObserver]  finished to get add information
2020-04-11 04:24:15,032 ExtendedThread#6 [GsonUtil]  request to http://repo.tlauncher.org/update/downloads/libraries/org/tlauncher/authlib/libraries-1.6.json
2020-04-11 04:24:15,037 main [Loading] LOADING_WINDOW
2020-04-11 04:24:15,073 main [Loading] PREPARING_MAINPANE
2020-04-11 04:24:15,113 JavaFX Application Thread [JFXStartPageLoader]  start load page: http://page.tlauncher.org/update/downloads/configs/client/eng.html
2020-04-11 04:24:15,119 JavaFX Application Thread [Browser] Running in JavaFX Thread
2020-04-11 04:24:15,119 JavaFX Application Thread [Browser] Preparing JavaFX...
2020-04-11 04:24:15,217 JavaFX Application Thread [Browser] Initializing...
2020-04-11 04:24:15,271 ExtendedThread#7 [REPO][SERVER_LIST_REPO] Success: Reached the repo in 233 ms.
2020-04-11 04:24:15,737 main [Downloader2] Loaded configuration: good
2020-04-11 04:24:16,656 JavaFX Application Thread [JFXStartPageLoader]  succeeded load page: http://page.tlauncher.org/update/downloads/configs/client/eng.html during 1
2020-04-11 04:24:16,657 JavaFX Application Thread [Browser@1249043447] Loaded successfully: "http://page.tlauncher.org/update/downloads/configs/client/eng.html"
2020-04-11 04:24:16,738 JavaFX Application Thread [Browser] add listens into server_choose
2020-04-11 04:24:16,738 JavaFX Application Thread [Browser] finished listens into server_choose
2020-04-11 04:24:17,016 main [Loading] POSTINIT_GUI
2020-04-11 04:24:17,016 main [Frame] Packing main frame...
2020-04-11 04:24:17,068 main [Frame] Resizing main pane...
2020-04-11 04:24:17,069 main Updater is already closed. Showing up...
2020-04-11 04:24:17,069 main Visibility set.
2020-04-11 04:24:17,070 main [Loading] REFRESHING_INFO
2020-04-11 04:24:17,072 ExtendedThread#6 [VersionManager] Refreshing versions remotely...
2020-04-11 04:24:17,072 ExtendedThread#7 [REPO][EXTRA_VERSION_REPO] Attempt #1; timeout: 45000 ms; url: http://repo.tlauncher.org/update/downloads/versions/new3/
2020-04-11 04:24:17,073 main Started! (3368 ms.)
2020-04-11 04:24:17,073 main [Loading] SUCCESS
2020-04-11 04:24:17,106 main [TLauncher] show tlauncher!!!
2020-04-11 04:24:17,106 main [Double running] clear time label
2020-04-11 04:24:17,203 AsyncObject#15 [REPO][SKIN_VERSION_REPO] Attempt #1; timeout: 45000 ms; url: http://repo.tlauncher.org/update/downloads/versions/new3/skin/versions/
2020-04-11 04:24:17,203 AsyncObject#14 [REPO][EXTRA_VERSION_REPO] Attempt #1; timeout: 45000 ms; url: http://repo.tlauncher.org/update/downloads/versions/new3/
2020-04-11 04:24:17,205 AsyncObject#13 [REPO][OFFICIAL_VERSION_REPO] Attempt #1; timeout: 45000 ms; url: https://launchermeta.mojang.com/mc/game/
2020-04-11 04:24:17,264 ExtendedThread#7 [REPO][EXTRA_VERSION_REPO] Success: Reached the repo in 192 ms.
2020-04-11 04:24:17,270 AsyncObject#15 [REPO][SKIN_VERSION_REPO] Success: Reached the repo in 67 ms.
2020-04-11 04:24:17,289 AsyncObject#15 [SkinVersionList] Got in 86 ms
2020-04-11 04:24:17,340 AsyncObject#14 [REPO][EXTRA_VERSION_REPO] Success: Reached the repo in 136 ms.
2020-04-11 04:24:17,406 AsyncObject#14 [ExtraVersionList] Got in 203 ms
2020-04-11 04:24:17,682 AsyncObject#13 [REPO][OFFICIAL_VERSION_REPO] Success: Reached the repo in 476 ms.
2020-04-11 04:24:17,783 AsyncObject#13 [OfficialVersionList] Got in 578 ms
2020-04-11 04:24:17,786 ExtendedThread#6 [VersionManager] Versions has been refreshed (660 ms)
2020-04-11 04:24:17,938 ExtendedThread#4 [REPO][ADD_HOT_SERVERS_REPO] Attempt #1; timeout: 45000 ms; url: http://repo.tlauncher.org/update/lch/additional_hot_servers-1.0.json
2020-04-11 04:24:17,942 ExtendedThread#16 [REPO][HOT_SERVERS_REPO] Attempt #1; timeout: 45000 ms; url: http://repo.tlauncher.org/update/lch/servers/hot_servers-1.0.json
2020-04-11 04:24:17,946 Thread-14 run server on  37842
2020-04-11 04:24:18,131 ExtendedThread#16 [REPO][HOT_SERVERS_REPO] Success: Reached the repo in 185 ms.
2020-04-11 04:24:18,541 ExtendedThread#4 [REPO][ADD_HOT_SERVERS_REPO] Success: Reached the repo in 599 ms.
2020-04-11 04:24:20,783 ExtendedThread#4 [OS] Trying to open folder: C:\Users\iljaf\AppData\Roaming\.minecraft\
2020-04-11 04:24:22,018 AWT-EventQueue-0 Good bye!
2020-04-11 04:24:22,043 AWT-EventQueue-0 [TLauncherManager] before clearLibrary C:\Users\iljaf\AppData\Roaming\.minecraft\mods\1.12ArmorStatusHUD_client_1.43.0.jar C:\Users\iljaf\AppData\Roaming\.minecraft\mods\1.12bspkrsCore_universal_7.6.0.1.jar C:\Users\iljaf\AppData\Roaming\.minecraft\mods\1.12StatusEffectHUD_client_1.43.0.jar C:\Users\iljaf\AppData\Roaming\.minecraft\mods\AdvancedMachines_1.12.2_61.0.1.jar C:\Users\iljaf\AppData\Roaming\.minecraft\mods\AdvancedSolarPanels_1.12.2_4.3.0.jar C:\Users\iljaf\AppData\Roaming\.minecraft\mods\ae2stuff-0.7.0.4-mc1.12.2.jar C:\Users\iljaf\AppData\Roaming\.minecraft\mods\appliedenergistics2_rv6_stable_7.jar C:\Users\iljaf\AppData\Roaming\.minecraft\mods\bdlib-1.14.3.12-mc1.12.2.jar C:\Users\iljaf\AppData\Roaming\.minecraft\mods\betterquesting-3.5.323.jar C:\Users\iljaf\AppData\Roaming\.minecraft\mods\BiblioCraftv2.4.5MC1.12.2.jar C:\Users\iljaf\AppData\Roaming\.minecraft\mods\binnie_mods_1.12.2_2.5.1.202.jar C:\Users\iljaf\AppData\Roaming\.minecraft\mods\BiomesOPlenty_1.12.2_7.0.1.2444_universal.jar C:\Users\iljaf\AppData\Roaming\.minecraft\mods\buildcraft_1.12.2_all_7.99.24.6.jar C:\Users\iljaf\AppData\Roaming\.minecraft\mods\Cathedral_1.12.2_1.9.9.jar C:\Users\iljaf\AppData\Roaming\.minecraft\mods\Chisel-MC1.12.2-1.0.2.45.jar C:\Users\iljaf\AppData\Roaming\.minecraft\mods\CodeChickenLib_1.12.2_3.2.3.358_universal.jar C:\Users\iljaf\AppData\Roaming\.minecraft\mods\CoFHCore-1.12.2-4.6.6.1-universal.jar C:\Users\iljaf\AppData\Roaming\.minecraft\mods\CoFHWorld-1.12.2-1.4.0.1-universal.jar C:\Users\iljaf\AppData\Roaming\.minecraft\mods\Cosmetic-Wings-Mod-1.12.1.jar C:\Users\iljaf\AppData\Roaming\.minecraft\mods\crafttweaker2-1.12-4.1.20.jar C:\Users\iljaf\AppData\Roaming\.minecraft\mods\CreativeCore_v1.10.4_mc1.12.2.jar C:\Users\iljaf\AppData\Roaming\.minecraft\mods\CTM-MC1.12.2-1.0.2.31.jar C:\Users\iljaf\AppData\Roaming\.minecraft\mods\CustomNPCs_1.12.2_01Oct19.jar C:\Users\iljaf\AppData\Roaming\.minecraft\mods\dlya_1.12.2.litemod C:\Users\iljaf\AppData\Roaming\.minecraft\mods\energyconverters_1.12.2_1.3.6.24.jar C:\Users\iljaf\AppData\Roaming\.minecraft\mods\engineers_doors-1.12.2-0.8.0.jar C:\Users\iljaf\AppData\Roaming\.minecraft\mods\extracells-1.12.2-2.6.5.jar C:\Users\iljaf\AppData\Roaming\.minecraft\mods\forestry_1.12.2-5.8.2.387.jar C:\Users\iljaf\AppData\Roaming\.minecraft\mods\forgemultipart-1.12.2-2.6.2.83-universal.jar C:\Users\iljaf\AppData\Roaming\.minecraft\mods\GravitationSuite_1.12.2_3.1.1.jar C:\Users\iljaf\AppData\Roaming\.minecraft\mods\Hwyla_1.8.26_B41_1.12.2.jar C:\Users\iljaf\AppData\Roaming\.minecraft\mods\ieclochecompat-2.1.7-dev.454.jar C:\Users\iljaf\AppData\Roaming\.minecraft\mods\immersivecables-1.12.2-1.3.2.jar C:\Users\iljaf\AppData\Roaming\.minecraft\mods\ImmersiveEngineering_0.12_92.jar C:\Users\iljaf\AppData\Roaming\.minecraft\mods\immersivepetroleum-1.12.2-1.1.9.jar C:\Users\iljaf\AppData\Roaming\.minecraft\mods\immersiveposts-0.1.5.jar C:\Users\iljaf\AppData\Roaming\.minecraft\mods\immersivetech-1.12-1.3.10.jar C:\Users\iljaf\AppData\Roaming\.minecraft\mods\industrialcraft_2_2.8.189_ex112.jar C:\Users\iljaf\AppData\Roaming\.minecraft\mods\InventoryTweaks_1.12.2_1.64dev.151.jar C:\Users\iljaf\AppData\Roaming\.minecraft\mods\ironchest_1.12.2_7.0.67.844.jar C:\Users\iljaf\AppData\Roaming\.minecraft\mods\ItemPhysic_Full_1.4.32_mc1.12.2.jar C:\Users\iljaf\AppData\Roaming\.minecraft\mods\jei_1.12.2_4.15.0.293.jar C:\Users\iljaf\AppData\Roaming\.minecraft\mods\journeymap_1.12.2_5.7.0.jar C:\Users\iljaf\AppData\Roaming\.minecraft\mods\liteloader_installer_1.12.2_00_SNAPSHOT.jar C:\Users\iljaf\AppData\Roaming\.minecraft\mods\Mekanism-1.12.2-9.6.4.356.jar C:\Users\iljaf\AppData\Roaming\.minecraft\mods\modtweaker-4.0.18.jar C:\Users\iljaf\AppData\Roaming\.minecraft\mods\mod_armorshudrevived_1.2.0_mc1.12.r2.litemod C:\Users\iljaf\AppData\Roaming\.minecraft\mods\mrtjpcore-1.12.2-2.1.4.43-universal.jar C:\Users\iljaf\AppData\Roaming\.minecraft\mods\MTLib-3.0.6.jar C:\Users\iljaf\AppData\Roaming\.minecraft\mods\NotEnoughItems_1.12.2_2.4.3.245_universal.jar C:\Users\iljaf\AppData\Roaming\.minecraft\mods\OptiFine_1.12.2_HD_U_F5.jar C:\Users\iljaf\AppData\Roaming\.minecraft\mods\projectred-1.12.2-4.9.4.120-base.jar C:\Users\iljaf\AppData\Roaming\.minecraft\mods\projectred-1.12.2-4.9.4.120-compat.jar C:\Users\iljaf\AppData\Roaming\.minecraft\mods\projectred-1.12.2-4.9.4.120-fabrication.jar C:\Users\iljaf\AppData\Roaming\.minecraft\mods\projectred-1.12.2-4.9.4.120-integration.jar C:\Users\iljaf\AppData\Roaming\.minecraft\mods\projectred-1.12.2-4.9.4.120-lighting.jar C:\Users\iljaf\AppData\Roaming\.minecraft\mods\projectred-1.12.2-4.9.4.120-mechanical.jar C:\Users\iljaf\AppData\Roaming\.minecraft\mods\projectred-1.12.2-4.9.4.120-world.jar C:\Users\iljaf\AppData\Roaming\.minecraft\mods\RedstoneFlux-1.12-2.1.1.1-universal.jar C:\Users\iljaf\AppData\Roaming\.minecraft\mods\SmoothFont_mc1.12.2_2.1.jar C:\Users\iljaf\AppData\Roaming\.minecraft\mods\standardexpansion-3.4.173.jar C:\Users\iljaf\AppData\Roaming\.minecraft\mods\thermalcultivation-1.12.2-0.3.6.1-universal.jar C:\Users\iljaf\AppData\Roaming\.minecraft\mods\thermaldynamics-1.12.2-2.5.6.1-universal.jar C:\Users\iljaf\AppData\Roaming\.minecraft\mods\ThermalExpansion-1.12.2-5.5.6.1-universal.jar C:\Users\iljaf\AppData\Roaming\.minecraft\mods\ThermalFoundation-1.12.2-2.6.6.1-universal.jar C:\Users\iljaf\AppData\Roaming\.minecraft\mods\TreeChopper_1.12.2_1.2.4.jar C:\Users\iljaf\AppData\Roaming\.minecraft\mods\UniDict-1.12.2-2.9.6.jar C:\Users\iljaf\AppData\Roaming\.minecraft\mods\UnlimitedChiselWorks_1.12.2_0.3.2.jar C:\Users\iljaf\AppData\Roaming\.minecraft\mods\VariedCommodities_1.12.221nov19.jar C:\Users\iljaf\AppData\Roaming\.minecraft\mods\WailaHarvestability_mc1.12_1.1.12.jar C:\Users\iljaf\AppData\Roaming\.minecraft\mods\WanionLib-1.12.2-2.4.jar C:\Users\iljaf\AppData\Roaming\.minecraft\mods\Wawla_1.12.2_2.6.274.jar C:\Users\iljaf\AppData\Roaming\.minecraft\mods\Xtones_1.12_1.0.8_11.jar
2020-04-11 04:24:22,193 AWT-EventQueue-0 [TLauncherManager] written:  []
2020-04-11 04:24:22,213 AWT-EventQueue-0 [TLauncherManager] after clearLibrary C:\Users\iljaf\AppData\Roaming\.minecraft\mods\1.12ArmorStatusHUD_client_1.43.0.jar C:\Users\iljaf\AppData\Roaming\.minecraft\mods\1.12bspkrsCore_universal_7.6.0.1.jar C:\Users\iljaf\AppData\Roaming\.minecraft\mods\1.12StatusEffectHUD_client_1.43.0.jar C:\Users\iljaf\AppData\Roaming\.minecraft\mods\AdvancedMachines_1.12.2_61.0.1.jar C:\Users\iljaf\AppData\Roaming\.minecraft\mods\AdvancedSolarPanels_1.12.2_4.3.0.jar C:\Users\iljaf\AppData\Roaming\.minecraft\mods\ae2stuff-0.7.0.4-mc1.12.2.jar C:\Users\iljaf\AppData\Roaming\.minecraft\mods\appliedenergistics2_rv6_stable_7.jar C:\Users\iljaf\AppData\Roaming\.minecraft\mods\bdlib-1.14.3.12-mc1.12.2.jar C:\Users\iljaf\AppData\Roaming\.minecraft\mods\betterquesting-3.5.323.jar C:\Users\iljaf\AppData\Roaming\.minecraft\mods\BiblioCraftv2.4.5MC1.12.2.jar C:\Users\iljaf\AppData\Roaming\.minecraft\mods\binnie_mods_1.12.2_2.5.1.202.jar C:\Users\iljaf\AppData\Roaming\.minecraft\mods\BiomesOPlenty_1.12.2_7.0.1.2444_universal.jar C:\Users\iljaf\AppData\Roaming\.minecraft\mods\buildcraft_1.12.2_all_7.99.24.6.jar C:\Users\iljaf\AppData\Roaming\.minecraft\mods\Cathedral_1.12.2_1.9.9.jar C:\Users\iljaf\AppData\Roaming\.minecraft\mods\Chisel-MC1.12.2-1.0.2.45.jar C:\Users\iljaf\AppData\Roaming\.minecraft\mods\CodeChickenLib_1.12.2_3.2.3.358_universal.jar C:\Users\iljaf\AppData\Roaming\.minecraft\mods\CoFHCore-1.12.2-4.6.6.1-universal.jar C:\Users\iljaf\AppData\Roaming\.minecraft\mods\CoFHWorld-1.12.2-1.4.0.1-universal.jar C:\Users\iljaf\AppData\Roaming\.minecraft\mods\Cosmetic-Wings-Mod-1.12.1.jar C:\Users\iljaf\AppData\Roaming\.minecraft\mods\crafttweaker2-1.12-4.1.20.jar C:\Users\iljaf\AppData\Roaming\.minecraft\mods\CreativeCore_v1.10.4_mc1.12.2.jar C:\Users\iljaf\AppData\Roaming\.minecraft\mods\CTM-MC1.12.2-1.0.2.31.jar C:\Users\iljaf\AppData\Roaming\.minecraft\mods\CustomNPCs_1.12.2_01Oct19.jar C:\Users\iljaf\AppData\Roaming\.minecraft\mods\dlya_1.12.2.litemod C:\Users\iljaf\AppData\Roaming\.minecraft\mods\energyconverters_1.12.2_1.3.6.24.jar C:\Users\iljaf\AppData\Roaming\.minecraft\mods\engineers_doors-1.12.2-0.8.0.jar C:\Users\iljaf\AppData\Roaming\.minecraft\mods\extracells-1.12.2-2.6.5.jar C:\Users\iljaf\AppData\Roaming\.minecraft\mods\forestry_1.12.2-5.8.2.387.jar C:\Users\iljaf\AppData\Roaming\.minecraft\mods\forgemultipart-1.12.2-2.6.2.83-universal.jar C:\Users\iljaf\AppData\Roaming\.minecraft\mods\GravitationSuite_1.12.2_3.1.1.jar C:\Users\iljaf\AppData\Roaming\.minecraft\mods\Hwyla_1.8.26_B41_1.12.2.jar C:\Users\iljaf\AppData\Roaming\.minecraft\mods\ieclochecompat-2.1.7-dev.454.jar C:\Users\iljaf\AppData\Roaming\.minecraft\mods\immersivecables-1.12.2-1.3.2.jar C:\Users\iljaf\AppData\Roaming\.minecraft\mods\ImmersiveEngineering_0.12_92.jar C:\Users\iljaf\AppData\Roaming\.minecraft\mods\immersivepetroleum-1.12.2-1.1.9.jar C:\Users\iljaf\AppData\Roaming\.minecraft\mods\immersiveposts-0.1.5.jar C:\Users\iljaf\AppData\Roaming\.minecraft\mods\immersivetech-1.12-1.3.10.jar C:\Users\iljaf\AppData\Roaming\.minecraft\mods\industrialcraft_2_2.8.189_ex112.jar C:\Users\iljaf\AppData\Roaming\.minecraft\mods\InventoryTweaks_1.12.2_1.64dev.151.jar C:\Users\iljaf\AppData\Roaming\.minecraft\mods\ironchest_1.12.2_7.0.67.844.jar C:\Users\iljaf\AppData\Roaming\.minecraft\mods\ItemPhysic_Full_1.4.32_mc1.12.2.jar C:\Users\iljaf\AppData\Roaming\.minecraft\mods\jei_1.12.2_4.15.0.293.jar C:\Users\iljaf\AppData\Roaming\.minecraft\mods\journeymap_1.12.2_5.7.0.jar C:\Users\iljaf\AppData\Roaming\.minecraft\mods\liteloader_installer_1.12.2_00_SNAPSHOT.jar C:\Users\iljaf\AppData\Roaming\.minecraft\mods\Mekanism-1.12.2-9.6.4.356.jar C:\Users\iljaf\AppData\Roaming\.minecraft\mods\modtweaker-4.0.18.jar C:\Users\iljaf\AppData\Roaming\.minecraft\mods\mod_armorshudrevived_1.2.0_mc1.12.r2.litemod C:\Users\iljaf\AppData\Roaming\.minecraft\mods\mrtjpcore-1.12.2-2.1.4.43-universal.jar C:\Users\iljaf\AppData\Roaming\.minecraft\mods\MTLib-3.0.6.jar C:\Users\iljaf\AppData\Roaming\.minecraft\mods\NotEnoughItems_1.12.2_2.4.3.245_universal.jar C:\Users\iljaf\AppData\Roaming\.minecraft\mods\OptiFine_1.12.2_HD_U_F5.jar C:\Users\iljaf\AppData\Roaming\.minecraft\mods\projectred-1.12.2-4.9.4.120-base.jar C:\Users\iljaf\AppData\Roaming\.minecraft\mods\projectred-1.12.2-4.9.4.120-compat.jar C:\Users\iljaf\AppData\Roaming\.minecraft\mods\projectred-1.12.2-4.9.4.120-fabrication.jar C:\Users\iljaf\AppData\Roaming\.minecraft\mods\projectred-1.12.2-4.9.4.120-integration.jar C:\Users\iljaf\AppData\Roaming\.minecraft\mods\projectred-1.12.2-4.9.4.120-lighting.jar C:\Users\iljaf\AppData\Roaming\.minecraft\mods\projectred-1.12.2-4.9.4.120-mechanical.jar C:\Users\iljaf\AppData\Roaming\.minecraft\mods\projectred-1.12.2-4.9.4.120-world.jar C:\Users\iljaf\AppData\Roaming\.minecraft\mods\RedstoneFlux-1.12-2.1.1.1-universal.jar C:\Users\iljaf\AppData\Roaming\.minecraft\mods\SmoothFont_mc1.12.2_2.1.jar C:\Users\iljaf\AppData\Roaming\.minecraft\mods\standardexpansion-3.4.173.jar C:\Users\iljaf\AppData\Roaming\.minecraft\mods\thermalcultivation-1.12.2-0.3.6.1-universal.jar C:\Users\iljaf\AppData\Roaming\.minecraft\mods\thermaldynamics-1.12.2-2.5.6.1-universal.jar C:\Users\iljaf\AppData\Roaming\.minecraft\mods\ThermalExpansion-1.12.2-5.5.6.1-universal.jar C:\Users\iljaf\AppData\Roaming\.minecraft\mods\ThermalFoundation-1.12.2-2.6.6.1-universal.jar C:\Users\iljaf\AppData\Roaming\.minecraft\mods\TreeChopper_1.12.2_1.2.4.jar C:\Users\iljaf\AppData\Roaming\.minecraft\mods\UniDict-1.12.2-2.9.6.jar C:\Users\iljaf\AppData\Roaming\.minecraft\mods\UnlimitedChiselWorks_1.12.2_0.3.2.jar C:\Users\iljaf\AppData\Roaming\.minecraft\mods\VariedCommodities_1.12.221nov19.jar C:\Users\iljaf\AppData\Roaming\.minecraft\mods\WailaHarvestability_mc1.12_1.1.12.jar C:\Users\iljaf\AppData\Roaming\.minecraft\mods\WanionLib-1.12.2-2.4.jar C:\Users\iljaf\AppData\Roaming\.minecraft\mods\Wawla_1.12.2_2.6.274.jar C:\Users\iljaf\AppData\Roaming\.minecraft\mods\Xtones_1.12_1.0.8_11.jar
