2020-04-07 03:12:11,907 main [Loading] INITIALIZING
Starting TLauncher 2.69 RELEASE
For more information, visit https://tlauncher.org/
Startup time: Apr 7, 2020 3:12:11 AM
---
run double running protectin
[Loading] LOADING_CONFIGURATION
Loading configuration from file: C:\Users\iljaf\AppData\Roaming\.tlauncher\tlauncher-2.0.properties
[Configuration] Constant values: {}
Machine info: -------------------------------------------------------
Windows 10 10.0, Java 1.8.0_241, jvm bit x64, 16326 MB RAM
java path=C:\Program Files\Java\jre1.8.0_241\bin\javaw.exe
Intel(R) Core(TM) i7-4790K CPU @ 4.00GHz
 NVIDIA GeForce GTX 970, GeForce GTX 970, 12206 MB, NVIDIA GeForce GTX 970, GeForce GTX 970, 12206 MB
-------------------------------------------------------
Selected locale: en_US
[Loading] LOADING_CONSOLE
[Swing] Favicons loaded: 256px, 128px, 96px, 64px, 48px, 32px, 24px, 16px


2020-04-07 03:12:11,907 main [Downloader2] Loaded configuration: good
2020-04-07 03:12:12,025 ExtendedThread#4 [Updater] Requesting an update...
2020-04-07 03:12:12,026 ExtendedThread#4 [Updater] Requesting from: http://repo.tlauncher.org/update/lch/update_2.0.json
2020-04-07 03:12:12,026 ExtendedThread#4 [Updater] Making request: http://repo.tlauncher.org/update/lch/update_2.0.json?version=2.69&client=3b8af410-94a3-45ec-941a-9969f21c5800
2020-04-07 03:12:12,155 main [Browser] Loading resources...
2020-04-07 03:12:12,218 ExtendedThread#4 [Updater] Request time: 192 ms
2020-04-07 03:12:12,218 ExtendedThread#4 [Updater] Successfully requested from: http://repo.tlauncher.org/update/lch/update_2.0.json
2020-04-07 03:12:12,259 main [Browser] Loading background...
2020-04-07 03:12:12,312 main [Browser] Cleaning up after loading:
2020-04-07 03:12:12,313 main Starting garbage collector: 71 / 195 MB
2020-04-07 03:12:12,358 main Garbage collector completed: 14 / 195 MB
2020-04-07 03:12:12,360 main [Loading] LOADING_MANAGERS
2020-04-07 03:12:12,367 main [LocalVersionList] Base directory: C:\Users\iljaf\AppData\Roaming\.minecraft
2020-04-07 03:12:12,377 main [ProfileManager] Refreshing profiles from: C:\Users\iljaf\AppData\Roaming\.minecraft\TlauncherProfiles.json
2020-04-07 03:12:12,380 main [AdvertisingStatusObserver]  started to get ad information
2020-04-07 03:12:12,380 main [AdvertisingStatusObserver]  finished to get add information
2020-04-07 03:12:12,380 ExtendedThread#6 [GsonUtil]  request to http://repo.tlauncher.org/update/downloads/libraries/org/tlauncher/authlib/libraries-1.6.json
2020-04-07 03:12:12,384 main [Loading] LOADING_WINDOW
2020-04-07 03:12:12,403 JavaFX Application Thread [JFXStartPageLoader]  start load page: http://page.tlauncher.org/update/downloads/configs/client/eng.html
2020-04-07 03:12:12,409 main [Loading] PREPARING_MAINPANE
2020-04-07 03:12:12,416 JavaFX Application Thread [Browser] Running in JavaFX Thread
2020-04-07 03:12:12,417 JavaFX Application Thread [Browser] Preparing JavaFX...
2020-04-07 03:12:12,468 JavaFX Application Thread [Browser] Initializing...
2020-04-07 03:12:12,571 ExtendedThread#7 [REPO][SERVER_LIST_REPO] Success: Reached the repo in 187 ms.
2020-04-07 03:12:12,973 main [Downloader2] Loaded configuration: good
2020-04-07 03:12:13,665 JavaFX Application Thread [JFXStartPageLoader]  succeeded load page: http://page.tlauncher.org/update/downloads/configs/client/eng.html during 1
2020-04-07 03:12:13,666 JavaFX Application Thread [Browser@2146609035] Loaded successfully: "http://page.tlauncher.org/update/downloads/configs/client/eng.html"
2020-04-07 03:12:13,726 JavaFX Application Thread [Browser] add listens into server_choose
2020-04-07 03:12:13,727 JavaFX Application Thread [Browser] finished listens into server_choose
2020-04-07 03:12:14,113 main [Loading] POSTINIT_GUI
2020-04-07 03:12:14,113 main [Frame] Packing main frame...
2020-04-07 03:12:14,151 main [Frame] Resizing main pane...
2020-04-07 03:12:14,152 main Updater is already closed. Showing up...
2020-04-07 03:12:14,152 main Visibility set.
2020-04-07 03:12:14,152 main [Loading] REFRESHING_INFO
2020-04-07 03:12:14,154 ExtendedThread#4 [VersionManager] Refreshing versions remotely...
2020-04-07 03:12:14,155 ExtendedThread#6 [REPO][EXTRA_VERSION_REPO] Attempt #1; timeout: 45000 ms; url: http://repo.tlauncher.org/update/downloads/versions/new3/
2020-04-07 03:12:14,155 main Started! (2752 ms.)
2020-04-07 03:12:14,155 main [Loading] SUCCESS
2020-04-07 03:12:14,187 main [TLauncher] show tlauncher!!!
2020-04-07 03:12:14,187 main [Double running] clear time label
2020-04-07 03:12:14,242 AsyncObject#15 [REPO][SKIN_VERSION_REPO] Attempt #1; timeout: 45000 ms; url: http://repo.tlauncher.org/update/downloads/versions/new3/skin/versions/
2020-04-07 03:12:14,243 AsyncObject#14 [REPO][EXTRA_VERSION_REPO] Attempt #1; timeout: 45000 ms; url: http://repo.tlauncher.org/update/downloads/versions/new3/
2020-04-07 03:12:14,245 AsyncObject#13 [REPO][OFFICIAL_VERSION_REPO] Attempt #1; timeout: 45000 ms; url: https://launchermeta.mojang.com/mc/game/
2020-04-07 03:12:14,305 AsyncObject#15 [REPO][SKIN_VERSION_REPO] Success: Reached the repo in 63 ms.
2020-04-07 03:12:14,345 AsyncObject#15 [SkinVersionList] Got in 103 ms
2020-04-07 03:12:14,368 AsyncObject#14 [REPO][EXTRA_VERSION_REPO] Success: Reached the repo in 124 ms.
2020-04-07 03:12:14,397 AsyncObject#14 [ExtraVersionList] Got in 154 ms
2020-04-07 03:12:14,429 ExtendedThread#6 [REPO][EXTRA_VERSION_REPO] Success: Reached the repo in 274 ms.
2020-04-07 03:12:14,557 AsyncObject#13 [REPO][OFFICIAL_VERSION_REPO] Success: Reached the repo in 312 ms.
2020-04-07 03:12:14,686 AsyncObject#13 [OfficialVersionList] Got in 441 ms
2020-04-07 03:12:14,688 ExtendedThread#4 [VersionManager] Versions has been refreshed (487 ms)
2020-04-07 03:12:14,837 ExtendedThread#16 [REPO][ADD_HOT_SERVERS_REPO] Attempt #1; timeout: 45000 ms; url: http://repo.tlauncher.org/update/lch/additional_hot_servers-1.0.json
2020-04-07 03:12:14,842 ExtendedThread#6 [REPO][HOT_SERVERS_REPO] Attempt #1; timeout: 45000 ms; url: http://repo.tlauncher.org/update/lch/servers/hot_servers-1.0.json
2020-04-07 03:12:14,845 Thread-16 run server on  37842
2020-04-07 03:12:14,906 ExtendedThread#16 [REPO][ADD_HOT_SERVERS_REPO] Success: Reached the repo in 64 ms.
2020-04-07 03:12:15,219 ExtendedThread#6 [REPO][HOT_SERVERS_REPO] Success: Reached the repo in 374 ms.
2020-04-07 03:12:17,712 AWT-EventQueue-0 Good bye!
2020-04-07 03:12:17,720 AWT-EventQueue-0 [TLauncherManager] before clearLibrary C:\Users\iljaf\AppData\Roaming\.minecraft\mods\AdvancedMachines_1.12.2_61.0.1.jar C:\Users\iljaf\AppData\Roaming\.minecraft\mods\ae2stuff-0.7.0.4-mc1.12.2.jar C:\Users\iljaf\AppData\Roaming\.minecraft\mods\appliedenergistics2_rv6_stable_7.jar C:\Users\iljaf\AppData\Roaming\.minecraft\mods\bdlib-1.14.3.12-mc1.12.2.jar C:\Users\iljaf\AppData\Roaming\.minecraft\mods\CreativeCore_v1.10.4_mc1.12.2.jar C:\Users\iljaf\AppData\Roaming\.minecraft\mods\engineersdecor-1.12.2-1.0.20-b4.jar C:\Users\iljaf\AppData\Roaming\.minecraft\mods\engineers_doors-1.12.2-0.8.0.jar C:\Users\iljaf\AppData\Roaming\.minecraft\mods\ieclochecompat-2.1.7-dev.454.jar C:\Users\iljaf\AppData\Roaming\.minecraft\mods\immersivecables-1.12.2-1.3.2.jar C:\Users\iljaf\AppData\Roaming\.minecraft\mods\ImmersiveEngineering_0.12_92.jar C:\Users\iljaf\AppData\Roaming\.minecraft\mods\immersivepetroleum-1.12.2-1.1.9.jar C:\Users\iljaf\AppData\Roaming\.minecraft\mods\immersiveposts-0.1.5.jar C:\Users\iljaf\AppData\Roaming\.minecraft\mods\ImmersiveRailroading-1.7.3_1.12.2.jar C:\Users\iljaf\AppData\Roaming\.minecraft\mods\immersivetech-1.12-1.3.10.jar C:\Users\iljaf\AppData\Roaming\.minecraft\mods\industrialcraft_2_2.8.189_ex112.jar C:\Users\iljaf\AppData\Roaming\.minecraft\mods\ItemPhysic_Full_1.4.32_mc1.12.2.jar C:\Users\iljaf\AppData\Roaming\.minecraft\mods\journeymap_1.12.2_5.7.0.jar C:\Users\iljaf\AppData\Roaming\.minecraft\mods\Mekanism-1.12.2-9.6.4.356.jar C:\Users\iljaf\AppData\Roaming\.minecraft\mods\MTLib-3.0.6.jar C:\Users\iljaf\AppData\Roaming\.minecraft\mods\trackapi-1.2-1.12.2.jar C:\Users\iljaf\AppData\Roaming\.minecraft\mods\TreeChopper_1.12.2_1.2.4.jar
2020-04-07 03:12:17,746 AWT-EventQueue-0 [TLauncherManager] written:  []
2020-04-07 03:12:17,752 AWT-EventQueue-0 [TLauncherManager] after clearLibrary C:\Users\iljaf\AppData\Roaming\.minecraft\mods\AdvancedMachines_1.12.2_61.0.1.jar C:\Users\iljaf\AppData\Roaming\.minecraft\mods\ae2stuff-0.7.0.4-mc1.12.2.jar C:\Users\iljaf\AppData\Roaming\.minecraft\mods\appliedenergistics2_rv6_stable_7.jar C:\Users\iljaf\AppData\Roaming\.minecraft\mods\bdlib-1.14.3.12-mc1.12.2.jar C:\Users\iljaf\AppData\Roaming\.minecraft\mods\CreativeCore_v1.10.4_mc1.12.2.jar C:\Users\iljaf\AppData\Roaming\.minecraft\mods\engineersdecor-1.12.2-1.0.20-b4.jar C:\Users\iljaf\AppData\Roaming\.minecraft\mods\engineers_doors-1.12.2-0.8.0.jar C:\Users\iljaf\AppData\Roaming\.minecraft\mods\ieclochecompat-2.1.7-dev.454.jar C:\Users\iljaf\AppData\Roaming\.minecraft\mods\immersivecables-1.12.2-1.3.2.jar C:\Users\iljaf\AppData\Roaming\.minecraft\mods\ImmersiveEngineering_0.12_92.jar C:\Users\iljaf\AppData\Roaming\.minecraft\mods\immersivepetroleum-1.12.2-1.1.9.jar C:\Users\iljaf\AppData\Roaming\.minecraft\mods\immersiveposts-0.1.5.jar C:\Users\iljaf\AppData\Roaming\.minecraft\mods\ImmersiveRailroading-1.7.3_1.12.2.jar C:\Users\iljaf\AppData\Roaming\.minecraft\mods\immersivetech-1.12-1.3.10.jar C:\Users\iljaf\AppData\Roaming\.minecraft\mods\industrialcraft_2_2.8.189_ex112.jar C:\Users\iljaf\AppData\Roaming\.minecraft\mods\ItemPhysic_Full_1.4.32_mc1.12.2.jar C:\Users\iljaf\AppData\Roaming\.minecraft\mods\journeymap_1.12.2_5.7.0.jar C:\Users\iljaf\AppData\Roaming\.minecraft\mods\Mekanism-1.12.2-9.6.4.356.jar C:\Users\iljaf\AppData\Roaming\.minecraft\mods\MTLib-3.0.6.jar C:\Users\iljaf\AppData\Roaming\.minecraft\mods\trackapi-1.2-1.12.2.jar C:\Users\iljaf\AppData\Roaming\.minecraft\mods\TreeChopper_1.12.2_1.2.4.jar
